{"C:\\Users\\Olivia\\Desktop\\TerraCréa\\terracrea\\src\\components\\AuthNavigator.tsx": {"path":"C:\\Users\\Olivia\\Desktop\\TerraCréa\\terracrea\\src\\components\\AuthNavigator.tsx","statementMap":{"0":{"start":{"line":22,"column":14},"end":{"line":22,"column":62}},"1":{"start":{"line":24,"column":39},"end":{"line":176,"column":1}},"2":{"start":{"line":25,"column":39},"end":{"line":25,"column":55}},"3":{"start":{"line":31,"column":26},"end":{"line":33,"column":3}},"4":{"start":{"line":32,"column":4},"end":{"line":32,"column":18}},"5":{"start":{"line":35,"column":2},"end":{"line":175,"column":4}},"6":{"start":{"line":49,"column":26},"end":{"line":49,"column":30}},"7":{"start":{"line":57,"column":29},"end":{"line":57,"column":49}},"8":{"start":{"line":65,"column":29},"end":{"line":65,"column":49}},"9":{"start":{"line":73,"column":29},"end":{"line":73,"column":49}},"10":{"start":{"line":81,"column":29},"end":{"line":81,"column":49}},"11":{"start":{"line":89,"column":29},"end":{"line":89,"column":49}},"12":{"start":{"line":97,"column":29},"end":{"line":97,"column":49}},"13":{"start":{"line":105,"column":28},"end":{"line":105,"column":32}},"14":{"start":{"line":106,"column":29},"end":{"line":106,"column":49}},"15":{"start":{"line":114,"column":29},"end":{"line":114,"column":49}},"16":{"start":{"line":122,"column":29},"end":{"line":122,"column":49}},"17":{"start":{"line":130,"column":29},"end":{"line":130,"column":49}},"18":{"start":{"line":138,"column":29},"end":{"line":138,"column":49}},"19":{"start":{"line":146,"column":28},"end":{"line":146,"column":32}},"20":{"start":{"line":147,"column":29},"end":{"line":147,"column":49}},"21":{"start":{"line":155,"column":29},"end":{"line":155,"column":49}},"22":{"start":{"line":163,"column":29},"end":{"line":163,"column":49}},"23":{"start":{"line":171,"column":29},"end":{"line":171,"column":49}}},"fnMap":{"0":{"name":"(anonymous_0)","decl":{"start":{"line":24,"column":39},"end":{"line":24,"column":40}},"loc":{"start":{"line":24,"column":45},"end":{"line":176,"column":1}},"line":24},"1":{"name":"(anonymous_1)","decl":{"start":{"line":31,"column":26},"end":{"line":31,"column":27}},"loc":{"start":{"line":31,"column":58},"end":{"line":33,"column":3}},"line":31},"2":{"name":"(anonymous_2)","decl":{"start":{"line":49,"column":20},"end":{"line":49,"column":21}},"loc":{"start":{"line":49,"column":26},"end":{"line":49,"column":30}},"line":49},"3":{"name":"(anonymous_3)","decl":{"start":{"line":57,"column":23},"end":{"line":57,"column":24}},"loc":{"start":{"line":57,"column":29},"end":{"line":57,"column":49}},"line":57},"4":{"name":"(anonymous_4)","decl":{"start":{"line":65,"column":23},"end":{"line":65,"column":24}},"loc":{"start":{"line":65,"column":29},"end":{"line":65,"column":49}},"line":65},"5":{"name":"(anonymous_5)","decl":{"start":{"line":73,"column":23},"end":{"line":73,"column":24}},"loc":{"start":{"line":73,"column":29},"end":{"line":73,"column":49}},"line":73},"6":{"name":"(anonymous_6)","decl":{"start":{"line":81,"column":23},"end":{"line":81,"column":24}},"loc":{"start":{"line":81,"column":29},"end":{"line":81,"column":49}},"line":81},"7":{"name":"(anonymous_7)","decl":{"start":{"line":89,"column":23},"end":{"line":89,"column":24}},"loc":{"start":{"line":89,"column":29},"end":{"line":89,"column":49}},"line":89},"8":{"name":"(anonymous_8)","decl":{"start":{"line":97,"column":23},"end":{"line":97,"column":24}},"loc":{"start":{"line":97,"column":29},"end":{"line":97,"column":49}},"line":97},"9":{"name":"(anonymous_9)","decl":{"start":{"line":105,"column":22},"end":{"line":105,"column":23}},"loc":{"start":{"line":105,"column":28},"end":{"line":105,"column":32}},"line":105},"10":{"name":"(anonymous_10)","decl":{"start":{"line":106,"column":23},"end":{"line":106,"column":24}},"loc":{"start":{"line":106,"column":29},"end":{"line":106,"column":49}},"line":106},"11":{"name":"(anonymous_11)","decl":{"start":{"line":114,"column":23},"end":{"line":114,"column":24}},"loc":{"start":{"line":114,"column":29},"end":{"line":114,"column":49}},"line":114},"12":{"name":"(anonymous_12)","decl":{"start":{"line":122,"column":23},"end":{"line":122,"column":24}},"loc":{"start":{"line":122,"column":29},"end":{"line":122,"column":49}},"line":122},"13":{"name":"(anonymous_13)","decl":{"start":{"line":130,"column":23},"end":{"line":130,"column":24}},"loc":{"start":{"line":130,"column":29},"end":{"line":130,"column":49}},"line":130},"14":{"name":"(anonymous_14)","decl":{"start":{"line":138,"column":23},"end":{"line":138,"column":24}},"loc":{"start":{"line":138,"column":29},"end":{"line":138,"column":49}},"line":138},"15":{"name":"(anonymous_15)","decl":{"start":{"line":146,"column":22},"end":{"line":146,"column":23}},"loc":{"start":{"line":146,"column":28},"end":{"line":146,"column":32}},"line":146},"16":{"name":"(anonymous_16)","decl":{"start":{"line":147,"column":23},"end":{"line":147,"column":24}},"loc":{"start":{"line":147,"column":29},"end":{"line":147,"column":49}},"line":147},"17":{"name":"(anonymous_17)","decl":{"start":{"line":155,"column":23},"end":{"line":155,"column":24}},"loc":{"start":{"line":155,"column":29},"end":{"line":155,"column":49}},"line":155},"18":{"name":"(anonymous_18)","decl":{"start":{"line":163,"column":23},"end":{"line":163,"column":24}},"loc":{"start":{"line":163,"column":29},"end":{"line":163,"column":49}},"line":163},"19":{"name":"(anonymous_19)","decl":{"start":{"line":171,"column":23},"end":{"line":171,"column":24}},"loc":{"start":{"line":171,"column":29},"end":{"line":171,"column":49}},"line":171}},"branchMap":{},"s":{"0":0,"1":0,"2":0,"3":0,"4":0,"5":0,"6":0,"7":0,"8":0,"9":0,"10":0,"11":0,"12":0,"13":0,"14":0,"15":0,"16":0,"17":0,"18":0,"19":0,"20":0,"21":0,"22":0,"23":0},"f":{"0":0,"1":0,"2":0,"3":0,"4":0,"5":0,"6":0,"7":0,"8":0,"9":0,"10":0,"11":0,"12":0,"13":0,"14":0,"15":0,"16":0,"17":0,"18":0,"19":0},"b":{}}
,"C:\\Users\\Olivia\\Desktop\\TerraCréa\\terracrea\\src\\components\\AutoSuggestInput.tsx": {"path":"C:\\Users\\Olivia\\Desktop\\TerraCréa\\terracrea\\src\\components\\AutoSuggestInput.tsx","statementMap":{"0":{"start":{"line":13,"column":18},"end":{"line":13,"column":42}},"1":{"start":{"line":36,"column":65},"end":{"line":141,"column":1}},"2":{"start":{"line":49,"column":48},"end":{"line":49,"column":63}},"3":{"start":{"line":50,"column":56},"end":{"line":50,"column":86}},"4":{"start":{"line":51,"column":19},"end":{"line":51,"column":42}},"5":{"start":{"line":53,"column":2},"end":{"line":65,"column":43}},"6":{"start":{"line":54,"column":4},"end":{"line":64,"column":5}},"7":{"start":{"line":55,"column":23},"end":{"line":59,"column":33}},"8":{"start":{"line":57,"column":10},"end":{"line":57,"column":63}},"9":{"start":{"line":60,"column":6},"end":{"line":60,"column":39}},"10":{"start":{"line":61,"column":6},"end":{"line":61,"column":46}},"11":{"start":{"line":63,"column":6},"end":{"line":63,"column":32}},"12":{"start":{"line":67,"column":28},"end":{"line":74,"column":3}},"13":{"start":{"line":68,"column":4},"end":{"line":68,"column":23}},"14":{"start":{"line":69,"column":4},"end":{"line":73,"column":5}},"15":{"start":{"line":70,"column":6},"end":{"line":70,"column":40}},"16":{"start":{"line":71,"column":11},"end":{"line":73,"column":5}},"17":{"start":{"line":72,"column":6},"end":{"line":72,"column":36}},"18":{"start":{"line":76,"column":33},"end":{"line":81,"column":3}},"19":{"start":{"line":77,"column":4},"end":{"line":77,"column":34}},"20":{"start":{"line":78,"column":4},"end":{"line":78,"column":30}},"21":{"start":{"line":79,"column":4},"end":{"line":79,"column":37}},"22":{"start":{"line":80,"column":4},"end":{"line":80,"column":29}},"23":{"start":{"line":83,"column":27},"end":{"line":87,"column":3}},"24":{"start":{"line":84,"column":4},"end":{"line":86,"column":5}},"25":{"start":{"line":85,"column":6},"end":{"line":85,"column":31}},"26":{"start":{"line":89,"column":26},"end":{"line":92,"column":3}},"27":{"start":{"line":91,"column":4},"end":{"line":91,"column":53}},"28":{"start":{"line":91,"column":21},"end":{"line":91,"column":46}},"29":{"start":{"line":94,"column":31},"end":{"line":110,"column":3}},"30":{"start":{"line":95,"column":4},"end":{"line":109,"column":23}},"31":{"start":{"line":97,"column":21},"end":{"line":97,"column":49}},"32":{"start":{"line":112,"column":2},"end":{"line":140,"column":4}},"33":{"start":{"line":132,"column":36},"end":{"line":132,"column":43}},"34":{"start":{"line":143,"column":15},"end":{"line":206,"column":2}}},"fnMap":{"0":{"name":"(anonymous_0)","decl":{"start":{"line":36,"column":65},"end":{"line":36,"column":66}},"loc":{"start":{"line":48,"column":6},"end":{"line":141,"column":1}},"line":48},"1":{"name":"(anonymous_1)","decl":{"start":{"line":53,"column":12},"end":{"line":53,"column":13}},"loc":{"start":{"line":53,"column":18},"end":{"line":65,"column":3}},"line":53},"2":{"name":"(anonymous_2)","decl":{"start":{"line":56,"column":16},"end":{"line":56,"column":17}},"loc":{"start":{"line":57,"column":10},"end":{"line":57,"column":63}},"line":57},"3":{"name":"(anonymous_3)","decl":{"start":{"line":67,"column":28},"end":{"line":67,"column":29}},"loc":{"start":{"line":67,"column":46},"end":{"line":74,"column":3}},"line":67},"4":{"name":"(anonymous_4)","decl":{"start":{"line":76,"column":33},"end":{"line":76,"column":34}},"loc":{"start":{"line":76,"column":65},"end":{"line":81,"column":3}},"line":76},"5":{"name":"(anonymous_5)","decl":{"start":{"line":83,"column":27},"end":{"line":83,"column":28}},"loc":{"start":{"line":83,"column":33},"end":{"line":87,"column":3}},"line":83},"6":{"name":"(anonymous_6)","decl":{"start":{"line":89,"column":26},"end":{"line":89,"column":27}},"loc":{"start":{"line":89,"column":32},"end":{"line":92,"column":3}},"line":89},"7":{"name":"(anonymous_7)","decl":{"start":{"line":91,"column":15},"end":{"line":91,"column":16}},"loc":{"start":{"line":91,"column":21},"end":{"line":91,"column":46}},"line":91},"8":{"name":"(anonymous_8)","decl":{"start":{"line":94,"column":31},"end":{"line":94,"column":32}},"loc":{"start":{"line":95,"column":4},"end":{"line":109,"column":23}},"line":95},"9":{"name":"(anonymous_9)","decl":{"start":{"line":97,"column":15},"end":{"line":97,"column":16}},"loc":{"start":{"line":97,"column":21},"end":{"line":97,"column":49}},"line":97},"10":{"name":"(anonymous_10)","decl":{"start":{"line":132,"column":26},"end":{"line":132,"column":27}},"loc":{"start":{"line":132,"column":36},"end":{"line":132,"column":43}},"line":132}},"branchMap":{"0":{"loc":{"start":{"line":43,"column":2},"end":{"line":43,"column":20}},"type":"default-arg","locations":[{"start":{"line":43,"column":19},"end":{"line":43,"column":20}}],"line":43},"1":{"loc":{"start":{"line":54,"column":4},"end":{"line":64,"column":5}},"type":"if","locations":[{"start":{"line":54,"column":4},"end":{"line":64,"column":5}},{"start":{"line":62,"column":11},"end":{"line":64,"column":5}}],"line":54},"2":{"loc":{"start":{"line":54,"column":8},"end":{"line":54,"column":57}},"type":"binary-expr","locations":[{"start":{"line":54,"column":8},"end":{"line":54,"column":31}},{"start":{"line":54,"column":35},"end":{"line":54,"column":57}}],"line":54},"3":{"loc":{"start":{"line":69,"column":4},"end":{"line":73,"column":5}},"type":"if","locations":[{"start":{"line":69,"column":4},"end":{"line":73,"column":5}},{"start":{"line":71,"column":11},"end":{"line":73,"column":5}}],"line":69},"4":{"loc":{"start":{"line":69,"column":8},"end":{"line":69,"column":61}},"type":"binary-expr","locations":[{"start":{"line":69,"column":8},"end":{"line":69,"column":35}},{"start":{"line":69,"column":39},"end":{"line":69,"column":61}}],"line":69},"5":{"loc":{"start":{"line":71,"column":11},"end":{"line":73,"column":5}},"type":"if","locations":[{"start":{"line":71,"column":11},"end":{"line":73,"column":5}},{"start":{},"end":{}}],"line":71},"6":{"loc":{"start":{"line":84,"column":4},"end":{"line":86,"column":5}},"type":"if","locations":[{"start":{"line":84,"column":4},"end":{"line":86,"column":5}},{"start":{},"end":{}}],"line":84},"7":{"loc":{"start":{"line":84,"column":8},"end":{"line":84,"column":65}},"type":"binary-expr","locations":[{"start":{"line":84,"column":8},"end":{"line":84,"column":31}},{"start":{"line":84,"column":35},"end":{"line":84,"column":65}}],"line":84},"8":{"loc":{"start":{"line":100,"column":7},"end":{"line":102,"column":7}},"type":"binary-expr","locations":[{"start":{"line":100,"column":7},"end":{"line":100,"column":16}},{"start":{"line":101,"column":8},"end":{"line":101,"column":62}}],"line":100},"9":{"loc":{"start":{"line":105,"column":9},"end":{"line":107,"column":9}},"type":"binary-expr","locations":[{"start":{"line":105,"column":9},"end":{"line":105,"column":18}},{"start":{"line":106,"column":10},"end":{"line":106,"column":64}}],"line":105},"10":{"loc":{"start":{"line":127,"column":7},"end":{"line":138,"column":7}},"type":"binary-expr","locations":[{"start":{"line":127,"column":7},"end":{"line":127,"column":22}},{"start":{"line":128,"column":8},"end":{"line":137,"column":15}}],"line":127}},"s":{"0":0,"1":0,"2":0,"3":0,"4":0,"5":0,"6":0,"7":0,"8":0,"9":0,"10":0,"11":0,"12":0,"13":0,"14":0,"15":0,"16":0,"17":0,"18":0,"19":0,"20":0,"21":0,"22":0,"23":0,"24":0,"25":0,"26":0,"27":0,"28":0,"29":0,"30":0,"31":0,"32":0,"33":0,"34":0},"f":{"0":0,"1":0,"2":0,"3":0,"4":0,"5":0,"6":0,"7":0,"8":0,"9":0,"10":0},"b":{"0":[0],"1":[0,0],"2":[0,0],"3":[0,0],"4":[0,0],"5":[0,0],"6":[0,0],"7":[0,0],"8":[0,0],"9":[0,0],"10":[0,0]}}
,"C:\\Users\\Olivia\\Desktop\\TerraCréa\\terracrea\\src\\components\\CommonButton.tsx": {"path":"C:\\Users\\Olivia\\Desktop\\TerraCréa\\terracrea\\src\\components\\CommonButton.tsx","statementMap":{"0":{"start":{"line":13,"column":57},"end":{"line":54,"column":1}},"1":{"start":{"line":21,"column":25},"end":{"line":31,"column":3}},"2":{"start":{"line":22,"column":4},"end":{"line":22,"column":73}},"3":{"start":{"line":22,"column":44},"end":{"line":22,"column":73}},"4":{"start":{"line":23,"column":4},"end":{"line":30,"column":5}},"5":{"start":{"line":25,"column":8},"end":{"line":25,"column":38}},"6":{"start":{"line":27,"column":8},"end":{"line":27,"column":35}},"7":{"start":{"line":29,"column":8},"end":{"line":29,"column":36}},"8":{"start":{"line":33,"column":23},"end":{"line":43,"column":3}},"9":{"start":{"line":34,"column":4},"end":{"line":34,"column":77}},"10":{"start":{"line":34,"column":44},"end":{"line":34,"column":77}},"11":{"start":{"line":35,"column":4},"end":{"line":42,"column":5}},"12":{"start":{"line":37,"column":8},"end":{"line":37,"column":42}},"13":{"start":{"line":39,"column":8},"end":{"line":39,"column":39}},"14":{"start":{"line":41,"column":8},"end":{"line":41,"column":40}},"15":{"start":{"line":45,"column":2},"end":{"line":53,"column":4}}},"fnMap":{"0":{"name":"(anonymous_0)","decl":{"start":{"line":13,"column":57},"end":{"line":13,"column":58}},"loc":{"start":{"line":20,"column":6},"end":{"line":54,"column":1}},"line":20},"1":{"name":"(anonymous_1)","decl":{"start":{"line":21,"column":25},"end":{"line":21,"column":26}},"loc":{"start":{"line":21,"column":31},"end":{"line":31,"column":3}},"line":21},"2":{"name":"(anonymous_2)","decl":{"start":{"line":33,"column":23},"end":{"line":33,"column":24}},"loc":{"start":{"line":33,"column":29},"end":{"line":43,"column":3}},"line":33}},"branchMap":{"0":{"loc":{"start":{"line":15,"column":2},"end":{"line":15,"column":21}},"type":"default-arg","locations":[{"start":{"line":15,"column":12},"end":{"line":15,"column":21}}],"line":15},"1":{"loc":{"start":{"line":16,"column":2},"end":{"line":16,"column":17}},"type":"default-arg","locations":[{"start":{"line":16,"column":12},"end":{"line":16,"column":17}}],"line":16},"2":{"loc":{"start":{"line":22,"column":4},"end":{"line":22,"column":73}},"type":"if","locations":[{"start":{"line":22,"column":4},"end":{"line":22,"column":73}},{"start":{},"end":{}}],"line":22},"3":{"loc":{"start":{"line":22,"column":8},"end":{"line":22,"column":42}},"type":"binary-expr","locations":[{"start":{"line":22,"column":8},"end":{"line":22,"column":16}},{"start":{"line":22,"column":20},"end":{"line":22,"column":42}}],"line":22},"4":{"loc":{"start":{"line":23,"column":4},"end":{"line":30,"column":5}},"type":"switch","locations":[{"start":{"line":24,"column":6},"end":{"line":25,"column":38}},{"start":{"line":26,"column":6},"end":{"line":27,"column":35}},{"start":{"line":28,"column":6},"end":{"line":29,"column":36}}],"line":23},"5":{"loc":{"start":{"line":34,"column":4},"end":{"line":34,"column":77}},"type":"if","locations":[{"start":{"line":34,"column":4},"end":{"line":34,"column":77}},{"start":{},"end":{}}],"line":34},"6":{"loc":{"start":{"line":34,"column":8},"end":{"line":34,"column":42}},"type":"binary-expr","locations":[{"start":{"line":34,"column":8},"end":{"line":34,"column":16}},{"start":{"line":34,"column":20},"end":{"line":34,"column":42}}],"line":34},"7":{"loc":{"start":{"line":35,"column":4},"end":{"line":42,"column":5}},"type":"switch","locations":[{"start":{"line":36,"column":6},"end":{"line":37,"column":42}},{"start":{"line":38,"column":6},"end":{"line":39,"column":39}},{"start":{"line":40,"column":6},"end":{"line":41,"column":40}}],"line":35},"8":{"loc":{"start":{"line":48,"column":16},"end":{"line":48,"column":35}},"type":"binary-expr","locations":[{"start":{"line":48,"column":16},"end":{"line":48,"column":24}},{"start":{"line":48,"column":28},"end":{"line":48,"column":35}}],"line":48},"9":{"loc":{"start":{"line":51,"column":36},"end":{"line":51,"column":59}},"type":"cond-expr","locations":[{"start":{"line":51,"column":46},"end":{"line":51,"column":51}},{"start":{"line":51,"column":54},"end":{"line":51,"column":59}}],"line":51}},"s":{"0":0,"1":0,"2":0,"3":0,"4":0,"5":0,"6":0,"7":0,"8":0,"9":0,"10":0,"11":0,"12":0,"13":0,"14":0,"15":0},"f":{"0":0,"1":0,"2":0},"b":{"0":[0],"1":[0],"2":[0,0],"3":[0,0],"4":[0,0,0],"5":[0,0],"6":[0,0],"7":[0,0,0],"8":[0,0],"9":[0,0]}}
,"C:\\Users\\Olivia\\Desktop\\TerraCréa\\terracrea\\src\\components\\CommonHeader.tsx": {"path":"C:\\Users\\Olivia\\Desktop\\TerraCréa\\terracrea\\src\\components\\CommonHeader.tsx","statementMap":{"0":{"start":{"line":19,"column":57},"end":{"line":87,"column":1}},"1":{"start":{"line":25,"column":2},"end":{"line":86,"column":4}}},"fnMap":{"0":{"name":"(anonymous_0)","decl":{"start":{"line":19,"column":57},"end":{"line":19,"column":58}},"loc":{"start":{"line":24,"column":6},"end":{"line":87,"column":1}},"line":24}},"branchMap":{"0":{"loc":{"start":{"line":22,"column":2},"end":{"line":22,"column":22}},"type":"default-arg","locations":[{"start":{"line":22,"column":14},"end":{"line":22,"column":22}}],"line":22},"1":{"loc":{"start":{"line":27,"column":7},"end":{"line":39,"column":7}},"type":"cond-expr","locations":[{"start":{"line":28,"column":8},"end":{"line":36,"column":27}},{"start":{"line":38,"column":8},"end":{"line":38,"column":38}}],"line":27},"2":{"loc":{"start":{"line":43,"column":7},"end":{"line":84,"column":7}},"type":"cond-expr","locations":[{"start":{"line":44,"column":8},"end":{"line":81,"column":9}},{"start":{"line":83,"column":8},"end":{"line":83,"column":38}}],"line":43},"3":{"loc":{"start":{"line":44,"column":8},"end":{"line":81,"column":9}},"type":"cond-expr","locations":[{"start":{"line":45,"column":10},"end":{"line":45,"column":34}},{"start":{"line":47,"column":10},"end":{"line":80,"column":29}}],"line":44},"4":{"loc":{"start":{"line":49,"column":14},"end":{"line":51,"column":43}},"type":"cond-expr","locations":[{"start":{"line":50,"column":18},"end":{"line":50,"column":46}},{"start":{"line":51,"column":18},"end":{"line":51,"column":43}}],"line":49},"5":{"loc":{"start":{"line":52,"column":14},"end":{"line":54,"column":49}},"type":"binary-expr","locations":[{"start":{"line":52,"column":14},"end":{"line":52,"column":38}},{"start":{"line":53,"column":16},"end":{"line":53,"column":36}},{"start":{"line":54,"column":16},"end":{"line":54,"column":49}}],"line":52},"6":{"loc":{"start":{"line":57,"column":22},"end":{"line":57,"column":65}},"type":"binary-expr","locations":[{"start":{"line":57,"column":22},"end":{"line":57,"column":42}},{"start":{"line":57,"column":46},"end":{"line":57,"column":65}}],"line":57},"7":{"loc":{"start":{"line":61,"column":14},"end":{"line":61,"column":64}},"type":"cond-expr","locations":[{"start":{"line":61,"column":40},"end":{"line":61,"column":53}},{"start":{"line":61,"column":56},"end":{"line":61,"column":64}}],"line":61},"8":{"loc":{"start":{"line":64,"column":13},"end":{"line":79,"column":13}},"type":"cond-expr","locations":[{"start":{"line":65,"column":14},"end":{"line":68,"column":16}},{"start":{"line":70,"column":14},"end":{"line":78,"column":21}}],"line":64},"9":{"loc":{"start":{"line":67,"column":23},"end":{"line":67,"column":67}},"type":"cond-expr","locations":[{"start":{"line":67,"column":49},"end":{"line":67,"column":58}},{"start":{"line":67,"column":61},"end":{"line":67,"column":67}}],"line":67},"10":{"loc":{"start":{"line":72,"column":18},"end":{"line":74,"column":51}},"type":"cond-expr","locations":[{"start":{"line":73,"column":22},"end":{"line":73,"column":54}},{"start":{"line":74,"column":22},"end":{"line":74,"column":51}}],"line":72}},"s":{"0":0,"1":0},"f":{"0":0},"b":{"0":[0],"1":[0,0],"2":[0,0],"3":[0,0],"4":[0,0],"5":[0,0,0],"6":[0,0],"7":[0,0],"8":[0,0],"9":[0,0],"10":[0,0]}}
,"C:\\Users\\Olivia\\Desktop\\TerraCréa\\terracrea\\src\\components\\CommonInput.tsx": {"path":"C:\\Users\\Olivia\\Desktop\\TerraCréa\\terracrea\\src\\components\\CommonInput.tsx","statementMap":{"0":{"start":{"line":14,"column":55},"end":{"line":37,"column":1}},"1":{"start":{"line":21,"column":2},"end":{"line":36,"column":4}}},"fnMap":{"0":{"name":"(anonymous_0)","decl":{"start":{"line":14,"column":55},"end":{"line":14,"column":56}},"loc":{"start":{"line":20,"column":6},"end":{"line":37,"column":1}},"line":20}},"branchMap":{"0":{"loc":{"start":{"line":25,"column":35},"end":{"line":25,"column":66}},"type":"binary-expr","locations":[{"start":{"line":25,"column":35},"end":{"line":25,"column":40}},{"start":{"line":25,"column":44},"end":{"line":25,"column":66}}],"line":25},"1":{"loc":{"start":{"line":29,"column":7},"end":{"line":33,"column":7}},"type":"binary-expr","locations":[{"start":{"line":29,"column":7},"end":{"line":29,"column":16}},{"start":{"line":30,"column":8},"end":{"line":32,"column":15}}],"line":29},"2":{"loc":{"start":{"line":34,"column":7},"end":{"line":34,"column":66}},"type":"binary-expr","locations":[{"start":{"line":34,"column":7},"end":{"line":34,"column":12}},{"start":{"line":34,"column":16},"end":{"line":34,"column":66}}],"line":34}},"s":{"0":0,"1":0},"f":{"0":0},"b":{"0":[0,0],"1":[0,0],"2":[0,0]}}
,"C:\\Users\\Olivia\\Desktop\\TerraCréa\\terracrea\\src\\components\\CreationCard.tsx": {"path":"C:\\Users\\Olivia\\Desktop\\TerraCréa\\terracrea\\src\\components\\CreationCard.tsx","statementMap":{"0":{"start":{"line":17,"column":18},"end":{"line":17,"column":42}},"1":{"start":{"line":18,"column":27},"end":{"line":18,"column":29}},"2":{"start":{"line":19,"column":19},"end":{"line":19,"column":49}},"3":{"start":{"line":20,"column":20},"end":{"line":20,"column":23}},"4":{"start":{"line":30,"column":57},"end":{"line":242,"column":1}},"5":{"start":{"line":37,"column":29},"end":{"line":45,"column":3}},"6":{"start":{"line":38,"column":17},"end":{"line":38,"column":37}},"7":{"start":{"line":39,"column":48},"end":{"line":43,"column":5}},"8":{"start":{"line":44,"column":4},"end":{"line":44,"column":53}},"9":{"start":{"line":48,"column":23},"end":{"line":55,"column":3}},"10":{"start":{"line":49,"column":4},"end":{"line":49,"column":49}},"11":{"start":{"line":49,"column":39},"end":{"line":49,"column":49}},"12":{"start":{"line":50,"column":22},"end":{"line":52,"column":31}},"13":{"start":{"line":51,"column":23},"end":{"line":51,"column":78}},"14":{"start":{"line":52,"column":20},"end":{"line":52,"column":30}},"15":{"start":{"line":54,"column":4},"end":{"line":54,"column":21}},"16":{"start":{"line":57,"column":20},"end":{"line":57,"column":43}},"17":{"start":{"line":59,"column":2},"end":{"line":241,"column":4}},"18":{"start":{"line":78,"column":29},"end":{"line":78,"column":54}},"19":{"start":{"line":172,"column":20},"end":{"line":174,"column":27}},"20":{"start":{"line":228,"column":29},"end":{"line":228,"column":42}},"21":{"start":{"line":244,"column":15},"end":{"line":502,"column":2}}},"fnMap":{"0":{"name":"(anonymous_0)","decl":{"start":{"line":30,"column":57},"end":{"line":30,"column":58}},"loc":{"start":{"line":36,"column":6},"end":{"line":242,"column":1}},"line":36},"1":{"name":"(anonymous_1)","decl":{"start":{"line":37,"column":29},"end":{"line":37,"column":30}},"loc":{"start":{"line":37,"column":53},"end":{"line":45,"column":3}},"line":37},"2":{"name":"(anonymous_2)","decl":{"start":{"line":48,"column":23},"end":{"line":48,"column":24}},"loc":{"start":{"line":48,"column":69},"end":{"line":55,"column":3}},"line":48},"3":{"name":"(anonymous_3)","decl":{"start":{"line":51,"column":14},"end":{"line":51,"column":15}},"loc":{"start":{"line":51,"column":23},"end":{"line":51,"column":78}},"line":51},"4":{"name":"(anonymous_4)","decl":{"start":{"line":52,"column":11},"end":{"line":52,"column":12}},"loc":{"start":{"line":52,"column":20},"end":{"line":52,"column":30}},"line":52},"5":{"name":"(anonymous_5)","decl":{"start":{"line":78,"column":23},"end":{"line":78,"column":24}},"loc":{"start":{"line":78,"column":29},"end":{"line":78,"column":54}},"line":78},"6":{"name":"(anonymous_6)","decl":{"start":{"line":171,"column":45},"end":{"line":171,"column":46}},"loc":{"start":{"line":172,"column":20},"end":{"line":174,"column":27}},"line":172},"7":{"name":"(anonymous_7)","decl":{"start":{"line":228,"column":23},"end":{"line":228,"column":24}},"loc":{"start":{"line":228,"column":29},"end":{"line":228,"column":42}},"line":228}},"branchMap":{"0":{"loc":{"start":{"line":49,"column":4},"end":{"line":49,"column":49}},"type":"if","locations":[{"start":{"line":49,"column":4},"end":{"line":49,"column":49}},{"start":{},"end":{}}],"line":49},"1":{"loc":{"start":{"line":49,"column":8},"end":{"line":49,"column":37}},"type":"binary-expr","locations":[{"start":{"line":49,"column":8},"end":{"line":49,"column":13}},{"start":{"line":49,"column":17},"end":{"line":49,"column":37}}],"line":49},"2":{"loc":{"start":{"line":51,"column":23},"end":{"line":51,"column":78}},"type":"binary-expr","locations":[{"start":{"line":51,"column":23},"end":{"line":51,"column":26}},{"start":{"line":51,"column":30},"end":{"line":51,"column":53}},{"start":{"line":51,"column":57},"end":{"line":51,"column":78}}],"line":51},"3":{"loc":{"start":{"line":72,"column":11},"end":{"line":93,"column":11}},"type":"binary-expr","locations":[{"start":{"line":72,"column":11},"end":{"line":72,"column":26}},{"start":{"line":73,"column":12},"end":{"line":92,"column":31}}],"line":72},"4":{"loc":{"start":{"line":76,"column":16},"end":{"line":76,"column":58}},"type":"binary-expr","locations":[{"start":{"line":76,"column":16},"end":{"line":76,"column":26}},{"start":{"line":76,"column":30},"end":{"line":76,"column":58}}],"line":76},"5":{"loc":{"start":{"line":87,"column":18},"end":{"line":87,"column":64}},"type":"binary-expr","locations":[{"start":{"line":87,"column":18},"end":{"line":87,"column":28}},{"start":{"line":87,"column":32},"end":{"line":87,"column":64}}],"line":87},"6":{"loc":{"start":{"line":90,"column":17},"end":{"line":90,"column":39}},"type":"cond-expr","locations":[{"start":{"line":90,"column":30},"end":{"line":90,"column":33}},{"start":{"line":90,"column":36},"end":{"line":90,"column":39}}],"line":90},"7":{"loc":{"start":{"line":98,"column":16},"end":{"line":98,"column":31}},"type":"binary-expr","locations":[{"start":{"line":98,"column":16},"end":{"line":98,"column":26}},{"start":{"line":98,"column":30},"end":{"line":98,"column":31}}],"line":98},"8":{"loc":{"start":{"line":106,"column":20},"end":{"line":106,"column":36}},"type":"binary-expr","locations":[{"start":{"line":106,"column":20},"end":{"line":106,"column":31}},{"start":{"line":106,"column":35},"end":{"line":106,"column":36}}],"line":106},"9":{"loc":{"start":{"line":109,"column":18},"end":{"line":109,"column":39}},"type":"binary-expr","locations":[{"start":{"line":109,"column":18},"end":{"line":109,"column":34}},{"start":{"line":109,"column":38},"end":{"line":109,"column":39}}],"line":109},"10":{"loc":{"start":{"line":117,"column":15},"end":{"line":119,"column":33}},"type":"cond-expr","locations":[{"start":{"line":118,"column":18},"end":{"line":118,"column":52}},{"start":{"line":119,"column":18},"end":{"line":119,"column":33}}],"line":117},"11":{"loc":{"start":{"line":135,"column":35},"end":{"line":139,"column":35}},"type":"cond-expr","locations":[{"start":{"line":138,"column":22},"end":{"line":138,"column":31}},{"start":{"line":139,"column":22},"end":{"line":139,"column":35}}],"line":135},"12":{"loc":{"start":{"line":136,"column":20},"end":{"line":136,"column":76}},"type":"cond-expr","locations":[{"start":{"line":136,"column":53},"end":{"line":136,"column":69}},{"start":{"line":136,"column":72},"end":{"line":136,"column":76}}],"line":136},"13":{"loc":{"start":{"line":144,"column":16},"end":{"line":146,"column":36}},"type":"cond-expr","locations":[{"start":{"line":145,"column":20},"end":{"line":145,"column":32}},{"start":{"line":146,"column":20},"end":{"line":146,"column":36}}],"line":144},"14":{"loc":{"start":{"line":144,"column":17},"end":{"line":144,"column":73}},"type":"cond-expr","locations":[{"start":{"line":144,"column":50},"end":{"line":144,"column":66}},{"start":{"line":144,"column":69},"end":{"line":144,"column":73}}],"line":144},"15":{"loc":{"start":{"line":158,"column":15},"end":{"line":161,"column":64}},"type":"binary-expr","locations":[{"start":{"line":158,"column":15},"end":{"line":158,"column":40}},{"start":{"line":159,"column":17},"end":{"line":161,"column":63}}],"line":158},"16":{"loc":{"start":{"line":159,"column":17},"end":{"line":161,"column":63}},"type":"cond-expr","locations":[{"start":{"line":160,"column":20},"end":{"line":160,"column":72}},{"start":{"line":161,"column":20},"end":{"line":161,"column":63}}],"line":159},"17":{"loc":{"start":{"line":159,"column":17},"end":{"line":159,"column":66}},"type":"binary-expr","locations":[{"start":{"line":159,"column":17},"end":{"line":159,"column":40}},{"start":{"line":159,"column":44},"end":{"line":159,"column":66}}],"line":159},"18":{"loc":{"start":{"line":161,"column":20},"end":{"line":161,"column":63}},"type":"binary-expr","locations":[{"start":{"line":161,"column":20},"end":{"line":161,"column":42}},{"start":{"line":161,"column":46},"end":{"line":161,"column":63}}],"line":161},"19":{"loc":{"start":{"line":169,"column":15},"end":{"line":208,"column":15}},"type":"cond-expr","locations":[{"start":{"line":170,"column":16},"end":{"line":179,"column":19}},{"start":{"line":182,"column":16},"end":{"line":207,"column":19}}],"line":169},"20":{"loc":{"start":{"line":176,"column":19},"end":{"line":178,"column":19}},"type":"binary-expr","locations":[{"start":{"line":176,"column":19},"end":{"line":176,"column":39}},{"start":{"line":177,"column":20},"end":{"line":177,"column":80}}],"line":176},"21":{"loc":{"start":{"line":189,"column":23},"end":{"line":194,"column":40}},"type":"binary-expr","locations":[{"start":{"line":189,"column":23},"end":{"line":189,"column":56}},{"start":{"line":190,"column":25},"end":{"line":194,"column":39}}],"line":189},"22":{"loc":{"start":{"line":190,"column":25},"end":{"line":194,"column":39}},"type":"cond-expr","locations":[{"start":{"line":191,"column":28},"end":{"line":193,"column":60}},{"start":{"line":194,"column":28},"end":{"line":194,"column":39}}],"line":190},"23":{"loc":{"start":{"line":191,"column":28},"end":{"line":193,"column":60}},"type":"binary-expr","locations":[{"start":{"line":191,"column":28},"end":{"line":193,"column":29}},{"start":{"line":193,"column":33},"end":{"line":193,"column":60}}],"line":191},"24":{"loc":{"start":{"line":200,"column":23},"end":{"line":204,"column":35}},"type":"cond-expr","locations":[{"start":{"line":201,"column":26},"end":{"line":201,"column":37}},{"start":{"line":202,"column":26},"end":{"line":204,"column":35}}],"line":200},"25":{"loc":{"start":{"line":200,"column":24},"end":{"line":200,"column":39}},"type":"binary-expr","locations":[{"start":{"line":200,"column":24},"end":{"line":200,"column":34}},{"start":{"line":200,"column":38},"end":{"line":200,"column":39}}],"line":200},"26":{"loc":{"start":{"line":202,"column":26},"end":{"line":204,"column":35}},"type":"cond-expr","locations":[{"start":{"line":203,"column":26},"end":{"line":203,"column":35}},{"start":{"line":204,"column":26},"end":{"line":204,"column":35}}],"line":202},"27":{"loc":{"start":{"line":202,"column":27},"end":{"line":202,"column":42}},"type":"binary-expr","locations":[{"start":{"line":202,"column":27},"end":{"line":202,"column":37}},{"start":{"line":202,"column":41},"end":{"line":202,"column":42}}],"line":202},"28":{"loc":{"start":{"line":217,"column":17},"end":{"line":221,"column":34}},"type":"binary-expr","locations":[{"start":{"line":217,"column":17},"end":{"line":217,"column":35}},{"start":{"line":218,"column":19},"end":{"line":221,"column":33}}],"line":217},"29":{"loc":{"start":{"line":218,"column":19},"end":{"line":221,"column":33}},"type":"cond-expr","locations":[{"start":{"line":219,"column":22},"end":{"line":220,"column":49}},{"start":{"line":221,"column":22},"end":{"line":221,"column":33}}],"line":218},"30":{"loc":{"start":{"line":219,"column":22},"end":{"line":220,"column":49}},"type":"binary-expr","locations":[{"start":{"line":219,"column":22},"end":{"line":219,"column":72}},{"start":{"line":220,"column":22},"end":{"line":220,"column":49}}],"line":219},"31":{"loc":{"start":{"line":232,"column":16},"end":{"line":232,"column":40}},"type":"binary-expr","locations":[{"start":{"line":232,"column":16},"end":{"line":232,"column":26}},{"start":{"line":232,"column":30},"end":{"line":232,"column":40}}],"line":232}},"s":{"0":0,"1":0,"2":0,"3":0,"4":0,"5":0,"6":0,"7":0,"8":0,"9":0,"10":0,"11":0,"12":0,"13":0,"14":0,"15":0,"16":0,"17":0,"18":0,"19":0,"20":0,"21":0},"f":{"0":0,"1":0,"2":0,"3":0,"4":0,"5":0,"6":0,"7":0},"b":{"0":[0,0],"1":[0,0],"2":[0,0,0],"3":[0,0],"4":[0,0],"5":[0,0],"6":[0,0],"7":[0,0],"8":[0,0],"9":[0,0],"10":[0,0],"11":[0,0],"12":[0,0],"13":[0,0],"14":[0,0],"15":[0,0],"16":[0,0],"17":[0,0],"18":[0,0],"19":[0,0],"20":[0,0],"21":[0,0],"22":[0,0],"23":[0,0],"24":[0,0],"25":[0,0],"26":[0,0],"27":[0,0],"28":[0,0],"29":[0,0],"30":[0,0],"31":[0,0]}}
,"C:\\Users\\Olivia\\Desktop\\TerraCréa\\terracrea\\src\\components\\FloatingFavoritesButton.tsx": {"path":"C:\\Users\\Olivia\\Desktop\\TerraCréa\\terracrea\\src\\components\\FloatingFavoritesButton.tsx","statementMap":{"0":{"start":{"line":14,"column":49},"end":{"line":78,"column":1}},"1":{"start":{"line":15,"column":21},"end":{"line":15,"column":36}},"2":{"start":{"line":16,"column":21},"end":{"line":16,"column":42}},"3":{"start":{"line":17,"column":32},"end":{"line":17,"column":46}},"4":{"start":{"line":18,"column":25},"end":{"line":18,"column":44}},"5":{"start":{"line":20,"column":22},"end":{"line":37,"column":3}},"6":{"start":{"line":22,"column":4},"end":{"line":33,"column":15}},"7":{"start":{"line":36,"column":4},"end":{"line":36,"column":46}},"8":{"start":{"line":40,"column":20},"end":{"line":49,"column":3}},"9":{"start":{"line":41,"column":4},"end":{"line":48,"column":10}},"10":{"start":{"line":51,"column":2},"end":{"line":77,"column":4}},"11":{"start":{"line":80,"column":15},"end":{"line":124,"column":2}}},"fnMap":{"0":{"name":"(anonymous_0)","decl":{"start":{"line":14,"column":49},"end":{"line":14,"column":50}},"loc":{"start":{"line":14,"column":55},"end":{"line":78,"column":1}},"line":14},"1":{"name":"(anonymous_1)","decl":{"start":{"line":20,"column":22},"end":{"line":20,"column":23}},"loc":{"start":{"line":20,"column":28},"end":{"line":37,"column":3}},"line":20},"2":{"name":"(anonymous_2)","decl":{"start":{"line":40,"column":20},"end":{"line":40,"column":21}},"loc":{"start":{"line":41,"column":4},"end":{"line":48,"column":10}},"line":41}},"branchMap":{"0":{"loc":{"start":{"line":68,"column":9},"end":{"line":74,"column":9}},"type":"binary-expr","locations":[{"start":{"line":68,"column":9},"end":{"line":68,"column":27}},{"start":{"line":69,"column":10},"end":{"line":73,"column":17}}],"line":68},"1":{"loc":{"start":{"line":71,"column":15},"end":{"line":71,"column":59}},"type":"cond-expr","locations":[{"start":{"line":71,"column":37},"end":{"line":71,"column":42}},{"start":{"line":71,"column":45},"end":{"line":71,"column":59}}],"line":71}},"s":{"0":0,"1":0,"2":0,"3":0,"4":0,"5":0,"6":0,"7":0,"8":0,"9":0,"10":0,"11":0},"f":{"0":0,"1":0,"2":0},"b":{"0":[0,0],"1":[0,0]}}
,"C:\\Users\\Olivia\\Desktop\\TerraCréa\\terracrea\\src\\components\\FloatingSearchButton.tsx": {"path":"C:\\Users\\Olivia\\Desktop\\TerraCréa\\terracrea\\src\\components\\FloatingSearchButton.tsx","statementMap":{"0":{"start":{"line":7,"column":46},"end":{"line":61,"column":1}},"1":{"start":{"line":8,"column":21},"end":{"line":8,"column":36}},"2":{"start":{"line":9,"column":21},"end":{"line":9,"column":42}},"3":{"start":{"line":11,"column":22},"end":{"line":28,"column":3}},"4":{"start":{"line":13,"column":4},"end":{"line":24,"column":15}},"5":{"start":{"line":27,"column":4},"end":{"line":27,"column":43}},"6":{"start":{"line":31,"column":21},"end":{"line":41,"column":3}},"7":{"start":{"line":32,"column":4},"end":{"line":40,"column":10}},"8":{"start":{"line":43,"column":2},"end":{"line":60,"column":4}},"9":{"start":{"line":63,"column":15},"end":{"line":88,"column":2}}},"fnMap":{"0":{"name":"(anonymous_0)","decl":{"start":{"line":7,"column":46},"end":{"line":7,"column":47}},"loc":{"start":{"line":7,"column":52},"end":{"line":61,"column":1}},"line":7},"1":{"name":"(anonymous_1)","decl":{"start":{"line":11,"column":22},"end":{"line":11,"column":23}},"loc":{"start":{"line":11,"column":28},"end":{"line":28,"column":3}},"line":11},"2":{"name":"(anonymous_2)","decl":{"start":{"line":31,"column":21},"end":{"line":31,"column":22}},"loc":{"start":{"line":32,"column":4},"end":{"line":40,"column":10}},"line":32}},"branchMap":{},"s":{"0":0,"1":0,"2":0,"3":0,"4":0,"5":0,"6":0,"7":0,"8":0,"9":0},"f":{"0":0,"1":0,"2":0},"b":{}}
,"C:\\Users\\Olivia\\Desktop\\TerraCréa\\terracrea\\src\\components\\Header.tsx": {"path":"C:\\Users\\Olivia\\Desktop\\TerraCréa\\terracrea\\src\\components\\Header.tsx","statementMap":{"0":{"start":{"line":20,"column":45},"end":{"line":107,"column":1}},"1":{"start":{"line":26,"column":4},"end":{"line":26,"column":66}},"2":{"start":{"line":28,"column":26},"end":{"line":34,"column":3}},"3":{"start":{"line":29,"column":4},"end":{"line":33,"column":5}},"4":{"start":{"line":30,"column":6},"end":{"line":30,"column":20}},"5":{"start":{"line":32,"column":6},"end":{"line":32,"column":26}},"6":{"start":{"line":37,"column":24},"end":{"line":76,"column":4}},"7":{"start":{"line":78,"column":2},"end":{"line":106,"column":4}},"8":{"start":{"line":109,"column":15},"end":{"line":124,"column":2}}},"fnMap":{"0":{"name":"(anonymous_0)","decl":{"start":{"line":20,"column":45},"end":{"line":20,"column":46}},"loc":{"start":{"line":24,"column":6},"end":{"line":107,"column":1}},"line":24},"1":{"name":"(anonymous_1)","decl":{"start":{"line":28,"column":26},"end":{"line":28,"column":27}},"loc":{"start":{"line":28,"column":32},"end":{"line":34,"column":3}},"line":28}},"branchMap":{"0":{"loc":{"start":{"line":22,"column":2},"end":{"line":22,"column":24}},"type":"default-arg","locations":[{"start":{"line":22,"column":19},"end":{"line":22,"column":24}}],"line":22},"1":{"loc":{"start":{"line":29,"column":4},"end":{"line":33,"column":5}},"type":"if","locations":[{"start":{"line":29,"column":4},"end":{"line":33,"column":5}},{"start":{"line":31,"column":11},"end":{"line":33,"column":5}}],"line":29},"2":{"loc":{"start":{"line":83,"column":11},"end":{"line":92,"column":11}},"type":"cond-expr","locations":[{"start":{"line":84,"column":12},"end":{"line":89,"column":31}},{"start":{"line":91,"column":12},"end":{"line":91,"column":75}}],"line":83},"3":{"loc":{"start":{"line":91,"column":47},"end":{"line":91,"column":67}},"type":"binary-expr","locations":[{"start":{"line":91,"column":47},"end":{"line":91,"column":52}},{"start":{"line":91,"column":56},"end":{"line":91,"column":67}}],"line":91},"4":{"loc":{"start":{"line":96,"column":9},"end":{"line":100,"column":9}},"type":"binary-expr","locations":[{"start":{"line":96,"column":9},"end":{"line":96,"column":23}},{"start":{"line":96,"column":27},"end":{"line":96,"column":32}},{"start":{"line":97,"column":10},"end":{"line":99,"column":17}}],"line":96}},"s":{"0":0,"1":0,"2":0,"3":0,"4":0,"5":0,"6":0,"7":0,"8":0},"f":{"0":0,"1":0},"b":{"0":[0],"1":[0,0],"2":[0,0],"3":[0,0],"4":[0,0,0]}}
,"C:\\Users\\Olivia\\Desktop\\TerraCréa\\terracrea\\src\\components\\NavigationHeader.tsx": {"path":"C:\\Users\\Olivia\\Desktop\\TerraCréa\\terracrea\\src\\components\\NavigationHeader.tsx","statementMap":{"0":{"start":{"line":11,"column":42},"end":{"line":176,"column":1}},"1":{"start":{"line":13,"column":4},"end":{"line":13,"column":66}},"2":{"start":{"line":14,"column":45},"end":{"line":14,"column":61}},"3":{"start":{"line":16,"column":24},"end":{"line":27,"column":3}},"4":{"start":{"line":17,"column":4},"end":{"line":26,"column":5}},"5":{"start":{"line":18,"column":21},"end":{"line":18,"column":36}},"6":{"start":{"line":20,"column":6},"end":{"line":23,"column":7}},"7":{"start":{"line":22,"column":8},"end":{"line":22,"column":38}},"8":{"start":{"line":29,"column":29},"end":{"line":35,"column":3}},"9":{"start":{"line":30,"column":4},"end":{"line":34,"column":5}},"10":{"start":{"line":31,"column":6},"end":{"line":31,"column":36}},"11":{"start":{"line":33,"column":6},"end":{"line":33,"column":39}},"12":{"start":{"line":37,"column":25},"end":{"line":57,"column":3}},"13":{"start":{"line":38,"column":4},"end":{"line":38,"column":25}},"14":{"start":{"line":38,"column":15},"end":{"line":38,"column":25}},"15":{"start":{"line":40,"column":4},"end":{"line":42,"column":5}},"16":{"start":{"line":41,"column":6},"end":{"line":41,"column":34}},"17":{"start":{"line":44,"column":4},"end":{"line":46,"column":5}},"18":{"start":{"line":45,"column":6},"end":{"line":45,"column":50}},"19":{"start":{"line":48,"column":4},"end":{"line":50,"column":5}},"20":{"start":{"line":49,"column":6},"end":{"line":49,"column":28}},"21":{"start":{"line":52,"column":4},"end":{"line":54,"column":5}},"22":{"start":{"line":53,"column":6},"end":{"line":53,"column":38}},"23":{"start":{"line":56,"column":4},"end":{"line":56,"column":25}},"24":{"start":{"line":60,"column":24},"end":{"line":124,"column":4}},"25":{"start":{"line":126,"column":2},"end":{"line":175,"column":4}},"26":{"start":{"line":168,"column":27},"end":{"line":168,"column":59}},"27":{"start":{"line":178,"column":15},"end":{"line":208,"column":2}}},"fnMap":{"0":{"name":"(anonymous_0)","decl":{"start":{"line":11,"column":42},"end":{"line":11,"column":43}},"loc":{"start":{"line":11,"column":48},"end":{"line":176,"column":1}},"line":11},"1":{"name":"(anonymous_1)","decl":{"start":{"line":16,"column":24},"end":{"line":16,"column":25}},"loc":{"start":{"line":16,"column":36},"end":{"line":27,"column":3}},"line":16},"2":{"name":"(anonymous_2)","decl":{"start":{"line":29,"column":29},"end":{"line":29,"column":30}},"loc":{"start":{"line":29,"column":35},"end":{"line":35,"column":3}},"line":29},"3":{"name":"(anonymous_3)","decl":{"start":{"line":37,"column":25},"end":{"line":37,"column":26}},"loc":{"start":{"line":37,"column":31},"end":{"line":57,"column":3}},"line":37},"4":{"name":"(anonymous_4)","decl":{"start":{"line":168,"column":21},"end":{"line":168,"column":22}},"loc":{"start":{"line":168,"column":27},"end":{"line":168,"column":59}},"line":168}},"branchMap":{"0":{"loc":{"start":{"line":20,"column":6},"end":{"line":23,"column":7}},"type":"if","locations":[{"start":{"line":20,"column":6},"end":{"line":23,"column":7}},{"start":{},"end":{}}],"line":20},"1":{"loc":{"start":{"line":30,"column":4},"end":{"line":34,"column":5}},"type":"if","locations":[{"start":{"line":30,"column":4},"end":{"line":34,"column":5}},{"start":{"line":32,"column":11},"end":{"line":34,"column":5}}],"line":30},"2":{"loc":{"start":{"line":38,"column":4},"end":{"line":38,"column":25}},"type":"if","locations":[{"start":{"line":38,"column":4},"end":{"line":38,"column":25}},{"start":{},"end":{}}],"line":38},"3":{"loc":{"start":{"line":40,"column":4},"end":{"line":42,"column":5}},"type":"if","locations":[{"start":{"line":40,"column":4},"end":{"line":42,"column":5}},{"start":{},"end":{}}],"line":40},"4":{"loc":{"start":{"line":40,"column":8},"end":{"line":40,"column":45}},"type":"binary-expr","locations":[{"start":{"line":40,"column":8},"end":{"line":40,"column":21}},{"start":{"line":40,"column":25},"end":{"line":40,"column":45}}],"line":40},"5":{"loc":{"start":{"line":44,"column":4},"end":{"line":46,"column":5}},"type":"if","locations":[{"start":{"line":44,"column":4},"end":{"line":46,"column":5}},{"start":{},"end":{}}],"line":44},"6":{"loc":{"start":{"line":44,"column":8},"end":{"line":44,"column":39}},"type":"binary-expr","locations":[{"start":{"line":44,"column":8},"end":{"line":44,"column":22}},{"start":{"line":44,"column":26},"end":{"line":44,"column":39}}],"line":44},"7":{"loc":{"start":{"line":48,"column":4},"end":{"line":50,"column":5}},"type":"if","locations":[{"start":{"line":48,"column":4},"end":{"line":50,"column":5}},{"start":{},"end":{}}],"line":48},"8":{"loc":{"start":{"line":52,"column":4},"end":{"line":54,"column":5}},"type":"if","locations":[{"start":{"line":52,"column":4},"end":{"line":54,"column":5}},{"start":{},"end":{}}],"line":52},"9":{"loc":{"start":{"line":128,"column":7},"end":{"line":173,"column":7}},"type":"cond-expr","locations":[{"start":{"line":129,"column":8},"end":{"line":158,"column":15}},{"start":{"line":160,"column":8},"end":{"line":172,"column":15}}],"line":128},"10":{"loc":{"start":{"line":134,"column":16},"end":{"line":135,"column":47}},"type":"binary-expr","locations":[{"start":{"line":134,"column":17},"end":{"line":134,"column":32}},{"start":{"line":134,"column":36},"end":{"line":134,"column":66}},{"start":{"line":135,"column":18},"end":{"line":135,"column":47}}],"line":134}},"s":{"0":0,"1":0,"2":0,"3":0,"4":0,"5":0,"6":0,"7":0,"8":0,"9":0,"10":0,"11":0,"12":0,"13":0,"14":0,"15":0,"16":0,"17":0,"18":0,"19":0,"20":0,"21":0,"22":0,"23":0,"24":0,"25":0,"26":0,"27":0},"f":{"0":0,"1":0,"2":0,"3":0,"4":0},"b":{"0":[0,0],"1":[0,0],"2":[0,0],"3":[0,0],"4":[0,0],"5":[0,0],"6":[0,0],"7":[0,0],"8":[0,0],"9":[0,0],"10":[0,0,0]}}
,"C:\\Users\\Olivia\\Desktop\\TerraCréa\\terracrea\\src\\components\\NotificationToast.tsx": {"path":"C:\\Users\\Olivia\\Desktop\\TerraCréa\\terracrea\\src\\components\\NotificationToast.tsx","statementMap":{"0":{"start":{"line":21,"column":18},"end":{"line":21,"column":42}},"1":{"start":{"line":23,"column":67},"end":{"line":181,"column":1}},"2":{"start":{"line":31,"column":21},"end":{"line":31,"column":52}},"3":{"start":{"line":32,"column":22},"end":{"line":32,"column":56}},"4":{"start":{"line":35,"column":2},"end":{"line":58,"column":16}},"5":{"start":{"line":36,"column":4},"end":{"line":57,"column":5}},"6":{"start":{"line":38,"column":6},"end":{"line":49,"column":17}},"7":{"start":{"line":52,"column":20},"end":{"line":54,"column":18}},"8":{"start":{"line":53,"column":8},"end":{"line":53,"column":20}},"9":{"start":{"line":56,"column":6},"end":{"line":56,"column":39}},"10":{"start":{"line":56,"column":19},"end":{"line":56,"column":38}},"11":{"start":{"line":60,"column":20},"end":{"line":75,"column":3}},"12":{"start":{"line":61,"column":4},"end":{"line":74,"column":7}},"13":{"start":{"line":73,"column":6},"end":{"line":73,"column":16}},"14":{"start":{"line":77,"column":29},"end":{"line":90,"column":3}},"15":{"start":{"line":78,"column":4},"end":{"line":89,"column":5}},"16":{"start":{"line":80,"column":8},"end":{"line":80,"column":30}},"17":{"start":{"line":82,"column":8},"end":{"line":82,"column":29}},"18":{"start":{"line":84,"column":8},"end":{"line":84,"column":30}},"19":{"start":{"line":86,"column":8},"end":{"line":86,"column":30}},"20":{"start":{"line":88,"column":8},"end":{"line":88,"column":30}},"21":{"start":{"line":92,"column":18},"end":{"line":105,"column":3}},"22":{"start":{"line":93,"column":4},"end":{"line":104,"column":5}},"23":{"start":{"line":95,"column":8},"end":{"line":95,"column":19}},"24":{"start":{"line":97,"column":8},"end":{"line":97,"column":19}},"25":{"start":{"line":99,"column":8},"end":{"line":99,"column":19}},"26":{"start":{"line":101,"column":8},"end":{"line":101,"column":19}},"27":{"start":{"line":103,"column":8},"end":{"line":103,"column":19}},"28":{"start":{"line":108,"column":24},"end":{"line":152,"column":4}},"29":{"start":{"line":154,"column":2},"end":{"line":154,"column":28}},"30":{"start":{"line":154,"column":16},"end":{"line":154,"column":28}},"31":{"start":{"line":156,"column":2},"end":{"line":180,"column":4}},"32":{"start":{"line":183,"column":15},"end":{"line":202,"column":2}}},"fnMap":{"0":{"name":"(anonymous_0)","decl":{"start":{"line":23,"column":67},"end":{"line":23,"column":68}},"loc":{"start":{"line":30,"column":6},"end":{"line":181,"column":1}},"line":30},"1":{"name":"(anonymous_1)","decl":{"start":{"line":35,"column":12},"end":{"line":35,"column":13}},"loc":{"start":{"line":35,"column":18},"end":{"line":58,"column":3}},"line":35},"2":{"name":"(anonymous_2)","decl":{"start":{"line":52,"column":31},"end":{"line":52,"column":32}},"loc":{"start":{"line":52,"column":37},"end":{"line":54,"column":7}},"line":52},"3":{"name":"(anonymous_3)","decl":{"start":{"line":56,"column":13},"end":{"line":56,"column":14}},"loc":{"start":{"line":56,"column":19},"end":{"line":56,"column":38}},"line":56},"4":{"name":"(anonymous_4)","decl":{"start":{"line":60,"column":20},"end":{"line":60,"column":21}},"loc":{"start":{"line":60,"column":26},"end":{"line":75,"column":3}},"line":60},"5":{"name":"(anonymous_5)","decl":{"start":{"line":72,"column":13},"end":{"line":72,"column":14}},"loc":{"start":{"line":72,"column":19},"end":{"line":74,"column":5}},"line":72},"6":{"name":"(anonymous_6)","decl":{"start":{"line":77,"column":29},"end":{"line":77,"column":30}},"loc":{"start":{"line":77,"column":35},"end":{"line":90,"column":3}},"line":77},"7":{"name":"(anonymous_7)","decl":{"start":{"line":92,"column":18},"end":{"line":92,"column":19}},"loc":{"start":{"line":92,"column":24},"end":{"line":105,"column":3}},"line":92}},"branchMap":{"0":{"loc":{"start":{"line":29,"column":2},"end":{"line":29,"column":17}},"type":"default-arg","locations":[{"start":{"line":29,"column":13},"end":{"line":29,"column":17}}],"line":29},"1":{"loc":{"start":{"line":36,"column":4},"end":{"line":57,"column":5}},"type":"if","locations":[{"start":{"line":36,"column":4},"end":{"line":57,"column":5}},{"start":{},"end":{}}],"line":36},"2":{"loc":{"start":{"line":78,"column":4},"end":{"line":89,"column":5}},"type":"switch","locations":[{"start":{"line":79,"column":6},"end":{"line":80,"column":30}},{"start":{"line":81,"column":6},"end":{"line":82,"column":29}},{"start":{"line":83,"column":6},"end":{"line":84,"column":30}},{"start":{"line":85,"column":6},"end":{"line":86,"column":30}},{"start":{"line":87,"column":6},"end":{"line":88,"column":30}}],"line":78},"3":{"loc":{"start":{"line":93,"column":4},"end":{"line":104,"column":5}},"type":"switch","locations":[{"start":{"line":94,"column":6},"end":{"line":95,"column":19}},{"start":{"line":96,"column":6},"end":{"line":97,"column":19}},{"start":{"line":98,"column":6},"end":{"line":99,"column":19}},{"start":{"line":100,"column":6},"end":{"line":101,"column":19}},{"start":{"line":102,"column":6},"end":{"line":103,"column":19}}],"line":93},"4":{"loc":{"start":{"line":154,"column":2},"end":{"line":154,"column":28}},"type":"if","locations":[{"start":{"line":154,"column":2},"end":{"line":154,"column":28}},{"start":{},"end":{}}],"line":154}},"s":{"0":0,"1":0,"2":0,"3":0,"4":0,"5":0,"6":0,"7":0,"8":0,"9":0,"10":0,"11":0,"12":0,"13":0,"14":0,"15":0,"16":0,"17":0,"18":0,"19":0,"20":0,"21":0,"22":0,"23":0,"24":0,"25":0,"26":0,"27":0,"28":0,"29":0,"30":0,"31":0,"32":0},"f":{"0":0,"1":0,"2":0,"3":0,"4":0,"5":0,"6":0,"7":0},"b":{"0":[0],"1":[0,0],"2":[0,0,0,0,0],"3":[0,0,0,0,0],"4":[0,0]}}
,"C:\\Users\\Olivia\\Desktop\\TerraCréa\\terracrea\\src\\context\\FavoritesContext.tsx": {"path":"C:\\Users\\Olivia\\Desktop\\TerraCréa\\terracrea\\src\\context\\FavoritesContext.tsx","statementMap":{"0":{"start":{"line":26,"column":25},"end":{"line":28,"column":1}},"1":{"start":{"line":30,"column":33},"end":{"line":136,"column":1}},"2":{"start":{"line":31,"column":30},"end":{"line":31,"column":46}},"3":{"start":{"line":32,"column":36},"end":{"line":32,"column":60}},"4":{"start":{"line":33,"column":32},"end":{"line":33,"column":47}},"5":{"start":{"line":34,"column":28},"end":{"line":34,"column":57}},"6":{"start":{"line":36,"column":24},"end":{"line":52,"column":23}},"7":{"start":{"line":37,"column":4},"end":{"line":40,"column":5}},"8":{"start":{"line":38,"column":6},"end":{"line":38,"column":23}},"9":{"start":{"line":39,"column":6},"end":{"line":39,"column":13}},"10":{"start":{"line":42,"column":4},"end":{"line":51,"column":5}},"11":{"start":{"line":43,"column":6},"end":{"line":43,"column":23}},"12":{"start":{"line":44,"column":6},"end":{"line":44,"column":21}},"13":{"start":{"line":45,"column":28},"end":{"line":45,"column":65}},"14":{"start":{"line":46,"column":6},"end":{"line":46,"column":34}},"15":{"start":{"line":48,"column":6},"end":{"line":48,"column":52}},"16":{"start":{"line":50,"column":6},"end":{"line":50,"column":24}},"17":{"start":{"line":54,"column":25},"end":{"line":69,"column":3}},"18":{"start":{"line":56,"column":6},"end":{"line":66,"column":7}},"19":{"start":{"line":57,"column":24},"end":{"line":57,"column":69}},"20":{"start":{"line":58,"column":8},"end":{"line":61,"column":9}},"21":{"start":{"line":60,"column":10},"end":{"line":60,"column":32}},"22":{"start":{"line":62,"column":8},"end":{"line":62,"column":23}},"23":{"start":{"line":64,"column":8},"end":{"line":64,"column":53}},"24":{"start":{"line":65,"column":8},"end":{"line":65,"column":21}},"25":{"start":{"line":71,"column":30},"end":{"line":83,"column":8}},"26":{"start":{"line":72,"column":4},"end":{"line":82,"column":5}},"27":{"start":{"line":73,"column":22},"end":{"line":73,"column":72}},"28":{"start":{"line":74,"column":6},"end":{"line":77,"column":7}},"29":{"start":{"line":76,"column":8},"end":{"line":76,"column":76}},"30":{"start":{"line":76,"column":31},"end":{"line":76,"column":74}},"31":{"start":{"line":76,"column":52},"end":{"line":76,"column":73}},"32":{"start":{"line":78,"column":6},"end":{"line":78,"column":21}},"33":{"start":{"line":80,"column":6},"end":{"line":80,"column":52}},"34":{"start":{"line":81,"column":6},"end":{"line":81,"column":19}},"35":{"start":{"line":85,"column":25},"end":{"line":100,"column":3}},"36":{"start":{"line":87,"column":6},"end":{"line":97,"column":7}},"37":{"start":{"line":88,"column":24},"end":{"line":88,"column":69}},"38":{"start":{"line":89,"column":8},"end":{"line":92,"column":9}},"39":{"start":{"line":91,"column":10},"end":{"line":91,"column":32}},"40":{"start":{"line":93,"column":8},"end":{"line":93,"column":23}},"41":{"start":{"line":95,"column":8},"end":{"line":95,"column":55}},"42":{"start":{"line":96,"column":8},"end":{"line":96,"column":21}},"43":{"start":{"line":102,"column":21},"end":{"line":107,"column":3}},"44":{"start":{"line":104,"column":6},"end":{"line":104,"column":60}},"45":{"start":{"line":104,"column":37},"end":{"line":104,"column":58}},"46":{"start":{"line":109,"column":28},"end":{"line":111,"column":17}},"47":{"start":{"line":110,"column":4},"end":{"line":110,"column":28}},"48":{"start":{"line":114,"column":2},"end":{"line":116,"column":22}},"49":{"start":{"line":115,"column":4},"end":{"line":115,"column":20}},"50":{"start":{"line":118,"column":2},"end":{"line":135,"column":4}},"51":{"start":{"line":130,"column":26},"end":{"line":130,"column":40}},"52":{"start":{"line":138,"column":28},"end":{"line":144,"column":1}},"53":{"start":{"line":139,"column":18},"end":{"line":139,"column":46}},"54":{"start":{"line":140,"column":2},"end":{"line":142,"column":3}},"55":{"start":{"line":141,"column":4},"end":{"line":141,"column":76}},"56":{"start":{"line":143,"column":2},"end":{"line":143,"column":17}}},"fnMap":{"0":{"name":"(anonymous_0)","decl":{"start":{"line":30,"column":33},"end":{"line":30,"column":34}},"loc":{"start":{"line":30,"column":76},"end":{"line":136,"column":1}},"line":30},"1":{"name":"(anonymous_1)","decl":{"start":{"line":36,"column":36},"end":{"line":36,"column":37}},"loc":{"start":{"line":36,"column":48},"end":{"line":52,"column":3}},"line":36},"2":{"name":"(anonymous_2)","decl":{"start":{"line":55,"column":4},"end":{"line":55,"column":5}},"loc":{"start":{"line":55,"column":34},"end":{"line":67,"column":5}},"line":55},"3":{"name":"(anonymous_3)","decl":{"start":{"line":71,"column":42},"end":{"line":71,"column":43}},"loc":{"start":{"line":71,"column":72},"end":{"line":83,"column":3}},"line":71},"4":{"name":"(anonymous_4)","decl":{"start":{"line":76,"column":21},"end":{"line":76,"column":22}},"loc":{"start":{"line":76,"column":31},"end":{"line":76,"column":74}},"line":76},"5":{"name":"(anonymous_5)","decl":{"start":{"line":76,"column":43},"end":{"line":76,"column":44}},"loc":{"start":{"line":76,"column":52},"end":{"line":76,"column":73}},"line":76},"6":{"name":"(anonymous_6)","decl":{"start":{"line":86,"column":4},"end":{"line":86,"column":5}},"loc":{"start":{"line":86,"column":34},"end":{"line":98,"column":5}},"line":86},"7":{"name":"(anonymous_7)","decl":{"start":{"line":103,"column":4},"end":{"line":103,"column":5}},"loc":{"start":{"line":103,"column":28},"end":{"line":105,"column":5}},"line":103},"8":{"name":"(anonymous_8)","decl":{"start":{"line":104,"column":28},"end":{"line":104,"column":29}},"loc":{"start":{"line":104,"column":37},"end":{"line":104,"column":58}},"line":104},"9":{"name":"(anonymous_9)","decl":{"start":{"line":109,"column":40},"end":{"line":109,"column":41}},"loc":{"start":{"line":109,"column":46},"end":{"line":111,"column":3}},"line":109},"10":{"name":"(anonymous_10)","decl":{"start":{"line":114,"column":12},"end":{"line":114,"column":13}},"loc":{"start":{"line":114,"column":18},"end":{"line":116,"column":3}},"line":114},"11":{"name":"(anonymous_11)","decl":{"start":{"line":130,"column":20},"end":{"line":130,"column":21}},"loc":{"start":{"line":130,"column":26},"end":{"line":130,"column":40}},"line":130},"12":{"name":"(anonymous_12)","decl":{"start":{"line":138,"column":28},"end":{"line":138,"column":29}},"loc":{"start":{"line":138,"column":34},"end":{"line":144,"column":1}},"line":138}},"branchMap":{"0":{"loc":{"start":{"line":37,"column":4},"end":{"line":40,"column":5}},"type":"if","locations":[{"start":{"line":37,"column":4},"end":{"line":40,"column":5}},{"start":{},"end":{}}],"line":37},"1":{"loc":{"start":{"line":58,"column":8},"end":{"line":61,"column":9}},"type":"if","locations":[{"start":{"line":58,"column":8},"end":{"line":61,"column":9}},{"start":{},"end":{}}],"line":58},"2":{"loc":{"start":{"line":74,"column":6},"end":{"line":77,"column":7}},"type":"if","locations":[{"start":{"line":74,"column":6},"end":{"line":77,"column":7}},{"start":{},"end":{}}],"line":74},"3":{"loc":{"start":{"line":89,"column":8},"end":{"line":92,"column":9}},"type":"if","locations":[{"start":{"line":89,"column":8},"end":{"line":92,"column":9}},{"start":{},"end":{}}],"line":89},"4":{"loc":{"start":{"line":140,"column":2},"end":{"line":142,"column":3}},"type":"if","locations":[{"start":{"line":140,"column":2},"end":{"line":142,"column":3}},{"start":{},"end":{}}],"line":140}},"s":{"0":0,"1":0,"2":0,"3":0,"4":0,"5":0,"6":0,"7":0,"8":0,"9":0,"10":0,"11":0,"12":0,"13":0,"14":0,"15":0,"16":0,"17":0,"18":0,"19":0,"20":0,"21":0,"22":0,"23":0,"24":0,"25":0,"26":0,"27":0,"28":0,"29":0,"30":0,"31":0,"32":0,"33":0,"34":0,"35":0,"36":0,"37":0,"38":0,"39":0,"40":0,"41":0,"42":0,"43":0,"44":0,"45":0,"46":0,"47":0,"48":0,"49":0,"50":0,"51":0,"52":0,"53":0,"54":0,"55":0,"56":0},"f":{"0":0,"1":0,"2":0,"3":0,"4":0,"5":0,"6":0,"7":0,"8":0,"9":0,"10":0,"11":0,"12":0},"b":{"0":[0,0],"1":[0,0],"2":[0,0],"3":[0,0],"4":[0,0]}}
,"C:\\Users\\Olivia\\Desktop\\TerraCréa\\terracrea\\src\\context\\UserContext.tsx": {"path":"C:\\Users\\Olivia\\Desktop\\TerraCréa\\terracrea\\src\\context\\UserContext.tsx","statementMap":{"0":{"start":{"line":28,"column":20},"end":{"line":28,"column":74}},"1":{"start":{"line":30,"column":28},"end":{"line":378,"column":1}},"2":{"start":{"line":31,"column":15},"end":{"line":31,"column":24}},"3":{"start":{"line":34,"column":24},"end":{"line":67,"column":3}},"4":{"start":{"line":35,"column":4},"end":{"line":66,"column":5}},"5":{"start":{"line":37,"column":51},"end":{"line":41,"column":17}},"6":{"start":{"line":43,"column":6},"end":{"line":45,"column":7}},"7":{"start":{"line":48,"column":24},"end":{"line":48,"column":28}},"8":{"start":{"line":49,"column":6},"end":{"line":61,"column":7}},"9":{"start":{"line":50,"column":62},"end":{"line":54,"column":19}},"10":{"start":{"line":56,"column":8},"end":{"line":60,"column":9}},"11":{"start":{"line":59,"column":10},"end":{"line":59,"column":39}},"12":{"start":{"line":63,"column":6},"end":{"line":63,"column":39}},"13":{"start":{"line":65,"column":6},"end":{"line":65,"column":51}},"14":{"start":{"line":70,"column":32},"end":{"line":128,"column":3}},"15":{"start":{"line":71,"column":4},"end":{"line":71,"column":31}},"16":{"start":{"line":71,"column":19},"end":{"line":71,"column":31}},"17":{"start":{"line":74,"column":25},"end":{"line":74,"column":53}},"18":{"start":{"line":75,"column":24},"end":{"line":75,"column":51}},"19":{"start":{"line":78,"column":23},"end":{"line":125,"column":5}},"20":{"start":{"line":127,"column":4},"end":{"line":127,"column":16}},"21":{"start":{"line":131,"column":23},"end":{"line":131,"column":53}},"22":{"start":{"line":134,"column":22},"end":{"line":145,"column":3}},"23":{"start":{"line":135,"column":4},"end":{"line":144,"column":22}},"24":{"start":{"line":138,"column":10},"end":{"line":138,"column":39}},"25":{"start":{"line":139,"column":6},"end":{"line":143,"column":7}},"26":{"start":{"line":141,"column":28},"end":{"line":141,"column":62}},"27":{"start":{"line":148,"column":24},"end":{"line":200,"column":3}},"28":{"start":{"line":149,"column":4},"end":{"line":151,"column":5}},"29":{"start":{"line":150,"column":6},"end":{"line":150,"column":50}},"30":{"start":{"line":153,"column":4},"end":{"line":199,"column":5}},"31":{"start":{"line":155,"column":35},"end":{"line":162,"column":8}},"32":{"start":{"line":164,"column":6},"end":{"line":166,"column":7}},"33":{"start":{"line":165,"column":8},"end":{"line":165,"column":43}},"34":{"start":{"line":169,"column":6},"end":{"line":183,"column":7}},"35":{"start":{"line":170,"column":40},"end":{"line":176,"column":10}},"36":{"start":{"line":178,"column":8},"end":{"line":180,"column":9}},"37":{"start":{"line":186,"column":6},"end":{"line":196,"column":7}},"38":{"start":{"line":187,"column":28},"end":{"line":193,"column":9}},"39":{"start":{"line":198,"column":6},"end":{"line":198,"column":18}},"40":{"start":{"line":203,"column":27},"end":{"line":277,"column":3}},"41":{"start":{"line":204,"column":4},"end":{"line":206,"column":5}},"42":{"start":{"line":205,"column":6},"end":{"line":205,"column":50}},"43":{"start":{"line":208,"column":4},"end":{"line":276,"column":5}},"44":{"start":{"line":211,"column":8},"end":{"line":221,"column":10}},"45":{"start":{"line":223,"column":6},"end":{"line":225,"column":7}},"46":{"start":{"line":224,"column":8},"end":{"line":224,"column":43}},"47":{"start":{"line":228,"column":6},"end":{"line":231,"column":7}},"48":{"start":{"line":230,"column":8},"end":{"line":230,"column":28}},"49":{"start":{"line":234,"column":6},"end":{"line":247,"column":7}},"50":{"start":{"line":235,"column":40},"end":{"line":240,"column":10}},"51":{"start":{"line":242,"column":8},"end":{"line":244,"column":9}},"52":{"start":{"line":250,"column":6},"end":{"line":270,"column":7}},"53":{"start":{"line":251,"column":40},"end":{"line":263,"column":10}},"54":{"start":{"line":265,"column":8},"end":{"line":267,"column":9}},"55":{"start":{"line":275,"column":6},"end":{"line":275,"column":18}},"56":{"start":{"line":280,"column":31},"end":{"line":356,"column":3}},"57":{"start":{"line":281,"column":4},"end":{"line":283,"column":5}},"58":{"start":{"line":282,"column":6},"end":{"line":282,"column":50}},"59":{"start":{"line":285,"column":4},"end":{"line":355,"column":5}},"60":{"start":{"line":288,"column":8},"end":{"line":297,"column":10}},"61":{"start":{"line":299,"column":6},"end":{"line":301,"column":7}},"62":{"start":{"line":300,"column":8},"end":{"line":300,"column":43}},"63":{"start":{"line":304,"column":6},"end":{"line":307,"column":7}},"64":{"start":{"line":306,"column":8},"end":{"line":306,"column":28}},"65":{"start":{"line":310,"column":6},"end":{"line":327,"column":7}},"66":{"start":{"line":311,"column":26},"end":{"line":320,"column":10}},"67":{"start":{"line":322,"column":8},"end":{"line":324,"column":9}},"68":{"start":{"line":330,"column":6},"end":{"line":352,"column":7}},"69":{"start":{"line":331,"column":41},"end":{"line":345,"column":12}},"70":{"start":{"line":347,"column":8},"end":{"line":349,"column":9}},"71":{"start":{"line":354,"column":6},"end":{"line":354,"column":18}},"72":{"start":{"line":359,"column":27},"end":{"line":359,"column":59}},"73":{"start":{"line":361,"column":2},"end":{"line":377,"column":4}},"74":{"start":{"line":380,"column":30},"end":{"line":385,"column":1}},"75":{"start":{"line":381,"column":18},"end":{"line":381,"column":41}},"76":{"start":{"line":382,"column":2},"end":{"line":383,"column":73}},"77":{"start":{"line":383,"column":4},"end":{"line":383,"column":73}},"78":{"start":{"line":384,"column":2},"end":{"line":384,"column":17}}},"fnMap":{"0":{"name":"(anonymous_0)","decl":{"start":{"line":30,"column":28},"end":{"line":30,"column":29}},"loc":{"start":{"line":30,"column":71},"end":{"line":378,"column":1}},"line":30},"1":{"name":"(anonymous_1)","decl":{"start":{"line":34,"column":24},"end":{"line":34,"column":25}},"loc":{"start":{"line":34,"column":50},"end":{"line":67,"column":3}},"line":34},"2":{"name":"(anonymous_2)","decl":{"start":{"line":70,"column":32},"end":{"line":70,"column":33}},"loc":{"start":{"line":70,"column":64},"end":{"line":128,"column":3}},"line":70},"3":{"name":"(anonymous_3)","decl":{"start":{"line":134,"column":22},"end":{"line":134,"column":23}},"loc":{"start":{"line":134,"column":34},"end":{"line":145,"column":3}},"line":134},"4":{"name":"(anonymous_4)","decl":{"start":{"line":148,"column":24},"end":{"line":148,"column":25}},"loc":{"start":{"line":148,"column":59},"end":{"line":200,"column":3}},"line":148},"5":{"name":"(anonymous_5)","decl":{"start":{"line":203,"column":27},"end":{"line":203,"column":28}},"loc":{"start":{"line":203,"column":72},"end":{"line":277,"column":3}},"line":203},"6":{"name":"(anonymous_6)","decl":{"start":{"line":280,"column":31},"end":{"line":280,"column":32}},"loc":{"start":{"line":280,"column":69},"end":{"line":356,"column":3}},"line":280},"7":{"name":"(anonymous_7)","decl":{"start":{"line":380,"column":30},"end":{"line":380,"column":31}},"loc":{"start":{"line":380,"column":36},"end":{"line":385,"column":1}},"line":380}},"branchMap":{"0":{"loc":{"start":{"line":43,"column":6},"end":{"line":45,"column":7}},"type":"if","locations":[{"start":{"line":43,"column":6},"end":{"line":45,"column":7}},{"start":{},"end":{}}],"line":43},"1":{"loc":{"start":{"line":43,"column":10},"end":{"line":43,"column":52}},"type":"binary-expr","locations":[{"start":{"line":43,"column":10},"end":{"line":43,"column":19}},{"start":{"line":43,"column":23},"end":{"line":43,"column":52}}],"line":43},"2":{"loc":{"start":{"line":49,"column":6},"end":{"line":61,"column":7}},"type":"if","locations":[{"start":{"line":49,"column":6},"end":{"line":61,"column":7}},{"start":{},"end":{}}],"line":49},"3":{"loc":{"start":{"line":56,"column":8},"end":{"line":60,"column":9}},"type":"if","locations":[{"start":{"line":56,"column":8},"end":{"line":60,"column":9}},{"start":{"line":58,"column":15},"end":{"line":60,"column":9}}],"line":56},"4":{"loc":{"start":{"line":56,"column":12},"end":{"line":56,"column":60}},"type":"binary-expr","locations":[{"start":{"line":56,"column":12},"end":{"line":56,"column":24}},{"start":{"line":56,"column":28},"end":{"line":56,"column":60}}],"line":56},"5":{"loc":{"start":{"line":71,"column":4},"end":{"line":71,"column":31}},"type":"if","locations":[{"start":{"line":71,"column":4},"end":{"line":71,"column":31}},{"start":{},"end":{}}],"line":71},"6":{"loc":{"start":{"line":74,"column":25},"end":{"line":74,"column":53}},"type":"binary-expr","locations":[{"start":{"line":74,"column":25},"end":{"line":74,"column":47}},{"start":{"line":74,"column":51},"end":{"line":74,"column":53}}],"line":74},"7":{"loc":{"start":{"line":75,"column":24},"end":{"line":75,"column":51}},"type":"binary-expr","locations":[{"start":{"line":75,"column":24},"end":{"line":75,"column":45}},{"start":{"line":75,"column":49},"end":{"line":75,"column":51}}],"line":75},"8":{"loc":{"start":{"line":99,"column":16},"end":{"line":99,"column":43}},"type":"binary-expr","locations":[{"start":{"line":99,"column":16},"end":{"line":99,"column":37}},{"start":{"line":99,"column":41},"end":{"line":99,"column":43}}],"line":99},"9":{"loc":{"start":{"line":100,"column":17},"end":{"line":100,"column":45}},"type":"binary-expr","locations":[{"start":{"line":100,"column":17},"end":{"line":100,"column":39}},{"start":{"line":100,"column":43},"end":{"line":100,"column":45}}],"line":100},"10":{"loc":{"start":{"line":101,"column":16},"end":{"line":101,"column":43}},"type":"binary-expr","locations":[{"start":{"line":101,"column":16},"end":{"line":101,"column":37}},{"start":{"line":101,"column":41},"end":{"line":101,"column":43}}],"line":101},"11":{"loc":{"start":{"line":102,"column":20},"end":{"line":102,"column":51}},"type":"binary-expr","locations":[{"start":{"line":102,"column":20},"end":{"line":102,"column":45}},{"start":{"line":102,"column":49},"end":{"line":102,"column":51}}],"line":102},"12":{"loc":{"start":{"line":103,"column":11},"end":{"line":103,"column":33}},"type":"binary-expr","locations":[{"start":{"line":103,"column":11},"end":{"line":103,"column":27}},{"start":{"line":103,"column":31},"end":{"line":103,"column":33}}],"line":103},"13":{"loc":{"start":{"line":106,"column":17},"end":{"line":106,"column":73}},"type":"binary-expr","locations":[{"start":{"line":106,"column":17},"end":{"line":106,"column":39}},{"start":{"line":106,"column":43},"end":{"line":106,"column":64}},{"start":{"line":106,"column":68},"end":{"line":106,"column":73}}],"line":106},"14":{"loc":{"start":{"line":111,"column":8},"end":{"line":124,"column":21}},"type":"cond-expr","locations":[{"start":{"line":112,"column":12},"end":{"line":123,"column":13}},{"start":{"line":124,"column":12},"end":{"line":124,"column":21}}],"line":111},"15":{"loc":{"start":{"line":111,"column":8},"end":{"line":111,"column":55}},"type":"binary-expr","locations":[{"start":{"line":111,"column":8},"end":{"line":111,"column":30}},{"start":{"line":111,"column":34},"end":{"line":111,"column":55}}],"line":111},"16":{"loc":{"start":{"line":113,"column":28},"end":{"line":113,"column":66}},"type":"binary-expr","locations":[{"start":{"line":113,"column":28},"end":{"line":113,"column":60}},{"start":{"line":113,"column":64},"end":{"line":113,"column":66}}],"line":113},"17":{"loc":{"start":{"line":114,"column":24},"end":{"line":114,"column":58}},"type":"binary-expr","locations":[{"start":{"line":114,"column":24},"end":{"line":114,"column":52}},{"start":{"line":114,"column":56},"end":{"line":114,"column":58}}],"line":114},"18":{"loc":{"start":{"line":115,"column":27},"end":{"line":115,"column":64}},"type":"binary-expr","locations":[{"start":{"line":115,"column":27},"end":{"line":115,"column":58}},{"start":{"line":115,"column":62},"end":{"line":115,"column":64}}],"line":115},"19":{"loc":{"start":{"line":117,"column":16},"end":{"line":117,"column":79}},"type":"binary-expr","locations":[{"start":{"line":117,"column":16},"end":{"line":117,"column":51}},{"start":{"line":117,"column":55},"end":{"line":117,"column":79}}],"line":117},"20":{"loc":{"start":{"line":118,"column":27},"end":{"line":118,"column":64}},"type":"binary-expr","locations":[{"start":{"line":118,"column":27},"end":{"line":118,"column":58}},{"start":{"line":118,"column":62},"end":{"line":118,"column":64}}],"line":118},"21":{"loc":{"start":{"line":119,"column":21},"end":{"line":119,"column":52}},"type":"binary-expr","locations":[{"start":{"line":119,"column":21},"end":{"line":119,"column":46}},{"start":{"line":119,"column":50},"end":{"line":119,"column":52}}],"line":119},"22":{"loc":{"start":{"line":120,"column":24},"end":{"line":120,"column":53}},"type":"binary-expr","locations":[{"start":{"line":120,"column":24},"end":{"line":120,"column":44}},{"start":{"line":120,"column":48},"end":{"line":120,"column":53}}],"line":120},"23":{"loc":{"start":{"line":121,"column":22},"end":{"line":121,"column":46}},"type":"binary-expr","locations":[{"start":{"line":121,"column":22},"end":{"line":121,"column":41}},{"start":{"line":121,"column":45},"end":{"line":121,"column":46}}],"line":121},"24":{"loc":{"start":{"line":122,"column":26},"end":{"line":122,"column":54}},"type":"binary-expr","locations":[{"start":{"line":122,"column":26},"end":{"line":122,"column":49}},{"start":{"line":122,"column":53},"end":{"line":122,"column":54}}],"line":122},"25":{"loc":{"start":{"line":139,"column":6},"end":{"line":143,"column":7}},"type":"if","locations":[{"start":{"line":139,"column":6},"end":{"line":143,"column":7}},{"start":{},"end":{}}],"line":139},"26":{"loc":{"start":{"line":149,"column":4},"end":{"line":151,"column":5}},"type":"if","locations":[{"start":{"line":149,"column":4},"end":{"line":151,"column":5}},{"start":{},"end":{}}],"line":149},"27":{"loc":{"start":{"line":164,"column":6},"end":{"line":166,"column":7}},"type":"if","locations":[{"start":{"line":164,"column":6},"end":{"line":166,"column":7}},{"start":{},"end":{}}],"line":164},"28":{"loc":{"start":{"line":172,"column":17},"end":{"line":172,"column":38}},"type":"binary-expr","locations":[{"start":{"line":172,"column":17},"end":{"line":172,"column":32}},{"start":{"line":172,"column":36},"end":{"line":172,"column":38}}],"line":172},"29":{"loc":{"start":{"line":178,"column":8},"end":{"line":180,"column":9}},"type":"if","locations":[{"start":{"line":178,"column":8},"end":{"line":180,"column":9}},{"start":{},"end":{}}],"line":178},"30":{"loc":{"start":{"line":186,"column":6},"end":{"line":196,"column":7}},"type":"if","locations":[{"start":{"line":186,"column":6},"end":{"line":196,"column":7}},{"start":{},"end":{}}],"line":186},"31":{"loc":{"start":{"line":204,"column":4},"end":{"line":206,"column":5}},"type":"if","locations":[{"start":{"line":204,"column":4},"end":{"line":206,"column":5}},{"start":{},"end":{}}],"line":204},"32":{"loc":{"start":{"line":223,"column":6},"end":{"line":225,"column":7}},"type":"if","locations":[{"start":{"line":223,"column":6},"end":{"line":225,"column":7}},{"start":{},"end":{}}],"line":223},"33":{"loc":{"start":{"line":228,"column":6},"end":{"line":231,"column":7}},"type":"if","locations":[{"start":{"line":228,"column":6},"end":{"line":231,"column":7}},{"start":{},"end":{}}],"line":228},"34":{"loc":{"start":{"line":237,"column":17},"end":{"line":237,"column":38}},"type":"binary-expr","locations":[{"start":{"line":237,"column":17},"end":{"line":237,"column":32}},{"start":{"line":237,"column":36},"end":{"line":237,"column":38}}],"line":237},"35":{"loc":{"start":{"line":242,"column":8},"end":{"line":244,"column":9}},"type":"if","locations":[{"start":{"line":242,"column":8},"end":{"line":244,"column":9}},{"start":{},"end":{}}],"line":242},"36":{"loc":{"start":{"line":265,"column":8},"end":{"line":267,"column":9}},"type":"if","locations":[{"start":{"line":265,"column":8},"end":{"line":267,"column":9}},{"start":{},"end":{}}],"line":265},"37":{"loc":{"start":{"line":281,"column":4},"end":{"line":283,"column":5}},"type":"if","locations":[{"start":{"line":281,"column":4},"end":{"line":283,"column":5}},{"start":{},"end":{}}],"line":281},"38":{"loc":{"start":{"line":299,"column":6},"end":{"line":301,"column":7}},"type":"if","locations":[{"start":{"line":299,"column":6},"end":{"line":301,"column":7}},{"start":{},"end":{}}],"line":299},"39":{"loc":{"start":{"line":304,"column":6},"end":{"line":307,"column":7}},"type":"if","locations":[{"start":{"line":304,"column":6},"end":{"line":307,"column":7}},{"start":{},"end":{}}],"line":304},"40":{"loc":{"start":{"line":322,"column":8},"end":{"line":324,"column":9}},"type":"if","locations":[{"start":{"line":322,"column":8},"end":{"line":324,"column":9}},{"start":{},"end":{}}],"line":322},"41":{"loc":{"start":{"line":336,"column":14},"end":{"line":341,"column":23}},"type":"binary-expr","locations":[{"start":{"line":336,"column":14},"end":{"line":336,"column":31}},{"start":{"line":337,"column":14},"end":{"line":339,"column":23}},{"start":{"line":340,"column":14},"end":{"line":340,"column":44}},{"start":{"line":341,"column":14},"end":{"line":341,"column":23}}],"line":336},"42":{"loc":{"start":{"line":337,"column":17},"end":{"line":337,"column":57}},"type":"binary-expr","locations":[{"start":{"line":337,"column":17},"end":{"line":337,"column":51}},{"start":{"line":337,"column":55},"end":{"line":337,"column":57}}],"line":337},"43":{"loc":{"start":{"line":338,"column":16},"end":{"line":338,"column":55}},"type":"binary-expr","locations":[{"start":{"line":338,"column":16},"end":{"line":338,"column":49}},{"start":{"line":338,"column":53},"end":{"line":338,"column":55}}],"line":338},"44":{"loc":{"start":{"line":347,"column":8},"end":{"line":349,"column":9}},"type":"if","locations":[{"start":{"line":347,"column":8},"end":{"line":349,"column":9}},{"start":{},"end":{}}],"line":347},"45":{"loc":{"start":{"line":382,"column":2},"end":{"line":383,"column":73}},"type":"if","locations":[{"start":{"line":382,"column":2},"end":{"line":383,"column":73}},{"start":{},"end":{}}],"line":382}},"s":{"0":0,"1":0,"2":0,"3":0,"4":0,"5":0,"6":0,"7":0,"8":0,"9":0,"10":0,"11":0,"12":0,"13":0,"14":0,"15":0,"16":0,"17":0,"18":0,"19":0,"20":0,"21":0,"22":0,"23":0,"24":0,"25":0,"26":0,"27":0,"28":0,"29":0,"30":0,"31":0,"32":0,"33":0,"34":0,"35":0,"36":0,"37":0,"38":0,"39":0,"40":0,"41":0,"42":0,"43":0,"44":0,"45":0,"46":0,"47":0,"48":0,"49":0,"50":0,"51":0,"52":0,"53":0,"54":0,"55":0,"56":0,"57":0,"58":0,"59":0,"60":0,"61":0,"62":0,"63":0,"64":0,"65":0,"66":0,"67":0,"68":0,"69":0,"70":0,"71":0,"72":0,"73":0,"74":0,"75":0,"76":0,"77":0,"78":0},"f":{"0":0,"1":0,"2":0,"3":0,"4":0,"5":0,"6":0,"7":0},"b":{"0":[0,0],"1":[0,0],"2":[0,0],"3":[0,0],"4":[0,0],"5":[0,0],"6":[0,0],"7":[0,0],"8":[0,0],"9":[0,0],"10":[0,0],"11":[0,0],"12":[0,0],"13":[0,0,0],"14":[0,0],"15":[0,0],"16":[0,0],"17":[0,0],"18":[0,0],"19":[0,0],"20":[0,0],"21":[0,0],"22":[0,0],"23":[0,0],"24":[0,0],"25":[0,0],"26":[0,0],"27":[0,0],"28":[0,0],"29":[0,0],"30":[0,0],"31":[0,0],"32":[0,0],"33":[0,0],"34":[0,0],"35":[0,0],"36":[0,0],"37":[0,0],"38":[0,0],"39":[0,0],"40":[0,0],"41":[0,0,0,0],"42":[0,0],"43":[0,0],"44":[0,0],"45":[0,0]}}
[...]
umn":29}},"26":{"start":{"line":96,"column":16},"end":{"line":96,"column":26}},"27":{"start":{"line":97,"column":21},"end":{"line":97,"column":51}},"28":{"start":{"line":98,"column":26},"end":{"line":98,"column":60}},"29":{"start":{"line":99,"column":24},"end":{"line":99,"column":63}},"30":{"start":{"line":100,"column":23},"end":{"line":100,"column":67}},"31":{"start":{"line":101,"column":24},"end":{"line":101,"column":50}},"32":{"start":{"line":102,"column":25},"end":{"line":102,"column":52}},"33":{"start":{"line":103,"column":24},"end":{"line":103,"column":52}},"34":{"start":{"line":105,"column":4},"end":{"line":119,"column":5}},"35":{"start":{"line":106,"column":6},"end":{"line":106,"column":27}},"36":{"start":{"line":107,"column":11},"end":{"line":119,"column":5}},"37":{"start":{"line":108,"column":6},"end":{"line":108,"column":77}},"38":{"start":{"line":109,"column":11},"end":{"line":119,"column":5}},"39":{"start":{"line":110,"column":6},"end":{"line":110,"column":72}},"40":{"start":{"line":111,"column":11},"end":{"line":119,"column":5}},"41":{"start":{"line":112,"column":6},"end":{"line":112,"column":69}},"42":{"start":{"line":113,"column":11},"end":{"line":119,"column":5}},"43":{"start":{"line":114,"column":6},"end":{"line":114,"column":74}},"44":{"start":{"line":115,"column":11},"end":{"line":119,"column":5}},"45":{"start":{"line":116,"column":6},"end":{"line":116,"column":43}},"46":{"start":{"line":118,"column":6},"end":{"line":118,"column":69}},"47":{"start":{"line":121,"column":4},"end":{"line":121,"column":27}},"48":{"start":{"line":126,"column":27},"end":{"line":128,"column":1}},"49":{"start":{"line":127,"column":2},"end":{"line":127,"column":21}}},"fnMap":{"0":{"name":"(anonymous_0)","decl":{"start":{"line":6,"column":29},"end":{"line":6,"column":30}},"loc":{"start":{"line":11,"column":6},"end":{"line":45,"column":1}},"line":11},"1":{"name":"(anonymous_1)","decl":{"start":{"line":48,"column":31},"end":{"line":48,"column":32}},"loc":{"start":{"line":48,"column":55},"end":{"line":58,"column":1}},"line":48},"2":{"name":"(anonymous_2)","decl":{"start":{"line":61,"column":38},"end":{"line":61,"column":39}},"loc":{"start":{"line":61,"column":52},"end":{"line":71,"column":1}},"line":61},"3":{"name":"(anonymous_3)","decl":{"start":{"line":74,"column":31},"end":{"line":74,"column":32}},"loc":{"start":{"line":74,"column":56},"end":{"line":84,"column":1}},"line":74},"4":{"name":"(anonymous_4)","decl":{"start":{"line":87,"column":26},"end":{"line":87,"column":27}},"loc":{"start":{"line":87,"column":64},"end":{"line":123,"column":1}},"line":87},"5":{"name":"(anonymous_5)","decl":{"start":{"line":126,"column":27},"end":{"line":126,"column":28}},"loc":{"start":{"line":126,"column":54},"end":{"line":128,"column":1}},"line":126}},"branchMap":{"0":{"loc":{"start":{"line":18,"column":4},"end":{"line":32,"column":5}},"type":"if","locations":[{"start":{"line":18,"column":4},"end":{"line":32,"column":5}},{"start":{},"end":{}}],"line":18},"1":{"loc":{"start":{"line":75,"column":2},"end":{"line":75,"column":45}},"type":"if","locations":[{"start":{"line":75,"column":2},"end":{"line":75,"column":45}},{"start":{},"end":{}}],"line":75},"2":{"loc":{"start":{"line":75,"column":6},"end":{"line":75,"column":30}},"type":"binary-expr","locations":[{"start":{"line":75,"column":6},"end":{"line":75,"column":12}},{"start":{"line":75,"column":16},"end":{"line":75,"column":30}}],"line":75},"3":{"loc":{"start":{"line":79,"column":4},"end":{"line":82,"column":37}},"type":"binary-expr","locations":[{"start":{"line":79,"column":4},"end":{"line":79,"column":44}},{"start":{"line":80,"column":4},"end":{"line":80,"column":38}},{"start":{"line":81,"column":4},"end":{"line":81,"column":39}},{"start":{"line":82,"column":4},"end":{"line":82,"column":37}}],"line":79},"4":{"loc":{"start":{"line":92,"column":4},"end":{"line":94,"column":5}},"type":"if","locations":[{"start":{"line":92,"column":4},"end":{"line":94,"column":5}},{"start":{},"end":{}}],"line":92},"5":{"loc":{"start":{"line":105,"column":4},"end":{"line":119,"column":5}},"type":"if","locations":[{"start":{"line":105,"column":4},"end":{"line":119,"column":5}},{"start":{"line":107,"column":11},"end":{"line":119,"column":5}}],"line":105},"6":{"loc":{"start":{"line":107,"column":11},"end":{"line":119,"column":5}},"type":"if","locations":[{"start":{"line":107,"column":11},"end":{"line":119,"column":5}},{"start":{"line":109,"column":11},"end":{"line":119,"column":5}}],"line":107},"7":{"loc":{"start":{"line":108,"column":46},"end":{"line":108,"column":74}},"type":"cond-expr","locations":[{"start":{"line":108,"column":66},"end":{"line":108,"column":69}},{"start":{"line":108,"column":72},"end":{"line":108,"column":74}}],"line":108},"8":{"loc":{"start":{"line":109,"column":11},"end":{"line":119,"column":5}},"type":"if","locations":[{"start":{"line":109,"column":11},"end":{"line":119,"column":5}},{"start":{"line":111,"column":11},"end":{"line":119,"column":5}}],"line":109},"9":{"loc":{"start":{"line":110,"column":43},"end":{"line":110,"column":69}},"type":"cond-expr","locations":[{"start":{"line":110,"column":61},"end":{"line":110,"column":64}},{"start":{"line":110,"column":67},"end":{"line":110,"column":69}}],"line":110},"10":{"loc":{"start":{"line":111,"column":11},"end":{"line":119,"column":5}},"type":"if","locations":[{"start":{"line":111,"column":11},"end":{"line":119,"column":5}},{"start":{"line":113,"column":11},"end":{"line":119,"column":5}}],"line":111},"11":{"loc":{"start":{"line":112,"column":41},"end":{"line":112,"column":66}},"type":"cond-expr","locations":[{"start":{"line":112,"column":58},"end":{"line":112,"column":61}},{"start":{"line":112,"column":64},"end":{"line":112,"column":66}}],"line":112},"12":{"loc":{"start":{"line":113,"column":11},"end":{"line":119,"column":5}},"type":"if","locations":[{"start":{"line":113,"column":11},"end":{"line":119,"column":5}},{"start":{"line":115,"column":11},"end":{"line":119,"column":5}}],"line":113},"13":{"loc":{"start":{"line":114,"column":45},"end":{"line":114,"column":71}},"type":"cond-expr","locations":[{"start":{"line":114,"column":63},"end":{"line":114,"column":66}},{"start":{"line":114,"column":69},"end":{"line":114,"column":71}}],"line":114},"14":{"loc":{"start":{"line":115,"column":11},"end":{"line":119,"column":5}},"type":"if","locations":[{"start":{"line":115,"column":11},"end":{"line":119,"column":5}},{"start":{"line":117,"column":11},"end":{"line":119,"column":5}}],"line":115},"15":{"loc":{"start":{"line":118,"column":40},"end":{"line":118,"column":66}},"type":"cond-expr","locations":[{"start":{"line":118,"column":58},"end":{"line":118,"column":61}},{"start":{"line":118,"column":64},"end":{"line":118,"column":66}}],"line":118}},"s":{"0":0,"1":0,"2":0,"3":0,"4":0,"5":0,"6":0,"7":0,"8":0,"9":0,"10":0,"11":0,"12":0,"13":0,"14":0,"15":0,"16":0,"17":0,"18":0,"19":0,"20":0,"21":0,"22":0,"23":0,"24":0,"25":0,"26":0,"27":0,"28":0,"29":0,"30":0,"31":0,"32":0,"33":0,"34":0,"35":0,"36":0,"37":0,"38":0,"39":0,"40":0,"41":0,"42":0,"43":0,"44":0,"45":0,"46":0,"47":0,"48":0,"49":0},"f":{"0":0,"1":0,"2":0,"3":0,"4":0,"5":0},"b":{"0":[0,0],"1":[0,0],"2":[0,0],"3":[0,0,0,0],"4":[0,0],"5":[0,0],"6":[0,0],"7":[0,0],"8":[0,0],"9":[0,0],"10":[0,0],"11":[0,0],"12":[0,0],"13":[0,0],"14":[0,0],"15":[0,0]}}
,"C:\\Users\\Olivia\\Desktop\\TerraCréa\\terracrea\\src\\utils\\userUtils.ts": {"path":"C:\\Users\\Olivia\\Desktop\\TerraCréa\\terracrea\\src\\utils\\userUtils.ts","statementMap":{"0":{"start":{"line":8,"column":25},"end":{"line":10,"column":1}},"1":{"start":{"line":9,"column":2},"end":{"line":9,"column":34}},"2":{"start":{"line":12,"column":23},"end":{"line":14,"column":1}},"3":{"start":{"line":13,"column":2},"end":{"line":13,"column":32}},"4":{"start":{"line":16,"column":32},"end":{"line":18,"column":1}},"5":{"start":{"line":17,"column":2},"end":{"line":17,"column":25}},"6":{"start":{"line":20,"column":27},"end":{"line":22,"column":1}},"7":{"start":{"line":21,"column":2},"end":{"line":21,"column":23}},"8":{"start":{"line":24,"column":33},"end":{"line":26,"column":1}},"9":{"start":{"line":25,"column":2},"end":{"line":25,"column":68}},"10":{"start":{"line":29,"column":33},"end":{"line":31,"column":1}},"11":{"start":{"line":30,"column":2},"end":{"line":30,"column":44}},"12":{"start":{"line":33,"column":37},"end":{"line":46,"column":1}},"13":{"start":{"line":34,"column":2},"end":{"line":34,"column":23}},"14":{"start":{"line":34,"column":13},"end":{"line":34,"column":23}},"15":{"start":{"line":36,"column":18},"end":{"line":36,"column":37}},"16":{"start":{"line":37,"column":2},"end":{"line":39,"column":3}},"17":{"start":{"line":38,"column":4},"end":{"line":38,"column":32}},"18":{"start":{"line":41,"column":2},"end":{"line":43,"column":3}},"19":{"start":{"line":42,"column":4},"end":{"line":42,"column":48}},"20":{"start":{"line":45,"column":2},"end":{"line":45,"column":50}},"21":{"start":{"line":48,"column":34},"end":{"line":56,"column":1}},"22":{"start":{"line":49,"column":2},"end":{"line":49,"column":23}},"23":{"start":{"line":49,"column":13},"end":{"line":49,"column":23}},"24":{"start":{"line":51,"column":2},"end":{"line":53,"column":3}},"25":{"start":{"line":52,"column":4},"end":{"line":52,"column":48}},"26":{"start":{"line":55,"column":2},"end":{"line":55,"column":54}},"27":{"start":{"line":59,"column":43},"end":{"line":63,"column":2}},"28":{"start":{"line":59,"column":66},"end":{"line":63,"column":1}},"29":{"start":{"line":66,"column":38},"end":{"line":93,"column":1}},"30":{"start":{"line":69,"column":27},"end":{"line":69,"column":29}},"31":{"start":{"line":71,"column":2},"end":{"line":73,"column":3}},"32":{"start":{"line":72,"column":4},"end":{"line":72,"column":72}},"33":{"start":{"line":75,"column":2},"end":{"line":77,"column":3}},"34":{"start":{"line":76,"column":4},"end":{"line":76,"column":75}},"35":{"start":{"line":79,"column":2},"end":{"line":81,"column":3}},"36":{"start":{"line":80,"column":4},"end":{"line":80,"column":67}},"37":{"start":{"line":83,"column":2},"end":{"line":85,"column":3}},"38":{"start":{"line":84,"column":4},"end":{"line":84,"column":71}},"39":{"start":{"line":88,"column":2},"end":{"line":90,"column":3}},"40":{"start":{"line":89,"column":4},"end":{"line":89,"column":73}},"41":{"start":{"line":92,"column":2},"end":{"line":92,"column":16}},"42":{"start":{"line":96,"column":35},"end":{"line":119,"column":1}},"43":{"start":{"line":97,"column":27},"end":{"line":97,"column":29}},"44":{"start":{"line":99,"column":2},"end":{"line":103,"column":3}},"45":{"start":{"line":100,"column":4},"end":{"line":100,"column":58}},"46":{"start":{"line":101,"column":9},"end":{"line":103,"column":3}},"47":{"start":{"line":102,"column":4},"end":{"line":102,"column":78}},"48":{"start":{"line":105,"column":2},"end":{"line":107,"column":3}},"49":{"start":{"line":106,"column":4},"end":{"line":106,"column":47}},"50":{"start":{"line":109,"column":2},"end":{"line":111,"column":3}},"51":{"start":{"line":110,"column":4},"end":{"line":110,"column":55}},"52":{"start":{"line":114,"column":2},"end":{"line":116,"column":3}},"53":{"start":{"line":115,"column":4},"end":{"line":115,"column":64}},"54":{"start":{"line":118,"column":2},"end":{"line":118,"column":16}},"55":{"start":{"line":130,"column":35},"end":{"line":148,"column":1}},"56":{"start":{"line":131,"column":2},"end":{"line":139,"column":3}},"57":{"start":{"line":132,"column":4},"end":{"line":138,"column":6}},"58":{"start":{"line":141,"column":2},"end":{"line":147,"column":4}}},"fnMap":{"0":{"name":"(anonymous_0)","decl":{"start":{"line":8,"column":25},"end":{"line":8,"column":26}},"loc":{"start":{"line":8,"column":57},"end":{"line":10,"column":1}},"line":8},"1":{"name":"(anonymous_1)","decl":{"start":{"line":12,"column":23},"end":{"line":12,"column":24}},"loc":{"start":{"line":12,"column":55},"end":{"line":14,"column":1}},"line":12},"2":{"name":"(anonymous_2)","decl":{"start":{"line":16,"column":32},"end":{"line":16,"column":33}},"loc":{"start":{"line":16,"column":64},"end":{"line":18,"column":1}},"line":16},"3":{"name":"(anonymous_3)","decl":{"start":{"line":20,"column":27},"end":{"line":20,"column":28}},"loc":{"start":{"line":20,"column":59},"end":{"line":22,"column":1}},"line":20},"4":{"name":"(anonymous_4)","decl":{"start":{"line":24,"column":33},"end":{"line":24,"column":34}},"loc":{"start":{"line":24,"column":65},"end":{"line":26,"column":1}},"line":24},"5":{"name":"(anonymous_5)","decl":{"start":{"line":29,"column":33},"end":{"line":29,"column":34}},"loc":{"start":{"line":29,"column":65},"end":{"line":31,"column":1}},"line":29},"6":{"name":"(anonymous_6)","decl":{"start":{"line":33,"column":37},"end":{"line":33,"column":38}},"loc":{"start":{"line":33,"column":68},"end":{"line":46,"column":1}},"line":33},"7":{"name":"(anonymous_7)","decl":{"start":{"line":48,"column":34},"end":{"line":48,"column":35}},"loc":{"start":{"line":48,"column":65},"end":{"line":56,"column":1}},"line":48},"8":{"name":"(anonymous_8)","decl":{"start":{"line":59,"column":43},"end":{"line":59,"column":44}},"loc":{"start":{"line":59,"column":66},"end":{"line":63,"column":1}},"line":59},"9":{"name":"(anonymous_9)","decl":{"start":{"line":66,"column":38},"end":{"line":66,"column":39}},"loc":{"start":{"line":68,"column":15},"end":{"line":93,"column":1}},"line":68},"10":{"name":"(anonymous_10)","decl":{"start":{"line":96,"column":35},"end":{"line":96,"column":36}},"loc":{"start":{"line":96,"column":73},"end":{"line":119,"column":1}},"line":96},"11":{"name":"(anonymous_11)","decl":{"start":{"line":130,"column":35},"end":{"line":130,"column":36}},"loc":{"start":{"line":130,"column":76},"end":{"line":148,"column":1}},"line":130}},"branchMap":{"0":{"loc":{"start":{"line":25,"column":9},"end":{"line":25,"column":67}},"type":"binary-expr","locations":[{"start":{"line":25,"column":9},"end":{"line":25,"column":24}},{"start":{"line":25,"column":28},"end":{"line":25,"column":67}}],"line":25},"1":{"loc":{"start":{"line":34,"column":2},"end":{"line":34,"column":23}},"type":"if","locations":[{"start":{"line":34,"column":2},"end":{"line":34,"column":23}},{"start":{},"end":{}}],"line":34},"2":{"loc":{"start":{"line":37,"column":2},"end":{"line":39,"column":3}},"type":"if","locations":[{"start":{"line":37,"column":2},"end":{"line":39,"column":3}},{"start":{},"end":{}}],"line":37},"3":{"loc":{"start":{"line":41,"column":2},"end":{"line":43,"column":3}},"type":"if","locations":[{"start":{"line":41,"column":2},"end":{"line":43,"column":3}},{"start":{},"end":{}}],"line":41},"4":{"loc":{"start":{"line":41,"column":6},"end":{"line":41,"column":37}},"type":"binary-expr","locations":[{"start":{"line":41,"column":6},"end":{"line":41,"column":20}},{"start":{"line":41,"column":24},"end":{"line":41,"column":37}}],"line":41},"5":{"loc":{"start":{"line":45,"column":9},"end":{"line":45,"column":49}},"type":"binary-expr","locations":[{"start":{"line":45,"column":9},"end":{"line":45,"column":22}},{"start":{"line":45,"column":26},"end":{"line":45,"column":36}},{"start":{"line":45,"column":40},"end":{"line":45,"column":49}}],"line":45},"6":{"loc":{"start":{"line":49,"column":2},"end":{"line":49,"column":23}},"type":"if","locations":[{"start":{"line":49,"column":2},"end":{"line":49,"column":23}},{"start":{},"end":{}}],"line":49},"7":{"loc":{"start":{"line":51,"column":2},"end":{"line":53,"column":3}},"type":"if","locations":[{"start":{"line":51,"column":2},"end":{"line":53,"column":3}},{"start":{},"end":{}}],"line":51},"8":{"loc":{"start":{"line":51,"column":6},"end":{"line":51,"column":37}},"type":"binary-expr","locations":[{"start":{"line":51,"column":6},"end":{"line":51,"column":20}},{"start":{"line":51,"column":24},"end":{"line":51,"column":37}}],"line":51},"9":{"loc":{"start":{"line":55,"column":9},"end":{"line":55,"column":53}},"type":"binary-expr","locations":[{"start":{"line":55,"column":9},"end":{"line":55,"column":22}},{"start":{"line":55,"column":26},"end":{"line":55,"column":36}},{"start":{"line":55,"column":40},"end":{"line":55,"column":53}}],"line":55},"10":{"loc":{"start":{"line":71,"column":2},"end":{"line":73,"column":3}},"type":"if","locations":[{"start":{"line":71,"column":2},"end":{"line":73,"column":3}},{"start":{},"end":{}}],"line":71},"11":{"loc":{"start":{"line":75,"column":2},"end":{"line":77,"column":3}},"type":"if","locations":[{"start":{"line":75,"column":2},"end":{"line":77,"column":3}},{"start":{},"end":{}}],"line":75},"12":{"loc":{"start":{"line":79,"column":2},"end":{"line":81,"column":3}},"type":"if","locations":[{"start":{"line":79,"column":2},"end":{"line":81,"column":3}},{"start":{},"end":{}}],"line":79},"13":{"loc":{"start":{"line":79,"column":6},"end":{"line":79,"column":62}},"type":"binary-expr","locations":[{"start":{"line":79,"column":6},"end":{"line":79,"column":26}},{"start":{"line":79,"column":30},"end":{"line":79,"column":62}}],"line":79},"14":{"loc":{"start":{"line":83,"column":2},"end":{"line":85,"column":3}},"type":"if","locations":[{"start":{"line":83,"column":2},"end":{"line":85,"column":3}},{"start":{},"end":{}}],"line":83},"15":{"loc":{"start":{"line":88,"column":2},"end":{"line":90,"column":3}},"type":"if","locations":[{"start":{"line":88,"column":2},"end":{"line":90,"column":3}},{"start":{},"end":{}}],"line":88},"16":{"loc":{"start":{"line":88,"column":6},"end":{"line":88,"column":75}},"type":"binary-expr","locations":[{"start":{"line":88,"column":6},"end":{"line":88,"column":33}},{"start":{"line":88,"column":37},"end":{"line":88,"column":75}}],"line":88},"17":{"loc":{"start":{"line":99,"column":2},"end":{"line":103,"column":3}},"type":"if","locations":[{"start":{"line":99,"column":2},"end":{"line":103,"column":3}},{"start":{"line":101,"column":9},"end":{"line":103,"column":3}}],"line":99},"18":{"loc":{"start":{"line":101,"column":9},"end":{"line":103,"column":3}},"type":"if","locations":[{"start":{"line":101,"column":9},"end":{"line":103,"column":3}},{"start":{},"end":{}}],"line":101},"19":{"loc":{"start":{"line":105,"column":2},"end":{"line":107,"column":3}},"type":"if","locations":[{"start":{"line":105,"column":2},"end":{"line":107,"column":3}},{"start":{},"end":{}}],"line":105},"20":{"loc":{"start":{"line":109,"column":2},"end":{"line":111,"column":3}},"type":"if","locations":[{"start":{"line":109,"column":2},"end":{"line":111,"column":3}},{"start":{},"end":{}}],"line":109},"21":{"loc":{"start":{"line":114,"column":2},"end":{"line":116,"column":3}},"type":"if","locations":[{"start":{"line":114,"column":2},"end":{"line":116,"column":3}},{"start":{},"end":{}}],"line":114},"22":{"loc":{"start":{"line":114,"column":6},"end":{"line":114,"column":60}},"type":"binary-expr","locations":[{"start":{"line":114,"column":6},"end":{"line":114,"column":25}},{"start":{"line":114,"column":29},"end":{"line":114,"column":60}}],"line":114},"23":{"loc":{"start":{"line":131,"column":2},"end":{"line":139,"column":3}},"type":"if","locations":[{"start":{"line":131,"column":2},"end":{"line":139,"column":3}},{"start":{},"end":{}}],"line":131},"24":{"loc":{"start":{"line":146,"column":23},"end":{"line":146,"column":66}},"type":"binary-expr","locations":[{"start":{"line":146,"column":23},"end":{"line":146,"column":38}},{"start":{"line":146,"column":42},"end":{"line":146,"column":66}}],"line":146}},"s":{"0":0,"1":0,"2":0,"3":0,"4":0,"5":0,"6":0,"7":0,"8":0,"9":0,"10":0,"11":0,"12":0,"13":0,"14":0,"15":0,"16":0,"17":0,"18":0,"19":0,"20":0,"21":0,"22":0,"23":0,"24":0,"25":0,"26":0,"27":0,"28":0,"29":0,"30":0,"31":0,"32":0,"33":0,"34":0,"35":0,"36":0,"37":0,"38":0,"39":0,"40":0,"41":0,"42":0,"43":0,"44":0,"45":0,"46":0,"47":0,"48":0,"49":0,"50":0,"51":0,"52":0,"53":0,"54":0,"55":0,"56":0,"57":0,"58":0},"f":{"0":0,"1":0,"2":0,"3":0,"4":0,"5":0,"6":0,"7":0,"8":0,"9":0,"10":0,"11":0},"b":{"0":[0,0],"1":[0,0],"2":[0,0],"3":[0,0],"4":[0,0],"5":[0,0,0],"6":[0,0],"7":[0,0],"8":[0,0],"9":[0,0,0],"10":[0,0],"11":[0,0],"12":[0,0],"13":[0,0],"14":[0,0],"15":[0,0],"16":[0,0],"17":[0,0],"18":[0,0],"19":[0,0],"20":[0,0],"21":[0,0],"22":[0,0],"23":[0,0],"24":[0,0]}}
}
