TN:
SF:src\components\AuthNavigator.tsx
FN:24,(anonymous_0)
FN:31,(anonymous_1)
FN:49,(anonymous_2)
FN:57,(anonymous_3)
FN:65,(anonymous_4)
FN:73,(anonymous_5)
FN:81,(anonymous_6)
FN:89,(anonymous_7)
FN:97,(anonymous_8)
FN:105,(anonymous_9)
FN:106,(anonymous_10)
FN:114,(anonymous_11)
FN:122,(anonymous_12)
FN:130,(anonymous_13)
FN:138,(anonymous_14)
FN:146,(anonymous_15)
FN:147,(anonymous_16)
FN:155,(anonymous_17)
FN:163,(anonymous_18)
FN:171,(anonymous_19)
FNF:20
FNH:0
FNDA:0,(anonymous_0)
FNDA:0,(anonymous_1)
FNDA:0,(anonymous_2)
FNDA:0,(anonymous_3)
FNDA:0,(anonymous_4)
FNDA:0,(anonymous_5)
FNDA:0,(anonymous_6)
FNDA:0,(anonymous_7)
FNDA:0,(anonymous_8)
FNDA:0,(anonymous_9)
FNDA:0,(anonymous_10)
FNDA:0,(anonymous_11)
FNDA:0,(anonymous_12)
FNDA:0,(anonymous_13)
FNDA:0,(anonymous_14)
FNDA:0,(anonymous_15)
FNDA:0,(anonymous_16)
FNDA:0,(anonymous_17)
FNDA:0,(anonymous_18)
FNDA:0,(anonymous_19)
DA:22,0
DA:24,0
DA:25,0
DA:31,0
DA:32,0
DA:35,0
DA:49,0
DA:57,0
DA:65,0
DA:73,0
DA:81,0
DA:89,0
DA:97,0
DA:105,0
DA:106,0
DA:114,0
DA:122,0
DA:130,0
DA:138,0
DA:146,0
DA:147,0
DA:155,0
DA:163,0
DA:171,0
LF:24
LH:0
BRF:0
BRH:0
end_of_record
TN:
SF:src\components\AutoSuggestInput.tsx
FN:36,(anonymous_0)
FN:53,(anonymous_1)
FN:56,(anonymous_2)
FN:67,(anonymous_3)
FN:76,(anonymous_4)
FN:83,(anonymous_5)
FN:89,(anonymous_6)
FN:91,(anonymous_7)
FN:94,(anonymous_8)
FN:97,(anonymous_9)
FN:132,(anonymous_10)
FNF:11
FNH:0
FNDA:0,(anonymous_0)
FNDA:0,(anonymous_1)
FNDA:0,(anonymous_2)
FNDA:0,(anonymous_3)
FNDA:0,(anonymous_4)
FNDA:0,(anonymous_5)
FNDA:0,(anonymous_6)
FNDA:0,(anonymous_7)
FNDA:0,(anonymous_8)
FNDA:0,(anonymous_9)
FNDA:0,(anonymous_10)
DA:13,0
DA:36,0
DA:49,0
DA:50,0
DA:51,0
DA:53,0
DA:54,0
DA:55,0
DA:57,0
DA:60,0
DA:61,0
DA:63,0
DA:67,0
DA:68,0
DA:69,0
DA:70,0
DA:71,0
DA:72,0
DA:76,0
DA:77,0
DA:78,0
DA:79,0
DA:80,0
DA:83,0
DA:84,0
DA:85,0
DA:89,0
DA:91,0
DA:94,0
DA:95,0
DA:97,0
DA:112,0
DA:132,0
DA:143,0
LF:34
LH:0
BRDA:43,0,0,0
BRDA:54,1,0,0
BRDA:54,1,1,0
BRDA:54,2,0,0
BRDA:54,2,1,0
BRDA:69,3,0,0
BRDA:69,3,1,0
BRDA:69,4,0,0
BRDA:69,4,1,0
BRDA:71,5,0,0
BRDA:71,5,1,0
BRDA:84,6,0,0
BRDA:84,6,1,0
BRDA:84,7,0,0
BRDA:84,7,1,0
BRDA:100,8,0,0
BRDA:100,8,1,0
BRDA:105,9,0,0
BRDA:105,9,1,0
BRDA:127,10,0,0
BRDA:127,10,1,0
BRF:21
BRH:0
end_of_record
TN:
SF:src\components\CommonButton.tsx
FN:13,(anonymous_0)
FN:21,(anonymous_1)
FN:33,(anonymous_2)
FNF:3
FNH:0
FNDA:0,(anonymous_0)
FNDA:0,(anonymous_1)
FNDA:0,(anonymous_2)
DA:13,0
DA:21,0
DA:22,0
DA:23,0
DA:25,0
DA:27,0
DA:29,0
DA:33,0
DA:34,0
DA:35,0
DA:37,0
DA:39,0
DA:41,0
DA:45,0
LF:14
LH:0
BRDA:15,0,0,0
BRDA:16,1,0,0
BRDA:22,2,0,0
BRDA:22,2,1,0
BRDA:22,3,0,0
BRDA:22,3,1,0
BRDA:23,4,0,0
BRDA:23,4,1,0
BRDA:23,4,2,0
BRDA:34,5,0,0
BRDA:34,5,1,0
BRDA:34,6,0,0
BRDA:34,6,1,0
BRDA:35,7,0,0
BRDA:35,7,1,0
BRDA:35,7,2,0
BRDA:48,8,0,0
BRDA:48,8,1,0
BRDA:51,9,0,0
BRDA:51,9,1,0
BRF:20
BRH:0
end_of_record
TN:
SF:src\components\CommonHeader.tsx
FN:19,(anonymous_0)
FNF:1
FNH:0
FNDA:0,(anonymous_0)
DA:19,0
DA:25,0
LF:2
LH:0
BRDA:22,0,0,0
BRDA:27,1,0,0
BRDA:27,1,1,0
BRDA:43,2,0,0
BRDA:43,2,1,0
BRDA:44,3,0,0
BRDA:44,3,1,0
BRDA:49,4,0,0
BRDA:49,4,1,0
BRDA:52,5,0,0
BRDA:52,5,1,0
BRDA:52,5,2,0
BRDA:57,6,0,0
BRDA:57,6,1,0
BRDA:61,7,0,0
BRDA:61,7,1,0
BRDA:64,8,0,0
BRDA:64,8,1,0
BRDA:67,9,0,0
BRDA:67,9,1,0
BRDA:72,10,0,0
BRDA:72,10,1,0
BRF:22
BRH:0
end_of_record
TN:
SF:src\components\CommonInput.tsx
FN:14,(anonymous_0)
FNF:1
FNH:0
FNDA:0,(anonymous_0)
DA:14,0
DA:21,0
LF:2
LH:0
BRDA:25,0,0,0
BRDA:25,0,1,0
BRDA:29,1,0,0
BRDA:29,1,1,0
BRDA:34,2,0,0
BRDA:34,2,1,0
BRF:6
BRH:0
end_of_record
TN:
SF:src\components\CreationCard.tsx
FN:30,(anonymous_0)
FN:37,(anonymous_1)
FN:48,(anonymous_2)
FN:51,(anonymous_3)
FN:52,(anonymous_4)
FN:78,(anonymous_5)
FN:171,(anonymous_6)
FN:228,(anonymous_7)
FNF:8
FNH:0
FNDA:0,(anonymous_0)
FNDA:0,(anonymous_1)
FNDA:0,(anonymous_2)
FNDA:0,(anonymous_3)
FNDA:0,(anonymous_4)
FNDA:0,(anonymous_5)
FNDA:0,(anonymous_6)
FNDA:0,(anonymous_7)
DA:17,0
DA:18,0
DA:19,0
DA:20,0
DA:30,0
DA:37,0
DA:38,0
DA:39,0
DA:44,0
DA:48,0
DA:49,0
DA:50,0
DA:51,0
DA:52,0
DA:54,0
DA:57,0
DA:59,0
DA:78,0
DA:172,0
DA:228,0
DA:244,0
LF:21
LH:0
BRDA:49,0,0,0
BRDA:49,0,1,0
BRDA:49,1,0,0
BRDA:49,1,1,0
BRDA:51,2,0,0
BRDA:51,2,1,0
BRDA:51,2,2,0
BRDA:72,3,0,0
BRDA:72,3,1,0
BRDA:76,4,0,0
BRDA:76,4,1,0
BRDA:87,5,0,0
BRDA:87,5,1,0
BRDA:90,6,0,0
BRDA:90,6,1,0
BRDA:98,7,0,0
BRDA:98,7,1,0
BRDA:106,8,0,0
BRDA:106,8,1,0
BRDA:109,9,0,0
BRDA:109,9,1,0
BRDA:117,10,0,0
BRDA:117,10,1,0
BRDA:135,11,0,0
BRDA:135,11,1,0
BRDA:136,12,0,0
BRDA:136,12,1,0
BRDA:144,13,0,0
BRDA:144,13,1,0
BRDA:144,14,0,0
BRDA:144,14,1,0
BRDA:158,15,0,0
BRDA:158,15,1,0
BRDA:159,16,0,0
BRDA:159,16,1,0
BRDA:159,17,0,0
BRDA:159,17,1,0
BRDA:161,18,0,0
BRDA:161,18,1,0
BRDA:169,19,0,0
BRDA:169,19,1,0
BRDA:176,20,0,0
BRDA:176,20,1,0
BRDA:189,21,0,0
BRDA:189,21,1,0
BRDA:190,22,0,0
BRDA:190,22,1,0
BRDA:191,23,0,0
BRDA:191,23,1,0
BRDA:200,24,0,0
BRDA:200,24,1,0
BRDA:200,25,0,0
BRDA:200,25,1,0
BRDA:202,26,0,0
BRDA:202,26,1,0
BRDA:202,27,0,0
BRDA:202,27,1,0
BRDA:217,28,0,0
BRDA:217,28,1,0
BRDA:218,29,0,0
BRDA:218,29,1,0
BRDA:219,30,0,0
BRDA:219,30,1,0
BRDA:232,31,0,0
BRDA:232,31,1,0
BRF:65
BRH:0
end_of_record
TN:
SF:src\components\FloatingFavoritesButton.tsx
FN:14,(anonymous_0)
FN:20,(anonymous_1)
FN:40,(anonymous_2)
FNF:3
FNH:0
FNDA:0,(anonymous_0)
FNDA:0,(anonymous_1)
FNDA:0,(anonymous_2)
DA:14,0
DA:15,0
DA:16,0
DA:17,0
DA:18,0
DA:20,0
DA:22,0
DA:36,0
DA:40,0
DA:41,0
DA:51,0
DA:80,0
LF:12
LH:0
BRDA:68,0,0,0
BRDA:68,0,1,0
BRDA:71,1,0,0
BRDA:71,1,1,0
BRF:4
BRH:0
end_of_record
TN:
SF:src\components\FloatingSearchButton.tsx
FN:7,(anonymous_0)
FN:11,(anonymous_1)
FN:31,(anonymous_2)
FNF:3
FNH:0
FNDA:0,(anonymous_0)
FNDA:0,(anonymous_1)
FNDA:0,(anonymous_2)
DA:7,0
DA:8,0
DA:9,0
DA:11,0
DA:13,0
DA:27,0
DA:31,0
DA:32,0
DA:43,0
DA:63,0
LF:10
LH:0
BRF:0
BRH:0
end_of_record
TN:
SF:src\components\Header.tsx
FN:20,(anonymous_0)
FN:28,(anonymous_1)
FNF:2
FNH:0
FNDA:0,(anonymous_0)
FNDA:0,(anonymous_1)
DA:20,0
DA:26,0
DA:28,0
DA:29,0
DA:30,0
DA:32,0
DA:37,0
DA:78,0
DA:109,0
LF:9
LH:0
BRDA:22,0,0,0
BRDA:29,1,0,0
BRDA:29,1,1,0
BRDA:83,2,0,0
BRDA:83,2,1,0
BRDA:91,3,0,0
BRDA:91,3,1,0
BRDA:96,4,0,0
BRDA:96,4,1,0
BRDA:96,4,2,0
BRF:10
BRH:0
end_of_record
TN:
SF:src\components\NavigationHeader.tsx
FN:11,(anonymous_0)
FN:16,(anonymous_1)
FN:29,(anonymous_2)
FN:37,(anonymous_3)
FN:168,(anonymous_4)
FNF:5
FNH:0
FNDA:0,(anonymous_0)
FNDA:0,(anonymous_1)
FNDA:0,(anonymous_2)
FNDA:0,(anonymous_3)
FNDA:0,(anonymous_4)
DA:11,0
DA:13,0
DA:14,0
DA:16,0
DA:17,0
DA:18,0
DA:20,0
DA:22,0
DA:29,0
DA:30,0
DA:31,0
DA:33,0
DA:37,0
DA:38,0
DA:40,0
DA:41,0
DA:44,0
DA:45,0
DA:48,0
DA:49,0
DA:52,0
DA:53,0
DA:56,0
DA:60,0
DA:126,0
DA:168,0
DA:178,0
LF:27
LH:0
BRDA:20,0,0,0
BRDA:20,0,1,0
BRDA:30,1,0,0
BRDA:30,1,1,0
BRDA:38,2,0,0
BRDA:38,2,1,0
BRDA:40,3,0,0
BRDA:40,3,1,0
BRDA:40,4,0,0
BRDA:40,4,1,0
BRDA:44,5,0,0
BRDA:44,5,1,0
BRDA:44,6,0,0
BRDA:44,6,1,0
BRDA:48,7,0,0
BRDA:48,7,1,0
BRDA:52,8,0,0
BRDA:52,8,1,0
BRDA:128,9,0,0
BRDA:128,9,1,0
BRDA:134,10,0,0
BRDA:134,10,1,0
BRDA:134,10,2,0
BRF:23
BRH:0
end_of_record
TN:
SF:src\components\NotificationToast.tsx
FN:23,(anonymous_0)
FN:35,(anonymous_1)
FN:52,(anonymous_2)
FN:56,(anonymous_3)
FN:60,(anonymous_4)
FN:72,(anonymous_5)
FN:77,(anonymous_6)
FN:92,(anonymous_7)
FNF:8
FNH:0
FNDA:0,(anonymous_0)
FNDA:0,(anonymous_1)
FNDA:0,(anonymous_2)
FNDA:0,(anonymous_3)
FNDA:0,(anonymous_4)
FNDA:0,(anonymous_5)
FNDA:0,(anonymous_6)
FNDA:0,(anonymous_7)
DA:21,0
DA:23,0
DA:31,0
DA:32,0
DA:35,0
DA:36,0
DA:38,0
DA:52,0
DA:53,0
DA:56,0
DA:60,0
DA:61,0
DA:73,0
DA:77,0
DA:78,0
DA:80,0
DA:82,0
DA:84,0
DA:86,0
DA:88,0
DA:92,0
DA:93,0
DA:95,0
DA:97,0
DA:99,0
DA:101,0
DA:103,0
DA:108,0
DA:154,0
DA:156,0
DA:183,0
LF:31
LH:0
BRDA:29,0,0,0
BRDA:36,1,0,0
BRDA:36,1,1,0
BRDA:78,2,0,0
BRDA:78,2,1,0
BRDA:78,2,2,0
BRDA:78,2,3,0
BRDA:78,2,4,0
BRDA:93,3,0,0
BRDA:93,3,1,0
BRDA:93,3,2,0
BRDA:93,3,3,0
BRDA:93,3,4,0
BRDA:154,4,0,0
BRDA:154,4,1,0
BRF:15
BRH:0
end_of_record
TN:
SF:src\context\FavoritesContext.tsx
FN:30,(anonymous_0)
FN:36,(anonymous_1)
FN:55,(anonymous_2)
FN:71,(anonymous_3)
FN:76,(anonymous_4)
FN:76,(anonymous_5)
FN:86,(anonymous_6)
FN:103,(anonymous_7)
FN:104,(anonymous_8)
FN:109,(anonymous_9)
FN:114,(anonymous_10)
FN:130,(anonymous_11)
FN:138,(anonymous_12)
FNF:13
FNH:0
FNDA:0,(anonymous_0)
FNDA:0,(anonymous_1)
FNDA:0,(anonymous_2)
FNDA:0,(anonymous_3)
FNDA:0,(anonymous_4)
FNDA:0,(anonymous_5)
FNDA:0,(anonymous_6)
FNDA:0,(anonymous_7)
FNDA:0,(anonymous_8)
FNDA:0,(anonymous_9)
FNDA:0,(anonymous_10)
FNDA:0,(anonymous_11)
FNDA:0,(anonymous_12)
DA:26,0
DA:30,0
DA:31,0
DA:32,0
DA:33,0
DA:34,0
DA:36,0
DA:37,0
DA:38,0
DA:39,0
DA:42,0
DA:43,0
DA:44,0
DA:45,0
DA:46,0
DA:48,0
DA:50,0
DA:54,0
DA:56,0
DA:57,0
DA:58,0
DA:60,0
DA:62,0
DA:64,0
DA:65,0
DA:71,0
DA:72,0
DA:73,0
DA:74,0
DA:76,0
DA:78,0
DA:80,0
DA:81,0
DA:85,0
DA:87,0
DA:88,0
DA:89,0
DA:91,0
DA:93,0
DA:95,0
DA:96,0
DA:102,0
DA:104,0
DA:109,0
DA:110,0
DA:114,0
DA:115,0
DA:118,0
DA:130,0
DA:138,0
DA:139,0
DA:140,0
DA:141,0
DA:143,0
LF:54
LH:0
BRDA:37,0,0,0
BRDA:37,0,1,0
BRDA:58,1,0,0
BRDA:58,1,1,0
BRDA:74,2,0,0
BRDA:74,2,1,0
BRDA:89,3,0,0
BRDA:89,3,1,0
BRDA:140,4,0,0
BRDA:140,4,1,0
BRF:10
BRH:0
end_of_record
TN:
SF:src\context\UserContext.tsx
FN:30,(anonymous_0)
FN:34,(anonymous_1)
FN:70,(anonymous_2)
FN:134,(anonymous_3)
FN:148,(anonymous_4)
FN:203,(anonymous_5)
FN:280,(anonymous_6)
FN:380,(anonymous_7)
FNF:8
FNH:0
FNDA:0,(anonymous_0)
FNDA:0,(anonymous_1)
FNDA:0,(anonymous_2)
FNDA:0,(anonymous_3)
FNDA:0,(anonymous_4)
FNDA:0,(anonymous_5)
FNDA:0,(anonymous_6)
FNDA:0,(anonymous_7)
DA:28,0
DA:30,0
DA:31,0
DA:34,0
DA:35,0
DA:37,0
DA:43,0
DA:48,0
DA:49,0
DA:50,0
DA:56,0
DA:59,0
DA:63,0
DA:65,0
DA:70,0
DA:71,0
DA:74,0
DA:75,0
DA:78,0
DA:127,0
DA:131,0
DA:134,0
DA:135,0
DA:138,0
DA:139,0
DA:141,0
DA:148,0
DA:149,0
DA:150,0
DA:153,0
DA:155,0
DA:164,0
DA:165,0
DA:169,0
DA:170,0
DA:178,0
DA:186,0
DA:187,0
DA:198,0
DA:203,0
DA:204,0
DA:205,0
DA:208,0
DA:211,0
DA:223,0
DA:224,0
DA:228,0
DA:230,0
DA:234,0
DA:235,0
DA:242,0
DA:250,0
DA:251,0
DA:265,0
DA:275,0
DA:280,0
DA:281,0
DA:282,0
DA:285,0
DA:288,0
DA:299,0
DA:300,0
DA:304,0
DA:306,0
DA:310,0
DA:311,0
DA:322,0
DA:330,0
DA:331,0
DA:347,0
DA:354,0
DA:359,0
DA:361,0
DA:380,0
DA:381,0
DA:382,0
DA:383,0
DA:384,0
LF:78
LH:0
BRDA:43,0,0,0
BRDA:43,0,1,0
BRDA:43,1,0,0
BRDA:43,1,1,0
BRDA:49,2,0,0
BRDA:49,2,1,0
BRDA:56,3,0,0
BRDA:56,3,1,0
BRDA:56,4,0,0
BRDA:56,4,1,0
BRDA:71,5,0,0
BRDA:71,5,1,0
BRDA:74,6,0,0
BRDA:74,6,1,0
BRDA:75,7,0,0
BRDA:75,7,1,0
BRDA:99,8,0,0
BRDA:99,8,1,0
BRDA:100,9,0,0
BRDA:100,9,1,0
BRDA:101,10,0,0
BRDA:101,10,1,0
BRDA:102,11,0,0
BRDA:102,11,1,0
BRDA:103,12,0,0
BRDA:103,12,1,0
BRDA:106,13,0,0
BRDA:106,13,1,0
BRDA:106,13,2,0
BRDA:111,14,0,0
BRDA:111,14,1,0
BRDA:111,15,0,0
BRDA:111,15,1,0
BRDA:113,16,0,0
BRDA:113,16,1,0
BRDA:114,17,0,0
BRDA:114,17,1,0
BRDA:115,18,0,0
BRDA:115,18,1,0
BRDA:117,19,0,0
BRDA:117,19,1,0
BRDA:118,20,0,0
BRDA:118,20,1,0
BRDA:119,21,0,0
BRDA:119,21,1,0
BRDA:120,22,0,0
BRDA:120,22,1,0
BRDA:121,23,0,0
BRDA:121,23,1,0
BRDA:122,24,0,0
BRDA:122,24,1,0
BRDA:139,25,0,0
BRDA:139,25,1,0
BRDA:149,26,0,0
BRDA:149,26,1,0
BRDA:164,27,0,0
BRDA:164,27,1,0
BRDA:172,28,0,0
BRDA:172,28,1,0
BRDA:178,29,0,0
BRDA:178,29,1,0
BRDA:186,30,0,0
BRDA:186,30,1,0
BRDA:204,31,0,0
BRDA:204,31,1,0
BRDA:223,32,0,0
BRDA:223,32,1,0
BRDA:228,33,0,0
BRDA:228,33,1,0
BRDA:237,34,0,0
BRDA:237,34,1,0
BRDA:242,35,0,0
BRDA:242,35,1,0
BRDA:265,36,0,0
BRDA:265,36,1,0
BRDA:281,37,0,0
BRDA:281,37,1,0
BRDA:299,38,0,0
BRDA:299,38,1,0
BRDA:304,39,0,0
BRDA:304,39,1,0
BRDA:322,40,0,0
BRDA:322,40,1,0
BRDA:336,41,0,0
BRDA:336,41,1,0
BRDA:336,41,2,0
BRDA:336,41,3,0
BRDA:337,42,0,0
BRDA:337,42,1,0
BRDA:338,43,0,0
BRDA:338,43,1,0
BRDA:347,44,0,0
BRDA:347,44,1,0
BRDA:382,45,0,0
BRDA:382,45,1,0
BRF:95
BRH:0
end_of_record
TN:
SF:src\hooks\useAuth.ts
FN:6,(anonymous_0)
FN:11,(anonymous_1)
FN:13,(anonymous_2)
FN:30,(anonymous_3)
FN:40,(anonymous_4)
FN:43,(anonymous_5)
FN:87,(anonymous_6)
FN:131,(anonymous_7)
FN:152,(anonymous_8)
FN:161,(anonymous_9)
FN:169,(anonymous_10)
FN:201,(anonymous_11)
FNF:12
FNH:0
FNDA:0,(anonymous_0)
FNDA:0,(anonymous_1)
FNDA:0,(anonymous_2)
FNDA:0,(anonymous_3)
FNDA:0,(anonymous_4)
FNDA:0,(anonymous_5)
FNDA:0,(anonymous_6)
FNDA:0,(anonymous_7)
FNDA:0,(anonymous_8)
FNDA:0,(anonymous_9)
FNDA:0,(anonymous_10)
FNDA:0,(anonymous_11)
DA:6,0
DA:7,0
DA:8,0
DA:9,0
DA:11,0
DA:13,0
DA:16,0
DA:17,0
DA:19,0
DA:20,0
DA:22,0
DA:25,0
DA:30,0
DA:31,0
DA:32,0
DA:33,0
DA:35,0
DA:37,0
DA:40,0
DA:43,0
DA:48,0
DA:49,0
DA:51,0
DA:52,0
DA:58,0
DA:60,0
DA:61,0
DA:62,0
DA:69,0
DA:75,0
DA:76,0
DA:77,0
DA:83,0
DA:87,0
DA:88,0
DA:89,0
DA:91,0
DA:92,0
DA:95,0
DA:96,0
DA:104,0
DA:105,0
DA:106,0
DA:113,0
DA:119,0
DA:120,0
DA:121,0
DA:127,0
DA:131,0
DA:132,0
DA:134,0
DA:135,0
DA:136,0
DA:137,0
DA:138,0
DA:141,0
DA:142,0
DA:144,0
DA:145,0
DA:146,0
DA:148,0
DA:152,0
DA:153,0
DA:154,0
DA:155,0
DA:157,0
DA:161,0
DA:162,0
DA:163,0
DA:165,0
DA:169,0
DA:170,0
DA:171,0
DA:173,0
DA:174,0
DA:176,0
DA:177,0
DA:178,0
DA:184,0
DA:190,0
DA:191,0
DA:192,0
DA:197,0
DA:201,0
DA:202,0
DA:203,0
DA:205,0
DA:206,0
DA:208,0
DA:209,0
DA:213,0
DA:221,0
DA:226,0
DA:227,0
DA:228,0
DA:233,0
DA:237,0
LF:97
LH:0
BRDA:17,0,0,0
BRDA:17,0,1,0
BRDA:31,1,0,0
BRDA:31,1,1,0
BRDA:60,2,0,0
BRDA:60,2,1,0
BRDA:95,3,0,0
BRDA:95,3,1,0
BRDA:104,4,0,0
BRDA:104,4,1,0
BRDA:136,5,0,0
BRDA:136,5,1,0
BRDA:176,6,0,0
BRDA:176,6,1,0
BRDA:177,7,0,0
BRDA:177,7,1,0
BRDA:180,8,0,0
BRDA:180,8,1,0
BRDA:208,9,0,0
BRDA:208,9,1,0
BRDA:210,10,0,0
BRDA:210,10,1,0
BRDA:216,11,0,0
BRDA:216,11,1,0
BRF:24
BRH:0
end_of_record
TN:
SF:src\screens\AddCreationScreen.tsx
FN:27,(anonymous_0)
FN:69,(anonymous_1)
FN:97,(anonymous_2)
FN:98,(anonymous_3)
FN:100,(anonymous_4)
FN:103,(anonymous_5)
FN:117,(anonymous_6)
FN:125,(anonymous_7)
FN:126,(anonymous_8)
FN:128,(anonymous_9)
FN:132,(anonymous_10)
FN:143,(anonymous_11)
FN:151,(anonymous_12)
FN:152,(anonymous_13)
FN:154,(anonymous_14)
FN:162,(anonymous_15)
FN:163,(anonymous_16)
FN:170,(anonymous_17)
FN:178,(anonymous_18)
FN:202,(anonymous_19)
FN:220,(anonymous_20)
FN:221,(anonymous_21)
FN:224,(anonymous_22)
FN:233,(anonymous_23)
FN:236,(anonymous_24)
FN:314,(anonymous_25)
FN:368,(anonymous_26)
FN:384,(anonymous_27)
FN:384,(anonymous_28)
FN:390,(anonymous_29)
FN:408,(anonymous_30)
FN:417,(anonymous_31)
FN:430,(anonymous_32)
FN:440,(anonymous_33)
FN:443,(anonymous_34)
FN:480,(anonymous_35)
FN:491,(anonymous_36)
FN:495,(anonymous_37)
FN:510,(anonymous_38)
FN:521,(anonymous_39)
FN:525,(anonymous_40)
FN:557,(anonymous_41)
FN:564,(anonymous_42)
FN:572,(anonymous_43)
FN:574,(anonymous_44)
FN:580,(anonymous_45)
FN:581,(anonymous_46)
FN:608,(anonymous_47)
FN:615,(anonymous_48)
FN:623,(anonymous_49)
FN:625,(anonymous_50)
FN:631,(anonymous_51)
FN:635,(anonymous_52)
FN:666,(anonymous_53)
FN:673,(anonymous_54)
FN:681,(anonymous_55)
FN:683,(anonymous_56)
FN:689,(anonymous_57)
FN:693,(anonymous_58)
FNF:59
FNH:0
FNDA:0,(anonymous_0)
FNDA:0,(anonymous_1)
FNDA:0,(anonymous_2)
FNDA:0,(anonymous_3)
FNDA:0,(anonymous_4)
FNDA:0,(anonymous_5)
FNDA:0,(anonymous_6)
FNDA:0,(anonymous_7)
FNDA:0,(anonymous_8)
FNDA:0,(anonymous_9)
FNDA:0,(anonymous_10)
FNDA:0,(anonymous_11)
FNDA:0,(anonymous_12)
FNDA:0,(anonymous_13)
FNDA:0,(anonymous_14)
FNDA:0,(anonymous_15)
FNDA:0,(anonymous_16)
FNDA:0,(anonymous_17)
FNDA:0,(anonymous_18)
FNDA:0,(anonymous_19)
FNDA:0,(anonymous_20)
FNDA:0,(anonymous_21)
FNDA:0,(anonymous_22)
FNDA:0,(anonymous_23)
FNDA:0,(anonymous_24)
FNDA:0,(anonymous_25)
FNDA:0,(anonymous_26)
FNDA:0,(anonymous_27)
FNDA:0,(anonymous_28)
FNDA:0,(anonymous_29)
FNDA:0,(anonymous_30)
FNDA:0,(anonymous_31)
FNDA:0,(anonymous_32)
FNDA:0,(anonymous_33)
FNDA:0,(anonymous_34)
FNDA:0,(anonymous_35)
FNDA:0,(anonymous_36)
FNDA:0,(anonymous_37)
FNDA:0,(anonymous_38)
FNDA:0,(anonymous_39)
FNDA:0,(anonymous_40)
FNDA:0,(anonymous_41)
FNDA:0,(anonymous_42)
FNDA:0,(anonymous_43)
FNDA:0,(anonymous_44)
FNDA:0,(anonymous_45)
FNDA:0,(anonymous_46)
FNDA:0,(anonymous_47)
FNDA:0,(anonymous_48)
FNDA:0,(anonymous_49)
FNDA:0,(anonymous_50)
FNDA:0,(anonymous_51)
FNDA:0,(anonymous_52)
FNDA:0,(anonymous_53)
FNDA:0,(anonymous_54)
FNDA:0,(anonymous_55)
FNDA:0,(anonymous_56)
FNDA:0,(anonymous_57)
FNDA:0,(anonymous_58)
DA:27,0
DA:28,0
DA:29,0
DA:30,0
DA:31,0
DA:43,0
DA:53,0
DA:60,0
DA:61,0
DA:62,0
DA:65,0
DA:69,0
DA:70,0
DA:72,0
DA:73,0
DA:74,0
DA:75,0
DA:76,0
DA:77,0
DA:79,0
DA:80,0
DA:81,0
DA:82,0
DA:83,0
DA:84,0
DA:86,0
DA:87,0
DA:88,0
DA:89,0
DA:90,0
DA:91,0
DA:93,0
DA:97,0
DA:98,0
DA:99,0
DA:100,0
DA:103,0
DA:104,0
DA:105,0
DA:111,0
DA:113,0
DA:117,0
DA:121,0
DA:125,0
DA:126,0
DA:128,0
DA:132,0
DA:133,0
DA:134,0
DA:140,0
DA:142,0
DA:143,0
DA:147,0
DA:151,0
DA:152,0
DA:154,0
DA:158,0
DA:159,0
DA:162,0
DA:163,0
DA:164,0
DA:165,0
DA:166,0
DA:169,0
DA:170,0
DA:175,0
DA:178,0
DA:179,0
DA:181,0
DA:182,0
DA:183,0
DA:190,0
DA:193,0
DA:200,0
DA:201,0
DA:202,0
DA:203,0
DA:211,0
DA:220,0
DA:221,0
DA:224,0
DA:225,0
DA:232,0
DA:233,0
DA:236,0
DA:237,0
DA:238,0
DA:244,0
DA:247,0
DA:248,0
DA:254,0
DA:257,0
DA:258,0
DA:259,0
DA:261,0
DA:262,0
DA:263,0
DA:264,0
DA:269,0
DA:274,0
DA:275,0
DA:287,0
DA:298,0
DA:300,0
DA:301,0
DA:302,0
DA:303,0
DA:304,0
DA:307,0
DA:314,0
DA:315,0
DA:319,0
DA:321,0
DA:322,0
DA:323,0
DA:324,0
DA:325,0
DA:326,0
DA:327,0
DA:329,0
DA:330,0
DA:332,0
DA:336,0
DA:343,0
DA:347,0
DA:348,0
DA:359,0
DA:360,0
DA:368,0
DA:377,0
DA:384,0
DA:390,0
DA:408,0
DA:417,0
DA:430,0
DA:440,0
DA:443,0
DA:480,0
DA:492,0
DA:495,0
DA:510,0
DA:522,0
DA:525,0
DA:557,0
DA:564,0
DA:572,0
DA:575,0
DA:581,0
DA:585,0
DA:608,0
DA:615,0
DA:623,0
DA:626,0
DA:632,0
DA:633,0
DA:635,0
DA:666,0
DA:673,0
DA:681,0
DA:684,0
DA:690,0
DA:691,0
DA:693,0
DA:721,0
LF:164
LH:0
BRDA:70,0,0,0
BRDA:70,0,1,0
BRDA:70,0,2,0
BRDA:70,0,3,0
BRDA:72,1,0,0
BRDA:72,1,1,0
BRDA:73,2,0,0
BRDA:73,2,1,0
BRDA:75,3,0,0
BRDA:75,3,1,0
BRDA:79,4,0,0
BRDA:79,4,1,0
BRDA:80,5,0,0
BRDA:80,5,1,0
BRDA:82,6,0,0
BRDA:82,6,1,0
BRDA:86,7,0,0
BRDA:86,7,1,0
BRDA:88,8,0,0
BRDA:88,8,1,0
BRDA:89,9,0,0
BRDA:89,9,1,0
BRDA:90,10,0,0
BRDA:90,10,1,0
BRDA:104,11,0,0
BRDA:104,11,1,0
BRDA:113,12,0,0
BRDA:113,12,1,0
BRDA:114,13,0,0
BRDA:114,13,1,0
BRDA:133,14,0,0
BRDA:133,14,1,0
BRDA:142,15,0,0
BRDA:142,15,1,0
BRDA:142,16,0,0
BRDA:142,16,1,0
BRDA:182,17,0,0
BRDA:182,17,1,0
BRDA:200,18,0,0
BRDA:200,18,1,0
BRDA:200,19,0,0
BRDA:200,19,1,0
BRDA:200,19,2,0
BRDA:237,20,0,0
BRDA:237,20,1,0
BRDA:247,21,0,0
BRDA:247,21,1,0
BRDA:261,22,0,0
BRDA:261,22,1,0
BRDA:261,23,0,0
BRDA:261,23,1,0
BRDA:274,24,0,0
BRDA:274,24,1,0
BRDA:293,25,0,0
BRDA:293,25,1,0
BRDA:294,26,0,0
BRDA:294,26,1,0
BRDA:295,27,0,0
BRDA:295,27,1,0
BRDA:301,28,0,0
BRDA:301,28,1,0
BRDA:303,29,0,0
BRDA:303,29,1,0
BRDA:303,30,0,0
BRDA:303,30,1,0
BRDA:321,31,0,0
BRDA:321,31,1,0
BRDA:322,32,0,0
BRDA:322,32,1,0
BRDA:324,33,0,0
BRDA:324,33,1,0
BRDA:326,34,0,0
BRDA:326,34,1,0
BRDA:329,35,0,0
BRDA:329,35,1,0
BRDA:347,36,0,0
BRDA:347,36,1,0
BRDA:359,37,0,0
BRDA:359,37,1,0
BRDA:443,38,0,0
BRDA:443,38,1,0
BRDA:452,39,0,0
BRDA:452,39,1,0
BRDA:483,40,0,0
BRDA:483,40,1,0
BRDA:489,41,0,0
BRDA:489,41,1,0
BRDA:513,42,0,0
BRDA:513,42,1,0
BRDA:519,43,0,0
BRDA:519,43,1,0
BRDA:540,44,0,0
BRDA:540,44,1,0
BRDA:546,45,0,0
BRDA:546,45,1,0
BRDA:578,46,0,0
BRDA:578,46,1,0
BRDA:591,47,0,0
BRDA:591,47,1,0
BRDA:629,48,0,0
BRDA:629,48,1,0
BRDA:632,49,0,0
BRDA:632,49,1,0
BRDA:645,50,0,0
BRDA:645,50,1,0
BRDA:651,51,0,0
BRDA:651,51,1,0
BRDA:687,52,0,0
BRDA:687,52,1,0
BRDA:690,53,0,0
BRDA:690,53,1,0
BRDA:703,54,0,0
BRDA:703,54,1,0
BRDA:708,55,0,0
BRDA:708,55,1,0
BRF:115
BRH:0
end_of_record
TN:
SF:src\screens\CreationDetailScreen.tsx
FN:32,(anonymous_0)
FN:50,(anonymous_1)
FN:65,(anonymous_2)
FN:68,(anonymous_3)
FN:94,(anonymous_4)
FN:128,(anonymous_5)
FN:135,(anonymous_6)
FN:175,(anonymous_7)
FN:219,(anonymous_8)
FN:277,(anonymous_9)
FN:350,(anonymous_10)
FN:388,(anonymous_11)
FN:395,(anonymous_12)
FN:401,(anonymous_13)
FN:407,(anonymous_14)
FN:419,(anonymous_15)
FN:434,(anonymous_16)
FN:453,(anonymous_17)
FN:453,(anonymous_18)
FN:459,(anonymous_19)
FN:500,(anonymous_20)
FN:564,(anonymous_21)
FN:578,(anonymous_22)
FN:670,(anonymous_23)
FN:711,(anonymous_24)
FN:736,(anonymous_25)
FNF:26
FNH:0
FNDA:0,(anonymous_0)
FNDA:0,(anonymous_1)
FNDA:0,(anonymous_2)
FNDA:0,(anonymous_3)
FNDA:0,(anonymous_4)
FNDA:0,(anonymous_5)
FNDA:0,(anonymous_6)
FNDA:0,(anonymous_7)
FNDA:0,(anonymous_8)
FNDA:0,(anonymous_9)
FNDA:0,(anonymous_10)
FNDA:0,(anonymous_11)
FNDA:0,(anonymous_12)
FNDA:0,(anonymous_13)
FNDA:0,(anonymous_14)
FNDA:0,(anonymous_15)
FNDA:0,(anonymous_16)
FNDA:0,(anonymous_17)
FNDA:0,(anonymous_18)
FNDA:0,(anonymous_19)
FNDA:0,(anonymous_20)
FNDA:0,(anonymous_21)
FNDA:0,(anonymous_22)
FNDA:0,(anonymous_23)
FNDA:0,(anonymous_24)
FNDA:0,(anonymous_25)
DA:32,0
DA:39,0
DA:50,0
DA:61,0
DA:63,0
DA:66,0
DA:68,0
DA:94,0
DA:95,0
DA:96,0
DA:97,0
DA:98,0
DA:104,0
DA:105,0
DA:106,0
DA:107,0
DA:108,0
DA:109,0
DA:110,0
DA:111,0
DA:112,0
DA:113,0
DA:114,0
DA:115,0
DA:128,0
DA:129,0
DA:131,0
DA:132,0
DA:134,0
DA:135,0
DA:137,0
DA:138,0
DA:139,0
DA:142,0
DA:143,0
DA:144,0
DA:145,0
DA:151,0
DA:152,0
DA:153,0
DA:154,0
DA:160,0
DA:161,0
DA:162,0
DA:164,0
DA:168,0
DA:170,0
DA:175,0
DA:176,0
DA:177,0
DA:183,0
DA:186,0
DA:187,0
DA:188,0
DA:189,0
DA:200,0
DA:208,0
DA:219,0
DA:220,0
DA:221,0
DA:227,0
DA:230,0
DA:231,0
DA:237,0
DA:240,0
DA:241,0
DA:243,0
DA:245,0
DA:246,0
DA:247,0
DA:255,0
DA:257,0
DA:265,0
DA:272,0
DA:277,0
DA:278,0
DA:279,0
DA:285,0
DA:288,0
DA:289,0
DA:295,0
DA:298,0
DA:299,0
DA:305,0
DA:308,0
DA:309,0
DA:311,0
DA:316,0
DA:317,0
DA:318,0
DA:319,0
DA:320,0
DA:328,0
DA:330,0
DA:338,0
DA:345,0
DA:350,0
DA:351,0
DA:352,0
DA:354,0
DA:356,0
DA:357,0
DA:358,0
DA:366,0
DA:368,0
DA:376,0
DA:383,0
DA:388,0
DA:389,0
DA:390,0
DA:395,0
DA:396,0
DA:397,0
DA:401,0
DA:402,0
DA:406,0
DA:408,0
DA:409,0
DA:414,0
DA:415,0
DA:419,0
DA:429,0
DA:430,0
DA:434,0
DA:443,0
DA:444,0
DA:446,0
DA:453,0
DA:459,0
DA:500,0
DA:565,0
DA:579,0
DA:671,0
DA:672,0
DA:712,0
DA:713,0
DA:737,0
DA:848,0
LF:138
LH:0
BRDA:34,0,0,0
BRDA:42,1,0,0
BRDA:42,1,1,0
BRDA:53,2,0,0
BRDA:54,3,0,0
BRDA:68,4,0,0
BRDA:68,4,1,0
BRDA:76,5,0,0
BRDA:76,5,1,0
BRDA:79,6,0,0
BRDA:79,6,1,0
BRDA:129,7,0,0
BRDA:129,7,1,0
BRDA:137,8,0,0
BRDA:137,8,1,0
BRDA:144,9,0,0
BRDA:144,9,1,0
BRDA:153,10,0,0
BRDA:153,10,1,0
BRDA:176,11,0,0
BRDA:176,11,1,0
BRDA:188,12,0,0
BRDA:188,12,1,0
BRDA:191,13,0,0
BRDA:191,13,1,0
BRDA:194,14,0,0
BRDA:194,14,1,0
BRDA:220,15,0,0
BRDA:220,15,1,0
BRDA:230,16,0,0
BRDA:230,16,1,0
BRDA:245,17,0,0
BRDA:245,17,1,0
BRDA:278,18,0,0
BRDA:278,18,1,0
BRDA:288,19,0,0
BRDA:288,19,1,0
BRDA:298,20,0,0
BRDA:298,20,1,0
BRDA:298,21,0,0
BRDA:298,21,1,0
BRDA:316,22,0,0
BRDA:316,22,1,0
BRDA:356,23,0,0
BRDA:356,23,1,0
BRDA:389,24,0,0
BRDA:389,24,1,0
BRDA:396,25,0,0
BRDA:396,25,1,0
BRDA:408,26,0,0
BRDA:408,26,1,0
BRDA:414,27,0,0
BRDA:414,27,1,0
BRDA:429,28,0,0
BRDA:429,28,1,0
BRDA:461,29,0,0
BRDA:461,29,1,0
BRDA:469,30,0,0
BRDA:469,30,1,0
BRDA:476,31,0,0
BRDA:476,31,1,0
BRDA:495,32,0,0
BRDA:495,32,1,0
BRDA:495,33,0,0
BRDA:495,33,1,0
BRDA:506,34,0,0
BRDA:506,34,1,0
BRDA:528,35,0,0
BRDA:528,35,1,0
BRDA:530,36,0,0
BRDA:530,36,1,0
BRDA:535,37,0,0
BRDA:535,37,1,0
BRDA:555,38,0,0
BRDA:555,38,1,0
BRDA:560,39,0,0
BRDA:560,39,1,0
BRDA:560,39,2,0
BRDA:574,40,0,0
BRDA:574,40,1,0
BRDA:574,40,2,0
BRDA:603,41,0,0
BRDA:603,41,1,0
BRDA:606,42,0,0
BRDA:606,42,1,0
BRDA:617,43,0,0
BRDA:617,43,1,0
BRDA:617,43,2,0
BRDA:619,44,0,0
BRDA:619,44,1,0
BRDA:638,45,0,0
BRDA:638,45,1,0
BRDA:638,45,2,0
BRDA:644,46,0,0
BRDA:644,46,1,0
BRDA:663,47,0,0
BRDA:663,47,1,0
BRDA:681,48,0,0
BRDA:681,48,1,0
BRDA:700,49,0,0
BRDA:700,49,1,0
BRDA:700,49,2,0
BRDA:706,50,0,0
BRDA:706,50,1,0
BRDA:725,51,0,0
BRDA:725,51,1,0
BRDA:734,52,0,0
BRDA:734,52,1,0
BRDA:740,53,0,0
BRDA:740,53,1,0
BRDA:748,54,0,0
BRDA:748,54,1,0
BRDA:748,54,2,0
BRDA:766,55,0,0
BRDA:766,55,1,0
BRDA:766,55,2,0
BRDA:771,56,0,0
BRDA:771,56,1,0
BRDA:776,57,0,0
BRDA:776,57,1,0
BRDA:781,58,0,0
BRDA:781,58,1,0
BRDA:793,59,0,0
BRDA:793,59,1,0
BRDA:819,60,0,0
BRDA:819,60,1,0
BRDA:831,61,0,0
BRDA:831,61,1,0
BRF:128
BRH:0
end_of_record
TN:
SF:src\screens\CreationsScreen.tsx
FN:24,(anonymous_0)
FN:49,(anonymous_1)
FN:68,(anonymous_2)
FN:73,(anonymous_3)
FN:74,(anonymous_4)
FN:83,(anonymous_5)
FN:87,(anonymous_6)
FN:92,(anonymous_7)
FN:96,(anonymous_8)
FN:104,(anonymous_9)
FN:140,(anonymous_10)
FN:144,(anonymous_11)
FN:157,(anonymous_12)
FN:158,(anonymous_13)
FN:208,(anonymous_14)
FN:215,(anonymous_15)
FN:222,(anonymous_16)
FN:251,(anonymous_17)
FN:251,(anonymous_18)
FN:257,(anonymous_19)
FNF:20
FNH:0
FNDA:0,(anonymous_0)
FNDA:0,(anonymous_1)
FNDA:0,(anonymous_2)
FNDA:0,(anonymous_3)
FNDA:0,(anonymous_4)
FNDA:0,(anonymous_5)
FNDA:0,(anonymous_6)
FNDA:0,(anonymous_7)
FNDA:0,(anonymous_8)
FNDA:0,(anonymous_9)
FNDA:0,(anonymous_10)
FNDA:0,(anonymous_11)
FNDA:0,(anonymous_12)
FNDA:0,(anonymous_13)
FNDA:0,(anonymous_14)
FNDA:0,(anonymous_15)
FNDA:0,(anonymous_16)
FNDA:0,(anonymous_17)
FNDA:0,(anonymous_18)
FNDA:0,(anonymous_19)
DA:24,0
DA:25,0
DA:26,0
DA:27,0
DA:28,0
DA:29,0
DA:30,0
DA:41,0
DA:49,0
DA:50,0
DA:52,0
DA:53,0
DA:54,0
DA:55,0
DA:57,0
DA:64,0
DA:68,0
DA:69,0
DA:73,0
DA:74,0
DA:75,0
DA:76,0
DA:80,0
DA:83,0
DA:84,0
DA:87,0
DA:89,0
DA:92,0
DA:93,0
DA:96,0
DA:98,0
DA:104,0
DA:105,0
DA:107,0
DA:109,0
DA:110,0
DA:112,0
DA:113,0
DA:115,0
DA:123,0
DA:125,0
DA:136,0
DA:140,0
DA:141,0
DA:144,0
DA:145,0
DA:146,0
DA:148,0
DA:158,0
DA:208,0
DA:215,0
DA:222,0
DA:232,0
DA:233,0
DA:244,0
DA:251,0
DA:257,0
DA:340,0
LF:58
LH:0
BRDA:50,0,0,0
BRDA:50,0,1,0
BRDA:75,1,0,0
BRDA:75,1,1,0
BRDA:105,2,0,0
BRDA:105,2,1,0
BRDA:129,3,0,0
BRDA:129,3,1,0
BRDA:145,4,0,0
BRDA:145,4,1,0
BRDA:152,5,0,0
BRDA:152,5,1,0
BRDA:152,6,0,0
BRDA:152,6,1,0
BRDA:165,7,0,0
BRDA:165,7,1,0
BRDA:181,8,0,0
BRDA:181,8,1,0
BRDA:181,8,2,0
BRDA:186,9,0,0
BRDA:186,9,1,0
BRDA:201,10,0,0
BRDA:201,10,1,0
BRDA:232,11,0,0
BRDA:232,11,1,0
BRDA:265,12,0,0
BRDA:265,12,1,0
BRDA:271,13,0,0
BRDA:271,13,1,0
BRF:29
BRH:0
end_of_record
TN:
SF:src\screens\CreatorProfileScreen.tsx
FN:30,(anonymous_0)
FN:52,(anonymous_1)
FN:59,(anonymous_2)
FN:109,(anonymous_3)
FN:114,(anonymous_4)
FN:118,(anonymous_5)
FN:127,(anonymous_6)
FN:142,(anonymous_7)
FN:153,(anonymous_8)
FN:156,(anonymous_9)
FN:195,(anonymous_10)
FN:195,(anonymous_11)
FN:201,(anonymous_12)
FN:256,(anonymous_13)
FN:300,(anonymous_14)
FN:312,(anonymous_15)
FN:315,(anonymous_16)
FN:378,(anonymous_17)
FNF:18
FNH:0
FNDA:0,(anonymous_0)
FNDA:0,(anonymous_1)
FNDA:0,(anonymous_2)
FNDA:0,(anonymous_3)
FNDA:0,(anonymous_4)
FNDA:0,(anonymous_5)
FNDA:0,(anonymous_6)
FNDA:0,(anonymous_7)
FNDA:0,(anonymous_8)
FNDA:0,(anonymous_9)
FNDA:0,(anonymous_10)
FNDA:0,(anonymous_11)
FNDA:0,(anonymous_12)
FNDA:0,(anonymous_13)
FNDA:0,(anonymous_14)
FNDA:0,(anonymous_15)
FNDA:0,(anonymous_16)
FNDA:0,(anonymous_17)
DA:30,0
DA:31,0
DA:32,0
DA:33,0
DA:34,0
DA:36,0
DA:37,0
DA:38,0
DA:39,0
DA:52,0
DA:53,0
DA:54,0
DA:57,0
DA:58,0
DA:59,0
DA:62,0
DA:63,0
DA:67,0
DA:74,0
DA:77,0
DA:94,0
DA:95,0
DA:97,0
DA:104,0
DA:109,0
DA:110,0
DA:114,0
DA:115,0
DA:118,0
DA:119,0
DA:122,0
DA:123,0
DA:127,0
DA:137,0
DA:138,0
DA:142,0
DA:151,0
DA:153,0
DA:154,0
DA:156,0
DA:188,0
DA:195,0
DA:201,0
DA:257,0
DA:300,0
DA:313,0
DA:314,0
DA:315,0
DA:318,0
DA:319,0
DA:320,0
DA:378,0
DA:390,0
LF:53
LH:0
BRDA:62,0,0,0
BRDA:62,0,1,0
BRDA:81,1,0,0
BRDA:81,1,1,0
BRDA:84,2,0,0
BRDA:84,2,1,0
BRDA:86,3,0,0
BRDA:86,3,1,0
BRDA:88,4,0,0
BRDA:88,4,1,0
BRDA:89,5,0,0
BRDA:89,5,1,0
BRDA:90,6,0,0
BRDA:90,6,1,0
BRDA:122,7,0,0
BRDA:122,7,1,0
BRDA:137,8,0,0
BRDA:137,8,1,0
BRDA:159,9,0,0
BRDA:159,9,1,0
BRDA:182,10,0,0
BRDA:182,10,1,0
BRDA:203,11,0,0
BRDA:203,11,1,0
BRDA:216,12,0,0
BRDA:216,12,1,0
BRDA:225,13,0,0
BRDA:225,13,1,0
BRDA:233,14,0,0
BRDA:233,14,1,0
BRDA:235,15,0,0
BRDA:235,15,1,0
BRDA:240,16,0,0
BRDA:240,16,1,0
BRDA:248,17,0,0
BRDA:248,17,1,0
BRDA:252,18,0,0
BRDA:252,18,1,0
BRDA:252,19,0,0
BRDA:252,19,1,0
BRDA:273,20,0,0
BRDA:273,20,1,0
BRDA:294,21,0,0
BRDA:294,21,1,0
BRDA:306,22,0,0
BRDA:306,22,1,0
BRDA:313,23,0,0
BRDA:313,23,1,0
BRDA:315,24,0,0
BRDA:315,24,1,0
BRDA:319,25,0,0
BRDA:319,25,1,0
BRDA:320,26,0,0
BRDA:320,26,1,0
BRDA:332,27,0,0
BRDA:332,27,1,0
BRDA:332,27,2,0
BRDA:336,28,0,0
BRDA:336,28,1,0
BRDA:344,29,0,0
BRDA:344,29,1,0
BRDA:352,30,0,0
BRDA:352,30,1,0
BRDA:368,31,0,0
BRDA:368,31,1,0
BRF:65
BRH:0
end_of_record
TN:
SF:src\screens\EditCreationScreen.tsx
FN:32,(anonymous_0)
FN:69,(anonymous_1)
FN:70,(anonymous_2)
FN:77,(anonymous_3)
FN:84,(anonymous_4)
FN:132,(anonymous_5)
FN:155,(anonymous_6)
FN:156,(anonymous_7)
FN:169,(anonymous_8)
FN:182,(anonymous_9)
FN:183,(anonymous_10)
FN:185,(anonymous_11)
FN:189,(anonymous_12)
FN:202,(anonymous_13)
FN:203,(anonymous_14)
FN:205,(anonymous_15)
FN:209,(anonymous_16)
FN:284,(anonymous_17)
FN:299,(anonymous_18)
FN:309,(anonymous_19)
FN:310,(anonymous_20)
FN:335,(anonymous_21)
FN:335,(anonymous_22)
FN:341,(anonymous_23)
FN:384,(anonymous_24)
FN:384,(anonymous_25)
FN:392,(anonymous_26)
FN:393,(anonymous_27)
FN:405,(anonymous_28)
FN:405,(anonymous_29)
FN:415,(anonymous_30)
FN:418,(anonymous_31)
FN:438,(anonymous_32)
FN:442,(anonymous_33)
FN:466,(anonymous_34)
FN:470,(anonymous_35)
FN:487,(anonymous_36)
FN:495,(anonymous_37)
FN:502,(anonymous_38)
FN:515,(anonymous_39)
FN:523,(anonymous_40)
FN:530,(anonymous_41)
FN:531,(anonymous_42)
FN:537,(anonymous_43)
FN:551,(anonymous_44)
FN:583,(anonymous_45)
FN:591,(anonymous_46)
FN:598,(anonymous_47)
FN:599,(anonymous_48)
FN:605,(anonymous_49)
FN:618,(anonymous_50)
FNF:51
FNH:0
FNDA:0,(anonymous_0)
FNDA:0,(anonymous_1)
FNDA:0,(anonymous_2)
FNDA:0,(anonymous_3)
FNDA:0,(anonymous_4)
FNDA:0,(anonymous_5)
FNDA:0,(anonymous_6)
FNDA:0,(anonymous_7)
FNDA:0,(anonymous_8)
FNDA:0,(anonymous_9)
FNDA:0,(anonymous_10)
FNDA:0,(anonymous_11)
FNDA:0,(anonymous_12)
FNDA:0,(anonymous_13)
FNDA:0,(anonymous_14)
FNDA:0,(anonymous_15)
FNDA:0,(anonymous_16)
FNDA:0,(anonymous_17)
FNDA:0,(anonymous_18)
FNDA:0,(anonymous_19)
FNDA:0,(anonymous_20)
FNDA:0,(anonymous_21)
FNDA:0,(anonymous_22)
FNDA:0,(anonymous_23)
FNDA:0,(anonymous_24)
FNDA:0,(anonymous_25)
FNDA:0,(anonymous_26)
FNDA:0,(anonymous_27)
FNDA:0,(anonymous_28)
FNDA:0,(anonymous_29)
FNDA:0,(anonymous_30)
FNDA:0,(anonymous_31)
FNDA:0,(anonymous_32)
FNDA:0,(anonymous_33)
FNDA:0,(anonymous_34)
FNDA:0,(anonymous_35)
FNDA:0,(anonymous_36)
FNDA:0,(anonymous_37)
FNDA:0,(anonymous_38)
FNDA:0,(anonymous_39)
FNDA:0,(anonymous_40)
FNDA:0,(anonymous_41)
FNDA:0,(anonymous_42)
FNDA:0,(anonymous_43)
FNDA:0,(anonymous_44)
FNDA:0,(anonymous_45)
FNDA:0,(anonymous_46)
FNDA:0,(anonymous_47)
FNDA:0,(anonymous_48)
FNDA:0,(anonymous_49)
FNDA:0,(anonymous_50)
DA:32,0
DA:33,0
DA:34,0
DA:35,0
DA:37,0
DA:47,0
DA:48,0
DA:49,0
DA:50,0
DA:51,0
DA:52,0
DA:56,0
DA:69,0
DA:70,0
DA:71,0
DA:72,0
DA:73,0
DA:76,0
DA:77,0
DA:81,0
DA:84,0
DA:86,0
DA:87,0
DA:94,0
DA:97,0
DA:99,0
DA:100,0
DA:106,0
DA:111,0
DA:113,0
DA:114,0
DA:121,0
DA:124,0
DA:131,0
DA:132,0
DA:136,0
DA:137,0
DA:145,0
DA:155,0
DA:156,0
DA:160,0
DA:161,0
DA:169,0
DA:170,0
DA:171,0
DA:177,0
DA:179,0
DA:182,0
DA:183,0
DA:185,0
DA:189,0
DA:190,0
DA:191,0
DA:197,0
DA:199,0
DA:202,0
DA:203,0
DA:205,0
DA:209,0
DA:210,0
DA:211,0
DA:217,0
DA:220,0
DA:221,0
DA:222,0
DA:228,0
DA:231,0
DA:233,0
DA:235,0
DA:246,0
DA:248,0
DA:249,0
DA:250,0
DA:254,0
DA:256,0
DA:262,0
DA:263,0
DA:265,0
DA:267,0
DA:271,0
DA:276,0
DA:284,0
DA:285,0
DA:288,0
DA:295,0
DA:299,0
DA:304,0
DA:310,0
DA:314,0
DA:328,0
DA:335,0
DA:341,0
DA:384,0
DA:393,0
DA:405,0
DA:415,0
DA:418,0
DA:439,0
DA:442,0
DA:467,0
DA:470,0
DA:487,0
DA:495,0
DA:502,0
DA:515,0
DA:523,0
DA:530,0
DA:532,0
DA:538,0
DA:539,0
DA:541,0
DA:542,0
DA:549,0
DA:551,0
DA:583,0
DA:591,0
DA:598,0
DA:600,0
DA:606,0
DA:607,0
DA:609,0
DA:610,0
DA:616,0
DA:618,0
DA:647,0
LF:125
LH:0
BRDA:44,0,0,0
BRDA:44,0,1,0
BRDA:86,1,0,0
BRDA:86,1,1,0
BRDA:99,2,0,0
BRDA:99,2,1,0
BRDA:113,3,0,0
BRDA:113,3,1,0
BRDA:131,4,0,0
BRDA:131,4,1,0
BRDA:131,5,0,0
BRDA:131,5,1,0
BRDA:170,6,0,0
BRDA:170,6,1,0
BRDA:190,7,0,0
BRDA:190,7,1,0
BRDA:210,8,0,0
BRDA:210,8,1,0
BRDA:210,9,0,0
BRDA:210,9,1,0
BRDA:210,9,2,0
BRDA:221,10,0,0
BRDA:221,10,1,0
BRDA:221,11,0,0
BRDA:221,11,1,0
BRDA:246,12,0,0
BRDA:246,12,1,0
BRDA:246,13,0,0
BRDA:246,13,1,0
BRDA:265,14,0,0
BRDA:265,14,1,0
BRDA:265,15,0,0
BRDA:265,15,1,0
BRDA:307,16,0,0
BRDA:307,16,1,0
BRDA:320,17,0,0
BRDA:320,17,1,0
BRDA:359,18,0,0
BRDA:359,18,1,0
BRDA:418,19,0,0
BRDA:418,19,1,0
BRDA:430,20,0,0
BRDA:430,20,1,0
BRDA:436,21,0,0
BRDA:436,21,1,0
BRDA:458,22,0,0
BRDA:458,22,1,0
BRDA:464,23,0,0
BRDA:464,23,1,0
BRDA:535,24,0,0
BRDA:535,24,1,0
BRDA:538,25,0,0
BRDA:538,25,1,0
BRDA:541,26,0,0
BRDA:541,26,1,0
BRDA:561,27,0,0
BRDA:561,27,1,0
BRDA:567,28,0,0
BRDA:567,28,1,0
BRDA:603,29,0,0
BRDA:603,29,1,0
BRDA:606,30,0,0
BRDA:606,30,1,0
BRDA:609,31,0,0
BRDA:609,31,1,0
BRDA:628,32,0,0
BRDA:628,32,1,0
BRDA:633,33,0,0
BRDA:633,33,1,0
BRF:69
BRH:0
end_of_record
TN:
SF:src\screens\EmailConfirmationScreen.tsx
FN:24,(anonymous_0)
FN:36,(anonymous_1)
FN:37,(anonymous_2)
FN:38,(anonymous_3)
FN:48,(anonymous_4)
FN:51,(anonymous_5)
FN:62,(anonymous_6)
FN:183,(anonymous_7)
FNF:8
FNH:0
FNDA:0,(anonymous_0)
FNDA:0,(anonymous_1)
FNDA:0,(anonymous_2)
FNDA:0,(anonymous_3)
FNDA:0,(anonymous_4)
FNDA:0,(anonymous_5)
FNDA:0,(anonymous_6)
FNDA:0,(anonymous_7)
DA:24,0
DA:27,0
DA:29,0
DA:32,0
DA:33,0
DA:34,0
DA:36,0
DA:37,0
DA:38,0
DA:39,0
DA:40,0
DA:41,0
DA:42,0
DA:44,0
DA:48,0
DA:51,0
DA:52,0
DA:53,0
DA:54,0
DA:56,0
DA:57,0
DA:58,0
DA:62,0
DA:64,0
DA:69,0
DA:70,0
DA:71,0
DA:72,0
DA:73,0
DA:74,0
DA:83,0
DA:146,0
DA:183,0
DA:192,0
LF:34
LH:0
BRDA:39,0,0,0
BRDA:39,0,1,0
BRDA:53,1,0,0
BRDA:53,1,1,0
BRDA:72,2,0,0
BRDA:72,2,1,0
BRDA:167,3,0,0
BRDA:167,3,1,0
BRDA:174,4,0,0
BRDA:174,4,1,0
BRDA:177,5,0,0
BRDA:177,5,1,0
BRF:12
BRH:0
end_of_record
TN:
SF:src\screens\EmailConfirmedScreen.tsx
FN:13,(anonymous_0)
FN:18,(anonymous_1)
FN:28,(anonymous_2)
FN:32,(anonymous_3)
FN:108,(anonymous_4)
FN:115,(anonymous_5)
FNF:6
FNH:0
FNDA:0,(anonymous_0)
FNDA:0,(anonymous_1)
FNDA:0,(anonymous_2)
FNDA:0,(anonymous_3)
FNDA:0,(anonymous_4)
FNDA:0,(anonymous_5)
DA:13,0
DA:14,0
DA:16,0
DA:18,0
DA:20,0
DA:28,0
DA:29,0
DA:32,0
DA:36,0
DA:91,0
DA:108,0
DA:115,0
DA:124,0
LF:13
LH:0
BRF:0
BRH:0
end_of_record
TN:
SF:src\screens\ExploreScreen.tsx
FN:41,(anonymous_0)
FN:57,(anonymous_1)
FN:63,(anonymous_2)
FN:87,(anonymous_3)
FN:91,(anonymous_4)
FN:99,(anonymous_5)
FN:108,(anonymous_6)
FN:122,(anonymous_7)
FN:134,(anonymous_8)
FN:144,(anonymous_9)
FN:148,(anonymous_10)
FN:150,(anonymous_11)
FN:157,(anonymous_12)
FN:160,(anonymous_13)
FN:166,(anonymous_14)
FN:174,(anonymous_15)
FN:184,(anonymous_16)
FN:257,(anonymous_17)
FN:261,(anonymous_18)
FN:269,(anonymous_19)
FN:276,(anonymous_20)
FN:284,(anonymous_21)
FN:313,(anonymous_22)
FN:323,(anonymous_23)
FN:332,(anonymous_24)
FNF:25
FNH:0
FNDA:0,(anonymous_0)
FNDA:0,(anonymous_1)
FNDA:0,(anonymous_2)
FNDA:0,(anonymous_3)
FNDA:0,(anonymous_4)
FNDA:0,(anonymous_5)
FNDA:0,(anonymous_6)
FNDA:0,(anonymous_7)
FNDA:0,(anonymous_8)
FNDA:0,(anonymous_9)
FNDA:0,(anonymous_10)
FNDA:0,(anonymous_11)
FNDA:0,(anonymous_12)
FNDA:0,(anonymous_13)
FNDA:0,(anonymous_14)
FNDA:0,(anonymous_15)
FNDA:0,(anonymous_16)
FNDA:0,(anonymous_17)
FNDA:0,(anonymous_18)
FNDA:0,(anonymous_19)
FNDA:0,(anonymous_20)
FNDA:0,(anonymous_21)
FNDA:0,(anonymous_22)
FNDA:0,(anonymous_23)
FNDA:0,(anonymous_24)
DA:34,0
DA:35,0
DA:36,0
DA:37,0
DA:41,0
DA:42,0
DA:43,0
DA:44,0
DA:45,0
DA:48,0
DA:49,0
DA:50,0
DA:51,0
DA:53,0
DA:55,0
DA:57,0
DA:63,0
DA:64,0
DA:65,0
DA:68,0
DA:69,0
DA:74,0
DA:77,0
DA:79,0
DA:83,0
DA:87,0
DA:88,0
DA:91,0
DA:92,0
DA:93,0
DA:94,0
DA:99,0
DA:100,0
DA:101,0
DA:103,0
DA:108,0
DA:109,0
DA:110,0
DA:111,0
DA:112,0
DA:114,0
DA:115,0
DA:118,0
DA:122,0
DA:123,0
DA:124,0
DA:126,0
DA:134,0
DA:135,0
DA:136,0
DA:141,0
DA:144,0
DA:145,0
DA:148,0
DA:151,0
DA:157,0
DA:158,0
DA:160,0
DA:174,0
DA:175,0
DA:185,0
DA:186,0
DA:198,0
DA:199,0
DA:221,0
DA:222,0
DA:247,0
DA:258,0
DA:262,0
DA:263,0
DA:264,0
DA:266,0
DA:269,0
DA:277,0
DA:284,0
DA:315,0
DA:324,0
DA:334,0
DA:356,0
LF:79
LH:0
BRDA:68,0,0,0
BRDA:68,0,1,0
BRDA:68,1,0,0
BRDA:68,1,1,0
BRDA:92,2,0,0
BRDA:92,2,1,0
BRDA:100,3,0,0
BRDA:100,3,1,0
BRDA:109,4,0,0
BRDA:109,4,1,0
BRDA:163,5,0,0
BRDA:163,5,1,0
BRDA:163,6,0,0
BRDA:163,6,1,0
BRDA:163,6,2,0
BRDA:177,7,0,0
BRDA:177,7,1,0
BRDA:177,8,0,0
BRDA:177,8,1,0
BRDA:181,9,0,0
BRDA:181,9,1,0
BRDA:181,9,2,0
BRDA:198,10,0,0
BRDA:198,10,1,0
BRDA:221,11,0,0
BRDA:221,11,1,0
BRDA:262,12,0,0
BRDA:262,12,1,0
BRDA:281,13,0,0
BRDA:281,13,1,0
BRDA:295,14,0,0
BRDA:295,14,1,0
BRDA:318,15,0,0
BRDA:318,15,1,0
BRDA:348,16,0,0
BRDA:348,16,1,0
BRDA:351,17,0,0
BRDA:351,17,1,0
BRF:38
BRH:0
end_of_record
TN:
SF:src\screens\FavoritesScreen.tsx
FN:18,(anonymous_0)
FN:26,(anonymous_1)
FN:27,(anonymous_2)
FN:36,(anonymous_3)
FN:43,(anonymous_4)
FN:47,(anonymous_5)
FN:60,(anonymous_6)
FN:61,(anonymous_7)
FN:101,(anonymous_8)
FN:108,(anonymous_9)
FN:132,(anonymous_10)
FN:158,(anonymous_11)
FNF:12
FNH:0
FNDA:0,(anonymous_0)
FNDA:0,(anonymous_1)
FNDA:0,(anonymous_2)
FNDA:0,(anonymous_3)
FNDA:0,(anonymous_4)
FNDA:0,(anonymous_5)
FNDA:0,(anonymous_6)
FNDA:0,(anonymous_7)
FNDA:0,(anonymous_8)
FNDA:0,(anonymous_9)
FNDA:0,(anonymous_10)
FNDA:0,(anonymous_11)
DA:18,0
DA:19,0
DA:20,0
DA:22,0
DA:23,0
DA:26,0
DA:27,0
DA:28,0
DA:29,0
DA:33,0
DA:36,0
DA:37,0
DA:43,0
DA:44,0
DA:47,0
DA:48,0
DA:49,0
DA:51,0
DA:61,0
DA:101,0
DA:108,0
DA:118,0
DA:119,0
DA:130,0
DA:132,0
DA:158,0
DA:178,0
LF:27
LH:0
BRDA:28,0,0,0
BRDA:28,0,1,0
BRDA:48,1,0,0
BRDA:48,1,1,0
BRDA:55,2,0,0
BRDA:55,2,1,0
BRDA:55,3,0,0
BRDA:55,3,1,0
BRDA:68,4,0,0
BRDA:68,4,1,0
BRDA:94,5,0,0
BRDA:94,5,1,0
BRDA:118,6,0,0
BRDA:118,6,1,0
BRDA:135,7,0,0
BRDA:135,7,1,0
BRDA:139,8,0,0
BRDA:139,8,1,0
BRDA:149,9,0,0
BRDA:149,9,1,0
BRF:20
BRH:0
end_of_record
TN:
SF:src\screens\ForgotPasswordScreen.tsx
FN:19,(anonymous_0)
FN:37,(anonymous_1)
FN:218,(anonymous_2)
FN:218,(anonymous_3)
FN:226,(anonymous_4)
FN:278,(anonymous_5)
FNF:6
FNH:0
FNDA:0,(anonymous_0)
FNDA:0,(anonymous_1)
FNDA:0,(anonymous_2)
FNDA:0,(anonymous_3)
FNDA:0,(anonymous_4)
FNDA:0,(anonymous_5)
DA:19,0
DA:20,0
DA:21,0
DA:23,0
DA:24,0
DA:25,0
DA:37,0
DA:39,0
DA:40,0
DA:46,0
DA:50,0
DA:51,0
DA:52,0
DA:58,0
DA:61,0
DA:62,0
DA:63,0
DA:65,0
DA:66,0
DA:73,0
DA:75,0
DA:85,0
DA:92,0
DA:97,0
DA:211,0
DA:218,0
DA:226,0
DA:278,0
DA:290,0
LF:29
LH:0
BRDA:39,0,0,0
BRDA:39,0,1,0
BRDA:51,1,0,0
BRDA:51,1,1,0
BRDA:65,2,0,0
BRDA:65,2,1,0
BRDA:79,3,0,0
BRDA:79,3,1,0
BRDA:260,4,0,0
BRDA:260,4,1,0
BRDA:266,5,0,0
BRDA:266,5,1,0
BRF:12
BRH:0
end_of_record
TN:
SF:src\screens\HomeScreen.tsx
FN:27,(anonymous_0)
FN:31,(anonymous_1)
FN:35,(anonymous_2)
FN:39,(anonymous_3)
FN:43,(anonymous_4)
FN:48,(anonymous_5)
FN:61,(anonymous_6)
FN:89,(anonymous_7)
FNF:8
FNH:0
FNDA:0,(anonymous_0)
FNDA:0,(anonymous_1)
FNDA:0,(anonymous_2)
FNDA:0,(anonymous_3)
FNDA:0,(anonymous_4)
FNDA:0,(anonymous_5)
FNDA:0,(anonymous_6)
FNDA:0,(anonymous_7)
DA:19,0
DA:22,0
DA:23,0
DA:27,0
DA:28,0
DA:29,0
DA:31,0
DA:32,0
DA:35,0
DA:36,0
DA:39,0
DA:40,0
DA:43,0
DA:44,0
DA:48,0
DA:49,0
DA:61,0
DA:62,0
DA:89,0
DA:90,0
DA:91,0
DA:101,0
DA:111,0
DA:169,0
LF:24
LH:0
BRDA:90,0,0,0
BRDA:90,0,1,0
BRDA:114,1,0,0
BRDA:114,1,1,0
BRDA:121,2,0,0
BRDA:121,2,1,0
BRDA:161,3,0,0
BRDA:161,3,1,0
BRDA:164,4,0,0
BRDA:164,4,1,0
BRF:10
BRH:0
end_of_record
TN:
SF:src\screens\LoginScreen.tsx
FN:36,(anonymous_0)
FN:50,(anonymous_1)
FN:58,(anonymous_2)
FN:62,(anonymous_3)
FN:98,(anonymous_4)
FN:212,(anonymous_5)
FNF:6
FNH:0
FNDA:0,(anonymous_0)
FNDA:0,(anonymous_1)
FNDA:0,(anonymous_2)
FNDA:0,(anonymous_3)
FNDA:0,(anonymous_4)
FNDA:0,(anonymous_5)
DA:21,0
DA:24,0
DA:36,0
DA:37,0
DA:38,0
DA:39,0
DA:42,0
DA:43,0
DA:44,0
DA:45,0
DA:46,0
DA:47,0
DA:48,0
DA:50,0
DA:51,0
DA:52,0
DA:53,0
DA:54,0
DA:55,0
DA:58,0
DA:59,0
DA:62,0
DA:63,0
DA:64,0
DA:65,0
DA:69,0
DA:70,0
DA:71,0
DA:74,0
DA:75,0
DA:76,0
DA:77,0
DA:83,0
DA:85,0
DA:86,0
DA:91,0
DA:92,0
DA:93,0
DA:95,0
DA:98,0
DA:102,0
DA:104,0
DA:106,0
DA:107,0
DA:112,0
DA:113,0
DA:114,0
DA:116,0
DA:120,0
DA:125,0
DA:129,0
DA:212,0
DA:259,0
LF:53
LH:0
BRDA:63,0,0,0
BRDA:63,0,1,0
BRDA:63,1,0,0
BRDA:63,1,1,0
BRDA:69,2,0,0
BRDA:69,2,1,0
BRDA:69,3,0,0
BRDA:69,3,1,0
BRDA:69,3,2,0
BRDA:76,4,0,0
BRDA:76,4,1,0
BRDA:83,5,0,0
BRDA:83,5,1,0
BRDA:91,6,0,0
BRDA:91,6,1,0
BRDA:93,7,0,0
BRDA:93,7,1,0
BRDA:104,8,0,0
BRDA:104,8,1,0
BRDA:112,9,0,0
BRDA:112,9,1,0
BRDA:114,10,0,0
BRDA:114,10,1,0
BRDA:132,11,0,0
BRDA:132,11,1,0
BRDA:142,12,0,0
BRDA:142,12,1,0
BRDA:145,13,0,0
BRDA:145,13,1,0
BRDA:153,14,0,0
BRDA:153,14,1,0
BRDA:209,15,0,0
BRDA:209,15,1,0
BRDA:222,16,0,0
BRDA:222,16,1,0
BRDA:224,17,0,0
BRDA:224,17,1,0
BRDA:239,18,0,0
BRDA:239,18,1,0
BRDA:243,19,0,0
BRDA:243,19,1,0
BRF:41
BRH:0
end_of_record
TN:
SF:src\screens\ProfilScreen.tsx
FN:29,(anonymous_0)
FN:89,(anonymous_1)
FN:126,(anonymous_2)
FN:153,(anonymous_3)
FN:160,(anonymous_4)
FN:165,(anonymous_5)
FN:222,(anonymous_6)
FN:277,(anonymous_7)
FN:349,(anonymous_8)
FN:350,(anonymous_9)
FN:357,(anonymous_10)
FN:366,(anonymous_11)
FN:393,(anonymous_12)
FN:398,(anonymous_13)
FN:399,(anonymous_14)
FN:401,(anonymous_15)
FN:405,(anonymous_16)
FN:409,(anonymous_17)
FN:411,(anonymous_18)
FN:414,(anonymous_19)
FN:417,(anonymous_20)
FN:424,(anonymous_21)
FN:428,(anonymous_22)
FN:432,(anonymous_23)
FN:437,(anonymous_24)
FN:442,(anonymous_25)
FN:485,(anonymous_26)
FN:536,(anonymous_27)
FN:538,(anonymous_28)
FN:561,(anonymous_29)
FN:612,(anonymous_30)
FN:628,(anonymous_31)
FN:628,(anonymous_32)
FN:660,(anonymous_33)
FN:670,(anonymous_34)
FN:681,(anonymous_35)
FN:695,(anonymous_36)
FN:723,(anonymous_37)
FN:724,(anonymous_38)
FN:735,(anonymous_39)
FN:736,(anonymous_40)
FN:747,(anonymous_41)
FN:748,(anonymous_42)
FN:759,(anonymous_43)
FN:760,(anonymous_44)
FN:844,(anonymous_45)
FN:845,(anonymous_46)
FN:858,(anonymous_47)
FN:859,(anonymous_48)
FN:870,(anonymous_49)
FN:871,(anonymous_50)
FN:884,(anonymous_51)
FN:885,(anonymous_52)
FN:901,(anonymous_53)
FN:902,(anonymous_54)
FN:912,(anonymous_55)
FN:920,(anonymous_56)
FNF:57
FNH:0
FNDA:0,(anonymous_0)
FNDA:0,(anonymous_1)
FNDA:0,(anonymous_2)
FNDA:0,(anonymous_3)
FNDA:0,(anonymous_4)
FNDA:0,(anonymous_5)
FNDA:0,(anonymous_6)
FNDA:0,(anonymous_7)
FNDA:0,(anonymous_8)
FNDA:0,(anonymous_9)
FNDA:0,(anonymous_10)
FNDA:0,(anonymous_11)
FNDA:0,(anonymous_12)
FNDA:0,(anonymous_13)
FNDA:0,(anonymous_14)
FNDA:0,(anonymous_15)
FNDA:0,(anonymous_16)
FNDA:0,(anonymous_17)
FNDA:0,(anonymous_18)
FNDA:0,(anonymous_19)
FNDA:0,(anonymous_20)
FNDA:0,(anonymous_21)
FNDA:0,(anonymous_22)
FNDA:0,(anonymous_23)
FNDA:0,(anonymous_24)
FNDA:0,(anonymous_25)
FNDA:0,(anonymous_26)
FNDA:0,(anonymous_27)
FNDA:0,(anonymous_28)
FNDA:0,(anonymous_29)
FNDA:0,(anonymous_30)
FNDA:0,(anonymous_31)
FNDA:0,(anonymous_32)
FNDA:0,(anonymous_33)
FNDA:0,(anonymous_34)
FNDA:0,(anonymous_35)
FNDA:0,(anonymous_36)
FNDA:0,(anonymous_37)
FNDA:0,(anonymous_38)
FNDA:0,(anonymous_39)
FNDA:0,(anonymous_40)
FNDA:0,(anonymous_41)
FNDA:0,(anonymous_42)
FNDA:0,(anonymous_43)
FNDA:0,(anonymous_44)
FNDA:0,(anonymous_45)
FNDA:0,(anonymous_46)
FNDA:0,(anonymous_47)
FNDA:0,(anonymous_48)
FNDA:0,(anonymous_49)
FNDA:0,(anonymous_50)
FNDA:0,(anonymous_51)
FNDA:0,(anonymous_52)
FNDA:0,(anonymous_53)
FNDA:0,(anonymous_54)
FNDA:0,(anonymous_55)
FNDA:0,(anonymous_56)
DA:29,0
DA:30,0
DA:31,0
DA:33,0
DA:34,0
DA:36,0
DA:37,0
DA:38,0
DA:39,0
DA:40,0
DA:41,0
DA:43,0
DA:47,0
DA:48,0
DA:49,0
DA:50,0
DA:51,0
DA:52,0
DA:53,0
DA:54,0
DA:56,0
DA:57,0
DA:58,0
DA:59,0
DA:63,0
DA:64,0
DA:66,0
DA:70,0
DA:71,0
DA:73,0
DA:77,0
DA:78,0
DA:81,0
DA:85,0
DA:89,0
DA:90,0
DA:92,0
DA:93,0
DA:94,0
DA:95,0
DA:96,0
DA:97,0
DA:98,0
DA:99,0
DA:101,0
DA:102,0
DA:103,0
DA:104,0
DA:105,0
DA:106,0
DA:107,0
DA:108,0
DA:110,0
DA:111,0
DA:112,0
DA:113,0
DA:114,0
DA:115,0
DA:117,0
DA:118,0
DA:119,0
DA:121,0
DA:126,0
DA:151,0
DA:153,0
DA:154,0
DA:155,0
DA:157,0
DA:160,0
DA:161,0
DA:162,0
DA:165,0
DA:166,0
DA:169,0
DA:170,0
DA:206,0
DA:222,0
DA:226,0
DA:228,0
DA:229,0
DA:230,0
DA:231,0
DA:232,0
DA:233,0
DA:234,0
DA:236,0
DA:237,0
DA:238,0
DA:239,0
DA:240,0
DA:241,0
DA:242,0
DA:244,0
DA:245,0
DA:246,0
DA:247,0
DA:248,0
DA:249,0
DA:250,0
DA:252,0
DA:253,0
DA:254,0
DA:255,0
DA:256,0
DA:257,0
DA:259,0
DA:260,0
DA:261,0
DA:263,0
DA:264,0
DA:265,0
DA:266,0
DA:269,0
DA:271,0
DA:277,0
DA:278,0
DA:286,0
DA:287,0
DA:288,0
DA:289,0
DA:302,0
DA:310,0
DA:318,0
DA:328,0
DA:338,0
DA:341,0
DA:344,0
DA:349,0
DA:350,0
DA:351,0
DA:352,0
DA:353,0
DA:356,0
DA:357,0
DA:362,0
DA:366,0
DA:367,0
DA:370,0
DA:376,0
DA:379,0
DA:380,0
DA:389,0
DA:393,0
DA:398,0
DA:399,0
DA:400,0
DA:401,0
DA:405,0
DA:409,0
DA:410,0
DA:411,0
DA:414,0
DA:415,0
DA:416,0
DA:417,0
DA:420,0
DA:424,0
DA:425,0
DA:428,0
DA:429,0
DA:432,0
DA:433,0
DA:434,0
DA:437,0
DA:438,0
DA:439,0
DA:442,0
DA:444,0
DA:445,0
DA:447,0
DA:451,0
DA:460,0
DA:463,0
DA:464,0
DA:465,0
DA:466,0
DA:473,0
DA:474,0
DA:481,0
DA:485,0
DA:486,0
DA:487,0
DA:489,0
DA:493,0
DA:502,0
DA:505,0
DA:506,0
DA:509,0
DA:513,0
DA:515,0
DA:516,0
DA:524,0
DA:525,0
DA:532,0
DA:536,0
DA:538,0
DA:543,0
DA:546,0
DA:550,0
DA:557,0
DA:561,0
DA:562,0
DA:563,0
DA:565,0
DA:569,0
DA:578,0
DA:581,0
DA:582,0
DA:583,0
DA:584,0
DA:591,0
DA:592,0
DA:599,0
DA:603,0
DA:604,0
DA:612,0
DA:621,0
DA:628,0
DA:660,0
DA:670,0
DA:681,0
DA:695,0
DA:723,0
DA:724,0
DA:735,0
DA:736,0
DA:747,0
DA:748,0
DA:759,0
DA:760,0
DA:844,0
DA:846,0
DA:858,0
DA:859,0
DA:870,0
DA:871,0
DA:884,0
DA:886,0
DA:901,0
DA:902,0
DA:913,0
DA:921,0
DA:971,0
LF:243
LH:0
BRDA:33,0,0,0
BRDA:33,0,1,0
BRDA:36,1,0,0
BRDA:36,1,1,0
BRDA:39,2,0,0
BRDA:39,2,1,0
BRDA:43,3,0,0
BRDA:43,3,1,0
BRDA:44,4,0,0
BRDA:44,4,1,0
BRDA:49,5,0,0
BRDA:49,5,1,0
BRDA:52,6,0,0
BRDA:52,6,1,0
BRDA:52,7,0,0
BRDA:52,7,1,0
BRDA:56,8,0,0
BRDA:56,8,1,0
BRDA:59,9,0,0
BRDA:59,9,1,0
BRDA:60,10,0,0
BRDA:60,10,1,0
BRDA:66,11,0,0
BRDA:66,11,1,0
BRDA:67,12,0,0
BRDA:67,12,1,0
BRDA:73,13,0,0
BRDA:73,13,1,0
BRDA:74,14,0,0
BRDA:74,14,1,0
BRDA:90,15,0,0
BRDA:90,15,1,0
BRDA:90,15,2,0
BRDA:90,15,3,0
BRDA:90,15,4,0
BRDA:92,16,0,0
BRDA:92,16,1,0
BRDA:93,17,0,0
BRDA:93,17,1,0
BRDA:95,18,0,0
BRDA:95,18,1,0
BRDA:97,19,0,0
BRDA:97,19,1,0
BRDA:101,20,0,0
BRDA:101,20,1,0
BRDA:102,21,0,0
BRDA:102,21,1,0
BRDA:104,22,0,0
BRDA:104,22,1,0
BRDA:106,23,0,0
BRDA:106,23,1,0
BRDA:110,24,0,0
BRDA:110,24,1,0
BRDA:111,25,0,0
BRDA:111,25,1,0
BRDA:112,26,0,0
BRDA:112,26,1,0
BRDA:113,27,0,0
BRDA:113,27,1,0
BRDA:117,28,0,0
BRDA:117,28,1,0
BRDA:136,29,0,0
BRDA:154,30,0,0
BRDA:154,30,1,0
BRDA:169,31,0,0
BRDA:169,31,1,0
BRDA:178,32,0,0
BRDA:178,32,1,0
BRDA:182,33,0,0
BRDA:182,33,1,0
BRDA:186,34,0,0
BRDA:186,34,1,0
BRDA:214,35,0,0
BRDA:214,35,1,0
BRDA:226,36,0,0
BRDA:226,36,1,0
BRDA:226,36,2,0
BRDA:226,36,3,0
BRDA:226,36,4,0
BRDA:226,36,5,0
BRDA:226,36,6,0
BRDA:228,37,0,0
BRDA:228,37,1,0
BRDA:228,38,0,0
BRDA:228,38,1,0
BRDA:230,39,0,0
BRDA:230,39,1,0
BRDA:232,40,0,0
BRDA:232,40,1,0
BRDA:236,41,0,0
BRDA:236,41,1,0
BRDA:236,42,0,0
BRDA:236,42,1,0
BRDA:238,43,0,0
BRDA:238,43,1,0
BRDA:240,44,0,0
BRDA:240,44,1,0
BRDA:244,45,0,0
BRDA:244,45,1,0
BRDA:244,46,0,0
BRDA:244,46,1,0
BRDA:246,47,0,0
BRDA:246,47,1,0
BRDA:248,48,0,0
BRDA:248,48,1,0
BRDA:254,49,0,0
BRDA:254,49,1,0
BRDA:255,50,0,0
BRDA:255,50,1,0
BRDA:256,51,0,0
BRDA:256,51,1,0
BRDA:259,52,0,0
BRDA:259,52,1,0
BRDA:259,53,0,0
BRDA:259,53,1,0
BRDA:263,54,0,0
BRDA:263,54,1,0
BRDA:263,55,0,0
BRDA:263,55,1,0
BRDA:265,56,0,0
BRDA:265,56,1,0
BRDA:367,57,0,0
BRDA:367,57,1,0
BRDA:367,58,0,0
BRDA:367,58,1,0
BRDA:371,59,0,0
BRDA:371,59,1,0
BRDA:372,60,0,0
BRDA:372,60,1,0
BRDA:373,61,0,0
BRDA:373,61,1,0
BRDA:374,62,0,0
BRDA:374,62,1,0
BRDA:379,63,0,0
BRDA:379,63,1,0
BRDA:381,64,0,0
BRDA:381,64,1,0
BRDA:382,65,0,0
BRDA:382,65,1,0
BRDA:383,66,0,0
BRDA:383,66,1,0
BRDA:385,67,0,0
BRDA:385,67,1,0
BRDA:386,68,0,0
BRDA:386,68,1,0
BRDA:387,69,0,0
BRDA:387,69,1,0
BRDA:416,70,0,0
BRDA:416,70,1,0
BRDA:445,71,0,0
BRDA:445,71,1,0
BRDA:447,72,0,0
BRDA:447,72,1,0
BRDA:454,73,0,0
BRDA:454,73,1,0
BRDA:487,74,0,0
BRDA:487,74,1,0
BRDA:489,75,0,0
BRDA:489,75,1,0
BRDA:496,76,0,0
BRDA:496,76,1,0
BRDA:509,77,0,0
BRDA:509,77,1,0
BRDA:509,77,2,0
BRDA:513,78,0,0
BRDA:513,78,1,0
BRDA:543,79,0,0
BRDA:543,79,1,0
BRDA:543,79,2,0
BRDA:548,80,0,0
BRDA:548,80,1,0
BRDA:563,81,0,0
BRDA:563,81,1,0
BRDA:565,82,0,0
BRDA:565,82,1,0
BRDA:572,83,0,0
BRDA:572,83,1,0
BRDA:603,84,0,0
BRDA:603,84,1,0
BRDA:641,85,0,0
BRDA:641,85,1,0
BRDA:646,86,0,0
BRDA:646,86,1,0
BRDA:646,86,2,0
BRDA:646,86,3,0
BRDA:646,86,4,0
BRDA:665,87,0,0
BRDA:665,87,1,0
BRDA:665,87,2,0
BRDA:665,87,3,0
BRDA:680,88,0,0
BRDA:680,88,1,0
BRDA:686,89,0,0
BRDA:686,89,1,0
BRDA:694,90,0,0
BRDA:694,90,1,0
BRDA:700,91,0,0
BRDA:700,91,1,0
BRDA:703,92,0,0
BRDA:703,92,1,0
BRDA:703,93,0,0
BRDA:703,93,1,0
BRDA:703,93,2,0
BRDA:713,94,0,0
BRDA:713,94,1,0
BRDA:768,95,0,0
BRDA:768,95,1,0
BRDA:790,96,0,0
BRDA:790,96,1,0
BRDA:791,97,0,0
BRDA:791,97,1,0
BRDA:791,97,2,0
BRDA:817,98,0,0
BRDA:817,98,1,0
BRDA:823,99,0,0
BRDA:823,99,1,0
BRDA:829,100,0,0
BRDA:829,100,1,0
BRDA:888,101,0,0
BRDA:888,101,1,0
BRDA:917,102,0,0
BRDA:917,102,1,0
BRDA:927,103,0,0
BRDA:927,103,1,0
BRDA:936,104,0,0
BRDA:936,104,1,0
BRDA:945,105,0,0
BRDA:945,105,1,0
BRDA:947,106,0,0
BRDA:947,106,1,0
BRDA:947,107,0,0
BRDA:947,107,1,0
BRDA:947,107,2,0
BRDA:955,108,0,0
BRDA:955,108,1,0
BRF:235
BRH:0
end_of_record
TN:
SF:src\screens\ResetPasswordScreen.tsx
FN:18,(anonymous_0)
FN:37,(anonymous_1)
FN:83,(anonymous_2)
FN:230,(anonymous_3)
FN:230,(anonymous_4)
FN:238,(anonymous_5)
FN:305,(anonymous_6)
FNF:7
FNH:0
FNDA:0,(anonymous_0)
FNDA:0,(anonymous_1)
FNDA:0,(anonymous_2)
FNDA:0,(anonymous_3)
FNDA:0,(anonymous_4)
FNDA:0,(anonymous_5)
FNDA:0,(anonymous_6)
DA:18,0
DA:19,0
DA:20,0
DA:22,0
DA:23,0
DA:24,0
DA:25,0
DA:37,0
DA:39,0
DA:40,0
DA:46,0
DA:49,0
DA:50,0
DA:56,0
DA:59,0
DA:60,0
DA:66,0
DA:69,0
DA:70,0
DA:71,0
DA:73,0
DA:74,0
DA:83,0
DA:84,0
DA:87,0
DA:96,0
DA:103,0
DA:108,0
DA:223,0
DA:230,0
DA:238,0
DA:305,0
DA:317,0
LF:33
LH:0
BRDA:39,0,0,0
BRDA:39,0,1,0
BRDA:49,1,0,0
BRDA:49,1,1,0
BRDA:59,2,0,0
BRDA:59,2,1,0
BRDA:73,3,0,0
BRDA:73,3,1,0
BRDA:91,4,0,0
BRDA:91,4,1,0
BRDA:289,5,0,0
BRDA:289,5,1,0
BRDA:295,6,0,0
BRDA:295,6,1,0
BRF:14
BRH:0
end_of_record
TN:
SF:src\screens\SearchScreen.tsx
FN:45,(anonymous_0)
FN:70,(anonymous_1)
FN:81,(anonymous_2)
FN:91,(anonymous_3)
FN:98,(anonymous_4)
FN:105,(anonymous_5)
FN:124,(anonymous_6)
FN:166,(anonymous_7)
FN:174,(anonymous_8)
FN:192,(anonymous_9)
FN:196,(anonymous_10)
FN:202,(anonymous_11)
FN:207,(anonymous_12)
FN:217,(anonymous_13)
FN:223,(anonymous_14)
FN:249,(anonymous_15)
FN:254,(anonymous_16)
FN:278,(anonymous_17)
FN:292,(anonymous_18)
FN:304,(anonymous_19)
FN:364,(anonymous_20)
FN:377,(anonymous_21)
FN:383,(anonymous_22)
FN:390,(anonymous_23)
FN:397,(anonymous_24)
FN:410,(anonymous_25)
FN:431,(anonymous_26)
FN:435,(anonymous_27)
FN:439,(anonymous_28)
FN:443,(anonymous_29)
FN:457,(anonymous_30)
FN:461,(anonymous_31)
FN:509,(anonymous_32)
FN:542,(anonymous_33)
FN:556,(anonymous_34)
FN:636,(anonymous_35)
FN:644,(anonymous_36)
FN:676,(anonymous_37)
FN:680,(anonymous_38)
FN:700,(anonymous_39)
FN:708,(anonymous_40)
FN:725,(anonymous_41)
FN:733,(anonymous_42)
FN:759,(anonymous_43)
FN:763,(anonymous_44)
FNF:45
FNH:0
FNDA:0,(anonymous_0)
FNDA:0,(anonymous_1)
FNDA:0,(anonymous_2)
FNDA:0,(anonymous_3)
FNDA:0,(anonymous_4)
FNDA:0,(anonymous_5)
FNDA:0,(anonymous_6)
FNDA:0,(anonymous_7)
FNDA:0,(anonymous_8)
FNDA:0,(anonymous_9)
FNDA:0,(anonymous_10)
FNDA:0,(anonymous_11)
FNDA:0,(anonymous_12)
FNDA:0,(anonymous_13)
FNDA:0,(anonymous_14)
FNDA:0,(anonymous_15)
FNDA:0,(anonymous_16)
FNDA:0,(anonymous_17)
FNDA:0,(anonymous_18)
FNDA:0,(anonymous_19)
FNDA:0,(anonymous_20)
FNDA:0,(anonymous_21)
FNDA:0,(anonymous_22)
FNDA:0,(anonymous_23)
FNDA:0,(anonymous_24)
FNDA:0,(anonymous_25)
FNDA:0,(anonymous_26)
FNDA:0,(anonymous_27)
FNDA:0,(anonymous_28)
FNDA:0,(anonymous_29)
FNDA:0,(anonymous_30)
FNDA:0,(anonymous_31)
FNDA:0,(anonymous_32)
FNDA:0,(anonymous_33)
FNDA:0,(anonymous_34)
FNDA:0,(anonymous_35)
FNDA:0,(anonymous_36)
FNDA:0,(anonymous_37)
FNDA:0,(anonymous_38)
FNDA:0,(anonymous_39)
FNDA:0,(anonymous_40)
FNDA:0,(anonymous_41)
FNDA:0,(anonymous_42)
FNDA:0,(anonymous_43)
FNDA:0,(anonymous_44)
DA:31,0
DA:32,0
DA:33,0
DA:45,0
DA:46,0
DA:47,0
DA:48,0
DA:49,0
DA:53,0
DA:54,0
DA:58,0
DA:59,0
DA:60,0
DA:63,0
DA:64,0
DA:65,0
DA:67,0
DA:70,0
DA:71,0
DA:72,0
DA:73,0
DA:74,0
DA:77,0
DA:78,0
DA:81,0
DA:83,0
DA:85,0
DA:86,0
DA:88,0
DA:90,0
DA:91,0
DA:92,0
DA:93,0
DA:97,0
DA:98,0
DA:99,0
DA:100,0
DA:104,0
DA:105,0
DA:106,0
DA:107,0
DA:111,0
DA:114,0
DA:115,0
DA:117,0
DA:118,0
DA:120,0
DA:121,0
DA:123,0
DA:124,0
DA:125,0
DA:126,0
DA:130,0
DA:134,0
DA:135,0
DA:136,0
DA:137,0
DA:142,0
DA:143,0
DA:144,0
DA:148,0
DA:152,0
DA:157,0
DA:160,0
DA:165,0
DA:168,0
DA:169,0
DA:172,0
DA:176,0
DA:177,0
DA:179,0
DA:180,0
DA:183,0
DA:187,0
DA:188,0
DA:192,0
DA:193,0
DA:194,0
DA:196,0
DA:197,0
DA:202,0
DA:203,0
DA:207,0
DA:208,0
DA:209,0
DA:210,0
DA:211,0
DA:213,0
DA:217,0
DA:223,0
DA:224,0
DA:225,0
DA:226,0
DA:228,0
DA:229,0
DA:231,0
DA:234,0
DA:235,0
DA:236,0
DA:238,0
DA:239,0
DA:240,0
DA:244,0
DA:245,0
DA:248,0
DA:249,0
DA:254,0
DA:261,0
DA:262,0
DA:263,0
DA:267,0
DA:268,0
DA:270,0
DA:271,0
DA:273,0
DA:278,0
DA:279,0
DA:290,0
DA:292,0
DA:298,0
DA:304,0
DA:306,0
DA:311,0
DA:312,0
DA:316,0
DA:317,0
DA:318,0
DA:319,0
DA:322,0
DA:323,0
DA:324,0
DA:326,0
DA:327,0
DA:329,0
DA:331,0
DA:335,0
DA:336,0
DA:338,0
DA:339,0
DA:341,0
DA:343,0
DA:344,0
DA:346,0
DA:347,0
DA:352,0
DA:355,0
DA:358,0
DA:360,0
DA:364,0
DA:365,0
DA:366,0
DA:370,0
DA:371,0
DA:377,0
DA:378,0
DA:379,0
DA:383,0
DA:384,0
DA:385,0
DA:390,0
DA:392,0
DA:393,0
DA:397,0
DA:398,0
DA:400,0
DA:401,0
DA:403,0
DA:404,0
DA:406,0
DA:410,0
DA:411,0
DA:412,0
DA:417,0
DA:420,0
DA:421,0
DA:423,0
DA:431,0
DA:432,0
DA:435,0
DA:436,0
DA:439,0
DA:440,0
DA:443,0
DA:444,0
DA:446,0
DA:457,0
DA:458,0
DA:461,0
DA:510,0
DA:542,0
DA:543,0
DA:545,0
DA:547,0
DA:550,0
DA:552,0
DA:556,0
DA:557,0
DA:558,0
DA:559,0
DA:570,0
DA:585,0
DA:586,0
DA:594,0
DA:595,0
DA:603,0
DA:604,0
DA:620,0
DA:623,0
DA:637,0
DA:644,0
DA:677,0
DA:678,0
DA:681,0
DA:682,0
DA:701,0
DA:708,0
DA:726,0
DA:734,0
DA:759,0
DA:763,0
DA:808,0
LF:221
LH:0
BRDA:71,0,0,0
BRDA:71,0,1,0
BRDA:71,1,0,0
BRDA:71,1,1,0
BRDA:83,2,0,0
BRDA:83,2,1,0
BRDA:83,2,2,0
BRDA:85,3,0,0
BRDA:85,3,1,0
BRDA:88,4,0,0
BRDA:88,4,1,0
BRDA:92,5,0,0
BRDA:92,5,1,0
BRDA:92,6,0,0
BRDA:92,6,1,0
BRDA:97,7,0,0
BRDA:97,7,1,0
BRDA:97,8,0,0
BRDA:97,8,1,0
BRDA:99,9,0,0
BRDA:99,9,1,0
BRDA:104,10,0,0
BRDA:104,10,1,0
BRDA:104,11,0,0
BRDA:104,11,1,0
BRDA:106,12,0,0
BRDA:106,12,1,0
BRDA:114,13,0,0
BRDA:114,13,1,0
BRDA:117,14,0,0
BRDA:117,14,1,0
BRDA:120,15,0,0
BRDA:120,15,1,0
BRDA:123,16,0,0
BRDA:123,16,1,0
BRDA:123,17,0,0
BRDA:123,17,1,0
BRDA:125,18,0,0
BRDA:125,18,1,0
BRDA:134,19,0,0
BRDA:134,19,1,0
BRDA:136,20,0,0
BRDA:136,20,1,0
BRDA:142,21,0,0
BRDA:142,21,1,0
BRDA:142,22,0,0
BRDA:142,22,1,0
BRDA:143,23,0,0
BRDA:143,23,1,0
BRDA:148,24,0,0
BRDA:148,24,1,0
BRDA:149,25,0,0
BRDA:149,25,1,0
BRDA:152,26,0,0
BRDA:152,26,1,0
BRDA:168,27,0,0
BRDA:168,27,1,0
BRDA:179,28,0,0
BRDA:179,28,1,0
BRDA:179,29,0,0
BRDA:179,29,1,0
BRDA:180,30,0,0
BRDA:180,30,1,0
BRDA:180,31,0,0
BRDA:180,31,1,0
BRDA:231,32,0,0
BRDA:231,32,1,0
BRDA:231,32,2,0
BRDA:306,33,0,0
BRDA:306,33,1,0
BRDA:307,34,0,0
BRDA:307,34,1,0
BRDA:307,34,2,0
BRDA:316,35,0,0
BRDA:316,35,1,0
BRDA:316,36,0,0
BRDA:316,36,1,0
BRDA:329,37,0,0
BRDA:329,37,1,0
BRDA:329,37,2,0
BRDA:338,38,0,0
BRDA:338,38,1,0
BRDA:365,39,0,0
BRDA:365,39,1,0
BRDA:370,40,0,0
BRDA:370,40,1,0
BRDA:370,41,0,0
BRDA:370,41,1,0
BRDA:384,42,0,0
BRDA:384,42,1,0
BRDA:384,43,0,0
BRDA:384,43,1,0
BRDA:392,44,0,0
BRDA:392,44,1,0
BRDA:392,45,0,0
BRDA:392,45,1,0
BRDA:398,46,0,0
BRDA:398,46,1,0
BRDA:398,47,0,0
BRDA:398,47,1,0
BRDA:401,48,0,0
BRDA:401,48,1,0
BRDA:401,49,0,0
BRDA:401,49,1,0
BRDA:411,50,0,0
BRDA:411,50,1,0
BRDA:466,51,0,0
BRDA:466,51,1,0
BRDA:466,52,0,0
BRDA:466,52,1,0
BRDA:469,53,0,0
BRDA:469,53,1,0
BRDA:478,54,0,0
BRDA:478,54,1,0
BRDA:478,54,2,0
BRDA:487,55,0,0
BRDA:487,55,1,0
BRDA:496,56,0,0
BRDA:496,56,1,0
BRDA:496,56,2,0
BRDA:503,57,0,0
BRDA:503,57,1,0
BRDA:514,58,0,0
BRDA:514,58,1,0
BRDA:514,58,2,0
BRDA:527,59,0,0
BRDA:527,59,1,0
BRDA:533,60,0,0
BRDA:533,60,1,0
BRDA:543,61,0,0
BRDA:543,61,1,0
BRDA:543,61,2,0
BRDA:543,61,3,0
BRDA:557,62,0,0
BRDA:557,62,1,0
BRDA:557,63,0,0
BRDA:557,63,1,0
BRDA:558,64,0,0
BRDA:558,64,1,0
BRDA:574,65,0,0
BRDA:574,65,1,0
BRDA:577,66,0,0
BRDA:577,66,1,0
BRDA:585,67,0,0
BRDA:585,67,1,0
BRDA:594,68,0,0
BRDA:594,68,1,0
BRDA:603,69,0,0
BRDA:603,69,1,0
BRDA:607,70,0,0
BRDA:607,70,1,0
BRDA:612,71,0,0
BRDA:612,71,1,0
BRDA:641,72,0,0
BRDA:641,72,1,0
BRDA:651,73,0,0
BRDA:651,73,1,0
BRDA:668,74,0,0
BRDA:668,74,1,0
BRDA:670,75,0,0
BRDA:670,75,1,0
BRDA:681,76,0,0
BRDA:681,76,1,0
BRDA:681,77,0,0
BRDA:681,77,1,0
BRDA:698,78,0,0
BRDA:698,78,1,0
BRDA:698,78,2,0
BRDA:705,79,0,0
BRDA:705,79,1,0
BRDA:722,80,0,0
BRDA:722,80,1,0
BRDA:730,81,0,0
BRDA:730,81,1,0
BRDA:743,82,0,0
BRDA:743,82,1,0
BRDA:765,83,0,0
BRDA:765,83,1,0
BRDA:765,84,0,0
BRDA:765,84,1,0
BRDA:765,84,2,0
BRF:181
BRH:0
end_of_record
TN:
SF:src\services\authService.ts
FN:14,(anonymous_0)
FN:42,(anonymous_1)
FN:52,(anonymous_2)
FN:60,(anonymous_3)
FN:122,(anonymous_4)
FN:187,(anonymous_5)
FNF:6
FNH:0
FNDA:0,(anonymous_0)
FNDA:0,(anonymous_1)
FNDA:0,(anonymous_2)
FNDA:0,(anonymous_3)
FNDA:0,(anonymous_4)
FNDA:0,(anonymous_5)
DA:15,0
DA:17,0
DA:34,0
DA:43,0
DA:48,0
DA:55,0
DA:56,0
DA:61,0
DA:63,0
DA:64,0
DA:71,0
DA:72,0
DA:73,0
DA:79,0
DA:88,0
DA:90,0
DA:92,0
DA:93,0
DA:94,0
DA:95,0
DA:96,0
DA:97,0
DA:99,0
DA:102,0
DA:108,0
DA:114,0
DA:123,0
DA:125,0
DA:126,0
DA:133,0
DA:134,0
DA:142,0
DA:146,0
DA:147,0
DA:149,0
DA:150,0
DA:151,0
DA:152,0
DA:154,0
DA:159,0
DA:162,0
DA:165,0
DA:171,0
DA:177,0
DA:188,0
DA:190,0
DA:191,0
DA:199,0
DA:200,0
DA:201,0
DA:209,0
DA:215,0
DA:217,0
DA:221,0
DA:222,0
DA:232,0
DA:238,0
DA:239,0
DA:240,0
DA:244,0
DA:246,0
DA:248,0
DA:249,0
DA:250,0
DA:252,0
DA:257,0
DA:258,0
DA:259,0
DA:260,0
DA:261,0
DA:263,0
DA:264,0
DA:270,0
DA:273,0
DA:274,0
DA:277,0
DA:280,0
DA:287,0
DA:289,0
LF:79
LH:0
BRDA:22,0,0,0
BRDA:22,0,1,0
BRDA:25,1,0,0
BRDA:25,1,1,0
BRDA:26,2,0,0
BRDA:26,2,1,0
BRDA:27,3,0,0
BRDA:27,3,1,0
BRDA:37,4,0,0
BRDA:37,4,1,0
BRDA:56,5,0,0
BRDA:56,5,1,0
BRDA:63,6,0,0
BRDA:63,6,1,0
BRDA:72,7,0,0
BRDA:72,7,1,0
BRDA:83,8,0,0
BRDA:83,8,1,0
BRDA:88,9,0,0
BRDA:88,9,1,0
BRDA:92,10,0,0
BRDA:92,10,1,0
BRDA:94,11,0,0
BRDA:94,11,1,0
BRDA:96,12,0,0
BRDA:96,12,1,0
BRDA:125,13,0,0
BRDA:125,13,1,0
BRDA:133,14,0,0
BRDA:133,14,1,0
BRDA:146,15,0,0
BRDA:146,15,1,0
BRDA:149,16,0,0
BRDA:149,16,1,0
BRDA:151,17,0,0
BRDA:151,17,1,0
BRDA:154,18,0,0
BRDA:154,18,1,0
BRDA:190,19,0,0
BRDA:190,19,1,0
BRDA:190,20,0,0
BRDA:190,20,1,0
BRDA:200,21,0,0
BRDA:200,21,1,0
BRDA:215,22,0,0
BRDA:215,22,1,0
BRDA:215,23,0,0
BRDA:215,23,1,0
BRDA:215,23,2,0
BRDA:221,24,0,0
BRDA:221,24,1,0
BRDA:232,25,0,0
BRDA:232,25,1,0
BRDA:233,26,0,0
BRDA:233,26,1,0
BRDA:233,26,2,0
BRDA:239,27,0,0
BRDA:239,27,1,0
BRDA:244,28,0,0
BRDA:244,28,1,0
BRDA:248,29,0,0
BRDA:248,29,1,0
BRDA:250,30,0,0
BRDA:250,30,1,0
BRDA:257,31,0,0
BRDA:257,31,1,0
BRDA:259,32,0,0
BRDA:259,32,1,0
BRDA:261,33,0,0
BRDA:261,33,1,0
BRDA:263,34,0,0
BRDA:263,34,1,0
BRDA:273,35,0,0
BRDA:273,35,1,0
BRF:74
BRH:0
end_of_record
TN:
SF:src\services\creationsApi.ts
FN:57,(anonymous_0)
FN:61,(anonymous_1)
FN:96,(anonymous_2)
FN:98,(anonymous_3)
FN:181,(anonymous_4)
FN:236,(anonymous_5)
FN:285,(anonymous_6)
FN:296,(anonymous_7)
FN:316,(anonymous_8)
FN:356,(anonymous_9)
FN:373,(anonymous_10)
FN:411,(anonymous_11)
FN:436,(anonymous_12)
FN:474,(anonymous_13)
FN:500,(anonymous_14)
FN:526,(anonymous_15)
FN:548,(anonymous_16)
FN:573,(anonymous_17)
FN:596,(anonymous_18)
FN:619,(anonymous_19)
FN:640,(anonymous_20)
FN:659,(anonymous_21)
FN:675,(anonymous_22)
FN:695,(anonymous_23)
FN:719,(anonymous_24)
FN:775,(anonymous_25)
FN:819,(anonymous_26)
FN:853,(anonymous_27)
FN:888,(anonymous_28)
FN:904,(anonymous_29)
FN:928,(anonymous_30)
FN:939,(anonymous_31)
FN:962,(anonymous_32)
FN:1048,(anonymous_33)
FN:1111,(anonymous_34)
FNF:35
FNH:0
FNDA:0,(anonymous_0)
FNDA:0,(anonymous_1)
FNDA:0,(anonymous_2)
FNDA:0,(anonymous_3)
FNDA:0,(anonymous_4)
FNDA:0,(anonymous_5)
FNDA:0,(anonymous_6)
FNDA:0,(anonymous_7)
FNDA:0,(anonymous_8)
FNDA:0,(anonymous_9)
FNDA:0,(anonymous_10)
FNDA:0,(anonymous_11)
FNDA:0,(anonymous_12)
FNDA:0,(anonymous_13)
FNDA:0,(anonymous_14)
FNDA:0,(anonymous_15)
FNDA:0,(anonymous_16)
FNDA:0,(anonymous_17)
FNDA:0,(anonymous_18)
FNDA:0,(anonymous_19)
FNDA:0,(anonymous_20)
FNDA:0,(anonymous_21)
FNDA:0,(anonymous_22)
FNDA:0,(anonymous_23)
FNDA:0,(anonymous_24)
FNDA:0,(anonymous_25)
FNDA:0,(anonymous_26)
FNDA:0,(anonymous_27)
FNDA:0,(anonymous_28)
FNDA:0,(anonymous_29)
FNDA:0,(anonymous_30)
FNDA:0,(anonymous_31)
FNDA:0,(anonymous_32)
FNDA:0,(anonymous_33)
FNDA:0,(anonymous_34)
DA:57,0
DA:61,0
DA:63,0
DA:64,0
DA:68,0
DA:69,0
DA:73,0
DA:78,0
DA:79,0
DA:81,0
DA:98,0
DA:99,0
DA:100,0
DA:104,0
DA:106,0
DA:107,0
DA:111,0
DA:112,0
DA:113,0
DA:114,0
DA:115,0
DA:116,0
DA:118,0
DA:122,0
DA:123,0
DA:124,0
DA:128,0
DA:132,0
DA:134,0
DA:138,0
DA:141,0
DA:146,0
DA:149,0
DA:181,0
DA:182,0
DA:185,0
DA:186,0
DA:187,0
DA:191,0
DA:197,0
DA:198,0
DA:201,0
DA:202,0
DA:206,0
DA:207,0
DA:208,0
DA:209,0
DA:210,0
DA:217,0
DA:222,0
DA:223,0
DA:226,0
DA:228,0
DA:236,0
DA:240,0
DA:243,0
DA:244,0
DA:245,0
DA:249,0
DA:250,0
DA:255,0
DA:256,0
DA:257,0
DA:259,0
DA:263,0
DA:270,0
DA:271,0
DA:275,0
DA:280,0
DA:281,0
DA:285,0
DA:287,0
DA:289,0
DA:297,0
DA:298,0
DA:303,0
DA:304,0
DA:307,0
DA:309,0
DA:320,0
DA:321,0
DA:324,0
DA:326,0
DA:327,0
DA:328,0
DA:333,0
DA:334,0
DA:339,0
DA:343,0
DA:344,0
DA:347,0
DA:349,0
DA:357,0
DA:358,0
DA:366,0
DA:367,0
DA:371,0
DA:373,0
DA:374,0
DA:375,0
DA:394,0
DA:395,0
DA:396,0
DA:397,0
DA:402,0
DA:404,0
DA:412,0
DA:413,0
DA:421,0
DA:422,0
DA:427,0
DA:429,0
DA:430,0
DA:434,0
DA:436,0
DA:437,0
DA:438,0
DA:457,0
DA:458,0
DA:459,0
DA:460,0
DA:465,0
DA:467,0
DA:478,0
DA:479,0
DA:480,0
DA:486,0
DA:492,0
DA:493,0
DA:497,0
DA:498,0
DA:500,0
DA:501,0
DA:502,0
DA:505,0
DA:512,0
DA:514,0
DA:516,0
DA:529,0
DA:530,0
DA:535,0
DA:536,0
DA:539,0
DA:541,0
DA:551,0
DA:552,0
DA:560,0
DA:561,0
DA:564,0
DA:566,0
DA:576,0
DA:577,0
DA:583,0
DA:584,0
DA:587,0
DA:589,0
DA:599,0
DA:600,0
DA:606,0
DA:607,0
DA:610,0
DA:612,0
DA:620,0
DA:621,0
DA:627,0
DA:628,0
DA:631,0
DA:633,0
DA:641,0
DA:642,0
DA:653,0
DA:654,0
DA:658,0
DA:659,0
DA:668,0
DA:676,0
DA:677,0
DA:682,0
DA:683,0
DA:686,0
DA:688,0
DA:698,0
DA:700,0
DA:704,0
DA:706,0
DA:709,0
DA:712,0
DA:729,0
DA:730,0
DA:735,0
DA:736,0
DA:740,0
DA:741,0
DA:746,0
DA:750,0
DA:751,0
DA:754,0
DA:755,0
DA:756,0
DA:758,0
DA:764,0
DA:776,0
DA:779,0
DA:780,0
DA:781,0
DA:785,0
DA:791,0
DA:792,0
DA:796,0
DA:797,0
DA:798,0
DA:801,0
DA:806,0
DA:807,0
DA:810,0
DA:812,0
DA:820,0
DA:823,0
DA:824,0
DA:825,0
DA:829,0
DA:830,0
DA:831,0
DA:834,0
DA:840,0
DA:841,0
DA:844,0
DA:846,0
DA:854,0
DA:857,0
DA:858,0
DA:861,0
DA:867,0
DA:868,0
DA:871,0
DA:878,0
DA:879,0
DA:882,0
DA:884,0
DA:889,0
DA:890,0
DA:891,0
DA:892,0
DA:894,0
DA:897,0
DA:905,0
DA:908,0
DA:909,0
DA:911,0
DA:922,0
DA:923,0
DA:926,0
DA:928,0
DA:932,0
DA:942,0
DA:943,0
DA:949,0
DA:950,0
DA:953,0
DA:955,0
DA:972,0
DA:975,0
DA:976,0
DA:977,0
DA:981,0
DA:982,0
DA:988,0
DA:994,0
DA:995,0
DA:999,0
DA:1017,0
DA:1018,0
DA:1025,0
DA:1031,0
DA:1032,0
DA:1035,0
DA:1037,0
DA:1038,0
DA:1040,0
DA:1056,0
DA:1059,0
DA:1061,0
DA:1062,0
DA:1066,0
DA:1073,0
DA:1079,0
DA:1086,0
DA:1092,0
DA:1104,0
DA:1124,0
DA:1127,0
DA:1128,0
DA:1129,0
DA:1133,0
DA:1139,0
DA:1140,0
DA:1143,0
DA:1144,0
DA:1148,0
DA:1149,0
DA:1150,0
DA:1151,0
DA:1152,0
DA:1153,0
DA:1154,0
DA:1155,0
DA:1156,0
DA:1157,0
DA:1158,0
DA:1159,0
DA:1160,0
DA:1162,0
DA:1167,0
DA:1168,0
DA:1172,0
DA:1174,0
DA:1179,0
DA:1180,0
DA:1185,0
DA:1191,0
DA:1192,0
DA:1197,0
DA:1199,0
LF:323
LH:0
BRDA:63,0,0,0
BRDA:63,0,1,0
BRDA:63,1,0,0
BRDA:63,1,1,0
BRDA:68,2,0,0
BRDA:68,2,1,0
BRDA:77,3,0,0
BRDA:78,4,0,0
BRDA:78,4,1,0
BRDA:87,5,0,0
BRDA:87,5,1,0
BRDA:88,6,0,0
BRDA:88,6,1,0
BRDA:90,7,0,0
BRDA:90,7,1,0
BRDA:99,8,0,0
BRDA:99,8,1,0
BRDA:99,9,0,0
BRDA:99,9,1,0
BRDA:111,10,0,0
BRDA:111,10,1,0
BRDA:113,11,0,0
BRDA:113,11,1,0
BRDA:113,12,0,0
BRDA:113,12,1,0
BRDA:113,12,2,0
BRDA:115,13,0,0
BRDA:115,13,1,0
BRDA:115,14,0,0
BRDA:115,14,1,0
BRDA:123,15,0,0
BRDA:123,15,1,0
BRDA:134,16,0,0
BRDA:134,16,1,0
BRDA:135,17,0,0
BRDA:135,17,1,0
BRDA:141,18,0,0
BRDA:141,18,1,0
BRDA:142,19,0,0
BRDA:142,19,1,0
BRDA:142,19,2,0
BRDA:161,20,0,0
BRDA:161,20,1,0
BRDA:167,21,0,0
BRDA:167,21,1,0
BRDA:168,22,0,0
BRDA:168,22,1,0
BRDA:186,23,0,0
BRDA:186,23,1,0
BRDA:197,24,0,0
BRDA:197,24,1,0
BRDA:197,25,0,0
BRDA:197,25,1,0
BRDA:201,26,0,0
BRDA:201,26,1,0
BRDA:206,27,0,0
BRDA:206,27,1,0
BRDA:209,28,0,0
BRDA:209,28,1,0
BRDA:222,29,0,0
BRDA:222,29,1,0
BRDA:230,30,0,0
BRDA:230,30,1,0
BRDA:244,31,0,0
BRDA:244,31,1,0
BRDA:255,32,0,0
BRDA:255,32,1,0
BRDA:270,33,0,0
BRDA:270,33,1,0
BRDA:280,34,0,0
BRDA:280,34,1,0
BRDA:303,35,0,0
BRDA:303,35,1,0
BRDA:307,36,0,0
BRDA:307,36,1,0
BRDA:324,37,0,0
BRDA:324,37,1,0
BRDA:324,38,0,0
BRDA:324,38,1,0
BRDA:327,39,0,0
BRDA:327,39,1,0
BRDA:333,40,0,0
BRDA:333,40,1,0
BRDA:343,41,0,0
BRDA:343,41,1,0
BRDA:347,42,0,0
BRDA:347,42,1,0
BRDA:366,43,0,0
BRDA:366,43,1,0
BRDA:374,44,0,0
BRDA:374,44,1,0
BRDA:377,45,0,0
BRDA:377,45,1,0
BRDA:382,46,0,0
BRDA:382,46,1,0
BRDA:383,47,0,0
BRDA:383,47,1,0
BRDA:387,48,0,0
BRDA:387,48,1,0
BRDA:388,49,0,0
BRDA:388,49,1,0
BRDA:391,50,0,0
BRDA:391,50,1,0
BRDA:396,51,0,0
BRDA:396,51,1,0
BRDA:421,52,0,0
BRDA:421,52,1,0
BRDA:429,53,0,0
BRDA:429,53,1,0
BRDA:437,54,0,0
BRDA:437,54,1,0
BRDA:440,55,0,0
BRDA:440,55,1,0
BRDA:445,56,0,0
BRDA:445,56,1,0
BRDA:446,57,0,0
BRDA:446,57,1,0
BRDA:450,58,0,0
BRDA:450,58,1,0
BRDA:451,59,0,0
BRDA:451,59,1,0
BRDA:454,60,0,0
BRDA:454,60,1,0
BRDA:459,61,0,0
BRDA:459,61,1,0
BRDA:479,62,0,0
BRDA:479,62,1,0
BRDA:492,63,0,0
BRDA:492,63,1,0
BRDA:512,64,0,0
BRDA:512,64,1,0
BRDA:535,65,0,0
BRDA:535,65,1,0
BRDA:539,66,0,0
BRDA:539,66,1,0
BRDA:549,67,0,0
BRDA:560,68,0,0
BRDA:560,68,1,0
BRDA:564,69,0,0
BRDA:564,69,1,0
BRDA:574,70,0,0
BRDA:583,71,0,0
BRDA:583,71,1,0
BRDA:587,72,0,0
BRDA:587,72,1,0
BRDA:606,73,0,0
BRDA:606,73,1,0
BRDA:610,74,0,0
BRDA:610,74,1,0
BRDA:627,75,0,0
BRDA:627,75,1,0
BRDA:631,76,0,0
BRDA:631,76,1,0
BRDA:653,77,0,0
BRDA:653,77,1,0
BRDA:659,78,0,0
BRDA:659,78,1,0
BRDA:662,79,0,0
BRDA:662,79,1,0
BRDA:682,80,0,0
BRDA:682,80,1,0
BRDA:686,81,0,0
BRDA:686,81,1,0
BRDA:704,82,0,0
BRDA:704,82,1,0
BRDA:709,83,0,0
BRDA:709,83,1,0
BRDA:720,84,0,0
BRDA:721,85,0,0
BRDA:735,86,0,0
BRDA:735,86,1,0
BRDA:735,87,0,0
BRDA:735,87,1,0
BRDA:740,88,0,0
BRDA:740,88,1,0
BRDA:750,89,0,0
BRDA:750,89,1,0
BRDA:754,90,0,0
BRDA:754,90,1,0
BRDA:755,91,0,0
BRDA:755,91,1,0
BRDA:780,92,0,0
BRDA:780,92,1,0
BRDA:791,93,0,0
BRDA:791,93,1,0
BRDA:797,94,0,0
BRDA:797,94,1,0
BRDA:806,95,0,0
BRDA:806,95,1,0
BRDA:824,96,0,0
BRDA:824,96,1,0
BRDA:830,97,0,0
BRDA:830,97,1,0
BRDA:840,98,0,0
BRDA:840,98,1,0
BRDA:858,99,0,0
BRDA:858,99,1,0
BRDA:867,100,0,0
BRDA:867,100,1,0
BRDA:878,101,0,0
BRDA:878,101,1,0
BRDA:891,102,0,0
BRDA:891,102,1,0
BRDA:909,103,0,0
BRDA:909,103,1,0
BRDA:922,104,0,0
BRDA:922,104,1,0
BRDA:927,105,0,0
BRDA:927,105,1,0
BRDA:949,106,0,0
BRDA:949,106,1,0
BRDA:953,107,0,0
BRDA:953,107,1,0
BRDA:976,108,0,0
BRDA:976,108,1,0
BRDA:981,109,0,0
BRDA:981,109,1,0
BRDA:994,110,0,0
BRDA:994,110,1,0
BRDA:994,111,0,0
BRDA:994,111,1,0
BRDA:1009,112,0,0
BRDA:1009,112,1,0
BRDA:1017,113,0,0
BRDA:1017,113,1,0
BRDA:1031,114,0,0
BRDA:1031,114,1,0
BRDA:1037,115,0,0
BRDA:1037,115,1,0
BRDA:1061,116,0,0
BRDA:1061,116,1,0
BRDA:1097,117,0,0
BRDA:1097,117,1,0
BRDA:1098,118,0,0
BRDA:1098,118,1,0
BRDA:1099,119,0,0
BRDA:1099,119,1,0
BRDA:1100,120,0,0
BRDA:1100,120,1,0
BRDA:1101,121,0,0
BRDA:1101,121,1,0
BRDA:1128,122,0,0
BRDA:1128,122,1,0
BRDA:1139,123,0,0
BRDA:1139,123,1,0
BRDA:1139,124,0,0
BRDA:1139,124,1,0
BRDA:1143,125,0,0
BRDA:1143,125,1,0
BRDA:1149,126,0,0
BRDA:1149,126,1,0
BRDA:1150,127,0,0
BRDA:1150,127,1,0
BRDA:1152,128,0,0
BRDA:1152,128,1,0
BRDA:1153,129,0,0
BRDA:1153,129,1,0
BRDA:1155,130,0,0
BRDA:1155,130,1,0
BRDA:1157,131,0,0
BRDA:1157,131,1,0
BRDA:1159,132,0,0
BRDA:1159,132,1,0
BRDA:1167,133,0,0
BRDA:1167,133,1,0
BRDA:1172,134,0,0
BRDA:1172,134,1,0
BRDA:1179,135,0,0
BRDA:1179,135,1,0
BRDA:1191,136,0,0
BRDA:1191,136,1,0
BRDA:1191,137,0,0
BRDA:1191,137,1,0
BRF:273
BRH:0
end_of_record
TN:
SF:src\services\favoritesApi.ts
FN:8,(anonymous_0)
FN:19,(anonymous_1)
FN:30,(anonymous_2)
FN:41,(anonymous_3)
FN:52,(anonymous_4)
FN:63,(anonymous_5)
FNF:6
FNH:0
FNDA:0,(anonymous_0)
FNDA:0,(anonymous_1)
FNDA:0,(anonymous_2)
FNDA:0,(anonymous_3)
FNDA:0,(anonymous_4)
FNDA:0,(anonymous_5)
DA:9,0
DA:10,0
DA:12,0
DA:20,0
DA:21,0
DA:23,0
DA:31,0
DA:32,0
DA:34,0
DA:42,0
DA:43,0
DA:45,0
DA:53,0
DA:54,0
DA:56,0
DA:64,0
DA:65,0
DA:66,0
DA:68,0
LF:19
LH:0
BRF:0
BRH:0
end_of_record
TN:
SF:src\services\ratingsApi.ts
FN:14,(anonymous_0)
FN:43,(anonymous_1)
FN:106,(anonymous_2)
FN:117,(anonymous_3)
FN:136,(anonymous_4)
FN:156,(anonymous_5)
FNF:6
FNH:0
FNDA:0,(anonymous_0)
FNDA:0,(anonymous_1)
FNDA:0,(anonymous_2)
FNDA:0,(anonymous_3)
FNDA:0,(anonymous_4)
FNDA:0,(anonymous_5)
DA:15,0
DA:18,0
DA:19,0
DA:21,0
DA:28,0
DA:29,0
DA:31,0
DA:33,0
DA:36,0
DA:38,0
DA:47,0
DA:50,0
DA:51,0
DA:54,0
DA:60,0
DA:61,0
DA:65,0
DA:72,0
DA:74,0
DA:82,0
DA:85,0
DA:93,0
DA:97,0
DA:99,0
DA:101,0
DA:109,0
DA:110,0
DA:115,0
DA:117,0
DA:118,0
DA:121,0
DA:137,0
DA:138,0
DA:153,0
DA:156,0
DA:165,0
LF:36
LH:0
BRDA:19,0,0,0
BRDA:19,0,1,0
BRDA:28,1,0,0
BRDA:28,1,1,0
BRDA:29,2,0,0
BRDA:29,2,1,0
BRDA:36,3,0,0
BRDA:36,3,1,0
BRDA:51,4,0,0
BRDA:51,4,1,0
BRDA:60,5,0,0
BRDA:60,5,1,0
BRDA:72,6,0,0
BRDA:72,6,1,0
BRDA:82,7,0,0
BRDA:82,7,1,0
BRDA:93,8,0,0
BRDA:93,8,1,0
BRDA:115,9,0,0
BRDA:115,9,1,0
BRDA:115,10,0,0
BRDA:115,10,1,0
BRDA:153,11,0,0
BRDA:153,11,1,0
BRDA:156,12,0,0
BRDA:156,12,1,0
BRF:26
BRH:0
end_of_record
TN:
SF:src\services\reviewsApi.ts
FN:15,(anonymous_0)
FN:65,(anonymous_1)
FN:125,(anonymous_2)
FN:165,(anonymous_3)
FN:168,(anonymous_4)
FN:199,(anonymous_5)
FN:205,(anonymous_6)
FN:218,(anonymous_7)
FN:234,(anonymous_8)
FNF:9
FNH:0
FNDA:0,(anonymous_0)
FNDA:0,(anonymous_1)
FNDA:0,(anonymous_2)
FNDA:0,(anonymous_3)
FNDA:0,(anonymous_4)
FNDA:0,(anonymous_5)
FNDA:0,(anonymous_6)
FNDA:0,(anonymous_7)
FNDA:0,(anonymous_8)
DA:16,0
DA:19,0
DA:20,0
DA:23,0
DA:24,0
DA:31,0
DA:32,0
DA:34,0
DA:36,0
DA:39,0
DA:42,0
DA:43,0
DA:50,0
DA:51,0
DA:54,0
DA:56,0
DA:60,0
DA:69,0
DA:72,0
DA:73,0
DA:76,0
DA:82,0
DA:83,0
DA:87,0
DA:94,0
DA:96,0
DA:104,0
DA:107,0
DA:115,0
DA:118,0
DA:120,0
DA:126,0
DA:128,0
DA:129,0
DA:131,0
DA:132,0
DA:138,0
DA:139,0
DA:142,0
DA:143,0
DA:148,0
DA:149,0
DA:151,0
DA:155,0
DA:156,0
DA:159,0
DA:160,0
DA:163,0
DA:165,0
DA:167,0
DA:168,0
DA:180,0
DA:181,0
DA:182,0
DA:187,0
DA:190,0
DA:197,0
DA:198,0
DA:199,0
DA:200,0
DA:205,0
DA:218,0
DA:229,0
DA:235,0
DA:238,0
DA:239,0
DA:241,0
DA:247,0
DA:249,0
DA:251,0
LF:70
LH:0
BRDA:20,0,0,0
BRDA:20,0,1,0
BRDA:31,1,0,0
BRDA:31,1,1,0
BRDA:32,2,0,0
BRDA:32,2,1,0
BRDA:39,3,0,0
BRDA:39,3,1,0
BRDA:50,4,0,0
BRDA:50,4,1,0
BRDA:54,5,0,0
BRDA:54,5,1,0
BRDA:54,6,0,0
BRDA:54,6,1,0
BRDA:73,7,0,0
BRDA:73,7,1,0
BRDA:82,8,0,0
BRDA:82,8,1,0
BRDA:94,9,0,0
BRDA:94,9,1,0
BRDA:104,10,0,0
BRDA:104,10,1,0
BRDA:115,11,0,0
BRDA:115,11,1,0
BRDA:138,12,0,0
BRDA:138,12,1,0
BRDA:148,13,0,0
BRDA:148,13,1,0
BRDA:155,14,0,0
BRDA:155,14,1,0
BRDA:159,15,0,0
BRDA:159,15,1,0
BRDA:159,16,0,0
BRDA:159,16,1,0
BRDA:167,17,0,0
BRDA:167,17,1,0
BRDA:187,18,0,0
BRDA:187,18,1,0
BRDA:190,19,0,0
BRDA:190,19,1,0
BRDA:198,20,0,0
BRDA:198,20,1,0
BRDA:213,21,0,0
BRDA:213,21,1,0
BRDA:239,22,0,0
BRDA:239,22,1,0
BRDA:247,23,0,0
BRDA:247,23,1,0
BRF:48
BRH:0
end_of_record
TN:
SF:src\services\suggestionsService.ts
FN:17,(anonymous_0)
FN:24,(anonymous_1)
FN:29,(anonymous_2)
FN:34,(anonymous_3)
FN:41,(anonymous_4)
FN:52,(anonymous_5)
FN:56,(anonymous_6)
FN:65,(anonymous_7)
FN:66,(anonymous_8)
FN:69,(anonymous_9)
FN:71,(anonymous_10)
FN:80,(anonymous_11)
FN:81,(anonymous_12)
FN:84,(anonymous_13)
FN:86,(anonymous_14)
FN:95,(anonymous_15)
FN:99,(anonymous_16)
FN:109,(anonymous_17)
FN:110,(anonymous_18)
FN:121,(anonymous_19)
FN:132,(anonymous_20)
FN:136,(anonymous_21)
FN:145,(anonymous_22)
FN:146,(anonymous_23)
FN:149,(anonymous_24)
FN:151,(anonymous_25)
FN:160,(anonymous_26)
FN:164,(anonymous_27)
FN:174,(anonymous_28)
FN:175,(anonymous_29)
FN:186,(anonymous_30)
FN:197,(anonymous_31)
FN:205,(anonymous_32)
FN:207,(anonymous_33)
FN:222,(anonymous_34)
FN:237,(anonymous_35)
FNF:36
FNH:0
FNDA:0,(anonymous_0)
FNDA:0,(anonymous_1)
FNDA:0,(anonymous_2)
FNDA:0,(anonymous_3)
FNDA:0,(anonymous_4)
FNDA:0,(anonymous_5)
FNDA:0,(anonymous_6)
FNDA:0,(anonymous_7)
FNDA:0,(anonymous_8)
FNDA:0,(anonymous_9)
FNDA:0,(anonymous_10)
FNDA:0,(anonymous_11)
FNDA:0,(anonymous_12)
FNDA:0,(anonymous_13)
FNDA:0,(anonymous_14)
FNDA:0,(anonymous_15)
FNDA:0,(anonymous_16)
FNDA:0,(anonymous_17)
FNDA:0,(anonymous_18)
FNDA:0,(anonymous_19)
FNDA:0,(anonymous_20)
FNDA:0,(anonymous_21)
FNDA:0,(anonymous_22)
FNDA:0,(anonymous_23)
FNDA:0,(anonymous_24)
FNDA:0,(anonymous_25)
FNDA:0,(anonymous_26)
FNDA:0,(anonymous_27)
FNDA:0,(anonymous_28)
FNDA:0,(anonymous_29)
FNDA:0,(anonymous_30)
FNDA:0,(anonymous_31)
FNDA:0,(anonymous_32)
FNDA:0,(anonymous_33)
FNDA:0,(anonymous_34)
FNDA:0,(anonymous_35)
DA:13,0
DA:14,0
DA:15,0
DA:18,0
DA:19,0
DA:21,0
DA:25,0
DA:26,0
DA:30,0
DA:31,0
DA:35,0
DA:36,0
DA:38,0
DA:42,0
DA:43,0
DA:44,0
DA:46,0
DA:47,0
DA:48,0
DA:51,0
DA:53,0
DA:56,0
DA:64,0
DA:65,0
DA:67,0
DA:69,0
DA:71,0
DA:79,0
DA:80,0
DA:82,0
DA:84,0
DA:86,0
DA:94,0
DA:96,0
DA:99,0
DA:106,0
DA:109,0
DA:110,0
DA:113,0
DA:114,0
DA:116,0
DA:117,0
DA:122,0
DA:123,0
DA:124,0
DA:126,0
DA:127,0
DA:128,0
DA:131,0
DA:133,0
DA:136,0
DA:144,0
DA:145,0
DA:147,0
DA:149,0
DA:151,0
DA:159,0
DA:161,0
DA:164,0
DA:171,0
DA:174,0
DA:175,0
DA:178,0
DA:179,0
DA:181,0
DA:182,0
DA:187,0
DA:188,0
DA:189,0
DA:191,0
DA:192,0
DA:193,0
DA:196,0
DA:197,0
DA:198,0
DA:199,0
DA:204,0
DA:205,0
DA:207,0
DA:214,0
DA:215,0
DA:217,0
DA:218,0
DA:223,0
DA:225,0
DA:227,0
DA:229,0
DA:231,0
DA:233,0
DA:238,0
DA:239,0
DA:243,0
LF:92
LH:0
BRDA:18,0,0,0
BRDA:18,0,1,0
BRDA:26,1,0,0
BRDA:26,1,1,0
BRDA:35,2,0,0
BRDA:35,2,1,0
BRDA:44,3,0,0
BRDA:44,3,1,0
BRDA:65,4,0,0
BRDA:65,4,1,0
BRDA:80,5,0,0
BRDA:80,5,1,0
BRDA:124,6,0,0
BRDA:124,6,1,0
BRDA:138,7,0,0
BRDA:138,7,1,0
BRDA:145,8,0,0
BRDA:145,8,1,0
BRDA:166,9,0,0
BRDA:166,9,1,0
BRDA:189,10,0,0
BRDA:189,10,1,0
BRDA:198,11,0,0
BRDA:198,11,1,0
BRDA:223,12,0,0
BRDA:223,12,1,0
BRDA:225,13,0,0
BRDA:225,13,1,0
BRDA:225,13,2,0
BRDA:225,13,3,0
BRF:30
BRH:0
end_of_record
TN:
SF:src\services\supabase.ts
FNF:0
FNH:0
DA:4,0
DA:5,0
DA:8,0
DA:9,0
DA:14,0
LF:5
LH:0
BRDA:8,0,0,0
BRDA:8,0,1,0
BRDA:8,1,0,0
BRDA:8,1,1,0
BRF:4
BRH:0
end_of_record
TN:
SF:src\types\Creation.ts
FNF:0
FNH:0
DA:55,0
LF:1
LH:0
BRF:0
BRH:0
end_of_record
TN:
SF:src\types\Navigation.ts
FNF:0
FNH:0
LF:0
LH:0
BRF:0
BRH:0
end_of_record
TN:
SF:src\types\User.ts
FN:49,(anonymous_0)
FNF:1
FNH:0
FNDA:0,(anonymous_0)
DA:49,0
DA:50,0
LF:2
LH:0
BRDA:52,0,0,0
BRDA:52,0,1,0
BRF:2
BRH:0
end_of_record
TN:
SF:src\utils\accessibilityConfig.ts
FN:15,(anonymous_0)
FN:26,(anonymous_1)
FN:33,(anonymous_2)
FN:42,(anonymous_3)
FN:55,(anonymous_4)
FN:75,(anonymous_5)
FN:82,(anonymous_6)
FN:94,(anonymous_7)
FN:105,(anonymous_8)
FN:115,(anonymous_9)
FN:125,(anonymous_10)
FN:137,(anonymous_11)
FN:138,(anonymous_12)
FN:141,(anonymous_13)
FNF:14
FNH:0
FNDA:0,(anonymous_0)
FNDA:0,(anonymous_1)
FNDA:0,(anonymous_2)
FNDA:0,(anonymous_3)
FNDA:0,(anonymous_4)
FNDA:0,(anonymous_5)
FNDA:0,(anonymous_6)
FNDA:0,(anonymous_7)
FNDA:0,(anonymous_8)
FNDA:0,(anonymous_9)
FNDA:0,(anonymous_10)
FNDA:0,(anonymous_11)
FNDA:0,(anonymous_12)
FNDA:0,(anonymous_13)
DA:10,0
DA:16,0
DA:17,0
DA:19,0
DA:27,0
DA:34,0
DA:38,0
DA:39,0
DA:40,0
DA:42,0
DA:43,0
DA:44,0
DA:50,0
DA:52,0
DA:55,0
DA:56,0
DA:57,0
DA:63,0
DA:65,0
DA:69,0
DA:76,0
DA:83,0
DA:95,0
DA:106,0
DA:116,0
DA:126,0
DA:137,0
DA:138,0
DA:139,0
DA:141,0
LF:30
LH:0
BRDA:34,0,0,0
BRDA:34,0,1,0
BRDA:38,1,0,0
BRDA:38,1,1,0
BRDA:38,2,0,0
BRDA:38,2,1,0
BRDA:43,3,0,0
BRDA:43,3,1,0
BRDA:44,4,0,0
BRDA:44,4,1,0
BRDA:45,5,0,0
BRDA:45,5,1,0
BRDA:45,5,2,0
BRDA:56,6,0,0
BRDA:56,6,1,0
BRDA:57,7,0,0
BRDA:57,7,1,0
BRDA:58,8,0,0
BRDA:58,8,1,0
BRDA:58,8,2,0
BRDA:87,9,0,0
BRDA:87,9,1,0
BRDA:98,10,0,0
BRDA:98,10,1,0
BRDA:115,11,0,0
BRDA:127,12,0,0
BRDA:127,12,1,0
BRDA:128,13,0,0
BRDA:128,13,1,0
BRDA:129,14,0,0
BRDA:129,14,1,0
BRF:31
BRH:0
end_of_record
TN:
SF:src\utils\colors.ts
FNF:0
FNH:0
DA:2,0
LF:1
LH:0
BRF:0
BRH:0
end_of_record
TN:
SF:src\utils\commonStyles.ts
FNF:0
FNH:0
DA:5,0
DA:82,0
DA:132,0
DA:194,0
DA:222,0
DA:247,0
DA:262,0
LF:7
LH:0
BRF:0
BRH:0
end_of_record
TN:
SF:src\utils\emailConfirmationHandler.ts
FN:6,(anonymous_0)
FN:9,(anonymous_1)
FN:12,(anonymous_2)
FN:32,(anonymous_3)
FN:39,(anonymous_4)
FN:64,(anonymous_5)
FNF:6
FNH:0
FNDA:0,(anonymous_0)
FNDA:0,(anonymous_1)
FNDA:0,(anonymous_2)
FNDA:0,(anonymous_3)
FNDA:0,(anonymous_4)
FNDA:0,(anonymous_5)
DA:6,0
DA:7,0
DA:9,0
DA:11,0
DA:15,0
DA:17,0
DA:18,0
DA:19,0
DA:22,0
DA:23,0
DA:32,0
DA:33,0
DA:39,0
DA:40,0
DA:43,0
DA:45,0
DA:47,0
DA:48,0
DA:49,0
DA:51,0
DA:52,0
DA:53,0
DA:57,0
DA:59,0
DA:64,0
DA:68,0
DA:70,0
DA:71,0
DA:72,0
DA:74,0
DA:76,0
DA:81,0
DA:82,0
DA:85,0
DA:87,0
DA:88,0
DA:92,0
DA:94,0
LF:38
LH:0
BRDA:15,0,0,0
BRDA:15,0,1,0
BRDA:15,1,0,0
BRDA:15,1,1,0
BRDA:22,2,0,0
BRDA:22,2,1,0
BRDA:45,3,0,0
BRDA:45,3,1,0
BRDA:45,4,0,0
BRDA:45,4,1,0
BRDA:51,5,0,0
BRDA:51,5,1,0
BRDA:74,6,0,0
BRDA:74,6,1,0
BRDA:74,7,0,0
BRDA:74,7,1,0
BRDA:81,8,0,0
BRDA:81,8,1,0
BRDA:85,9,0,0
BRDA:85,9,1,0
BRDA:85,10,0,0
BRDA:85,10,1,0
BRF:22
BRH:0
end_of_record
TN:
SF:src\utils\passwordResetHandler.ts
FN:6,(anonymous_0)
FN:9,(anonymous_1)
FN:12,(anonymous_2)
FN:20,(anonymous_3)
FN:26,(anonymous_4)
FN:55,(anonymous_5)
FNF:6
FNH:0
FNDA:0,(anonymous_0)
FNDA:0,(anonymous_1)
FNDA:0,(anonymous_2)
FNDA:0,(anonymous_3)
FNDA:0,(anonymous_4)
FNDA:0,(anonymous_5)
DA:6,0
DA:7,0
DA:9,0
DA:11,0
DA:14,0
DA:15,0
DA:20,0
DA:21,0
DA:26,0
DA:27,0
DA:29,0
DA:30,0
DA:31,0
DA:33,0
DA:34,0
DA:38,0
DA:43,0
DA:44,0
DA:48,0
DA:55,0
DA:56,0
DA:59,0
DA:63,0
DA:65,0
LF:24
LH:0
BRDA:14,0,0,0
BRDA:14,0,1,0
BRDA:14,1,0,0
BRDA:14,1,1,0
BRDA:33,2,0,0
BRDA:33,2,1,0
BRDA:33,3,0,0
BRDA:33,3,1,0
BRDA:43,4,0,0
BRDA:43,4,1,0
BRDA:63,5,0,0
BRDA:63,5,1,0
BRF:12
BRH:0
end_of_record
TN:
SF:src\utils\timeUtils.ts
FN:6,(anonymous_0)
FN:48,(anonymous_1)
FN:61,(anonymous_2)
FN:74,(anonymous_3)
FN:87,(anonymous_4)
FN:126,(anonymous_5)
FNF:6
FNH:0
FNDA:0,(anonymous_0)
FNDA:0,(anonymous_1)
FNDA:0,(anonymous_2)
FNDA:0,(anonymous_3)
FNDA:0,(anonymous_4)
FNDA:0,(anonymous_5)
DA:6,0
DA:12,0
DA:13,0
DA:17,0
DA:18,0
DA:19,0
DA:20,0
DA:21,0
DA:24,0
DA:26,0
DA:35,0
DA:40,0
DA:48,0
DA:49,0
DA:61,0
DA:62,0
DA:74,0
DA:75,0
DA:77,0
DA:78,0
DA:87,0
DA:88,0
DA:89,0
DA:92,0
DA:93,0
DA:96,0
DA:97,0
DA:98,0
DA:99,0
DA:100,0
DA:101,0
DA:102,0
DA:103,0
DA:105,0
DA:106,0
DA:107,0
DA:108,0
DA:109,0
DA:110,0
DA:111,0
DA:112,0
DA:113,0
DA:114,0
DA:115,0
DA:116,0
DA:118,0
DA:121,0
DA:126,0
DA:127,0
LF:49
LH:0
BRDA:18,0,0,0
BRDA:18,0,1,0
BRDA:75,1,0,0
BRDA:75,1,1,0
BRDA:75,2,0,0
BRDA:75,2,1,0
BRDA:79,3,0,0
BRDA:79,3,1,0
BRDA:79,3,2,0
BRDA:79,3,3,0
BRDA:92,4,0,0
BRDA:92,4,1,0
BRDA:105,5,0,0
BRDA:105,5,1,0
BRDA:107,6,0,0
BRDA:107,6,1,0
BRDA:108,7,0,0
BRDA:108,7,1,0
BRDA:109,8,0,0
BRDA:109,8,1,0
BRDA:110,9,0,0
BRDA:110,9,1,0
BRDA:111,10,0,0
BRDA:111,10,1,0
BRDA:112,11,0,0
BRDA:112,11,1,0
BRDA:113,12,0,0
BRDA:113,12,1,0
BRDA:114,13,0,0
BRDA:114,13,1,0
BRDA:115,14,0,0
BRDA:115,14,1,0
BRDA:118,15,0,0
BRDA:118,15,1,0
BRF:34
BRH:0
end_of_record
TN:
SF:src\utils\userUtils.ts
FN:8,(anonymous_0)
FN:12,(anonymous_1)
FN:16,(anonymous_2)
FN:20,(anonymous_3)
FN:24,(anonymous_4)
FN:29,(anonymous_5)
FN:33,(anonymous_6)
FN:48,(anonymous_7)
FN:59,(anonymous_8)
FN:66,(anonymous_9)
FN:96,(anonymous_10)
FN:130,(anonymous_11)
FNF:12
FNH:0
FNDA:0,(anonymous_0)
FNDA:0,(anonymous_1)
FNDA:0,(anonymous_2)
FNDA:0,(anonymous_3)
FNDA:0,(anonymous_4)
FNDA:0,(anonymous_5)
FNDA:0,(anonymous_6)
FNDA:0,(anonymous_7)
FNDA:0,(anonymous_8)
FNDA:0,(anonymous_9)
FNDA:0,(anonymous_10)
FNDA:0,(anonymous_11)
DA:8,0
DA:9,0
DA:12,0
DA:13,0
DA:16,0
DA:17,0
DA:20,0
DA:21,0
DA:24,0
DA:25,0
DA:29,0
DA:30,0
DA:33,0
DA:34,0
DA:36,0
DA:37,0
DA:38,0
DA:41,0
DA:42,0
DA:45,0
DA:48,0
DA:49,0
DA:51,0
DA:52,0
DA:55,0
DA:59,0
DA:66,0
DA:69,0
DA:71,0
DA:72,0
DA:75,0
DA:76,0
DA:79,0
DA:80,0
DA:83,0
DA:84,0
DA:88,0
DA:89,0
DA:92,0
DA:96,0
DA:97,0
DA:99,0
DA:100,0
DA:101,0
DA:102,0
DA:105,0
DA:106,0
DA:109,0
DA:110,0
DA:114,0
DA:115,0
DA:118,0
DA:130,0
DA:131,0
DA:132,0
DA:141,0
LF:56
LH:0
BRDA:25,0,0,0
BRDA:25,0,1,0
BRDA:34,1,0,0
BRDA:34,1,1,0
BRDA:37,2,0,0
BRDA:37,2,1,0
BRDA:41,3,0,0
BRDA:41,3,1,0
BRDA:41,4,0,0
BRDA:41,4,1,0
BRDA:45,5,0,0
BRDA:45,5,1,0
BRDA:45,5,2,0
BRDA:49,6,0,0
BRDA:49,6,1,0
BRDA:51,7,0,0
BRDA:51,7,1,0
BRDA:51,8,0,0
BRDA:51,8,1,0
BRDA:55,9,0,0
BRDA:55,9,1,0
BRDA:55,9,2,0
BRDA:71,10,0,0
BRDA:71,10,1,0
BRDA:75,11,0,0
BRDA:75,11,1,0
BRDA:79,12,0,0
BRDA:79,12,1,0
BRDA:79,13,0,0
BRDA:79,13,1,0
BRDA:83,14,0,0
BRDA:83,14,1,0
BRDA:88,15,0,0
BRDA:88,15,1,0
BRDA:88,16,0,0
BRDA:88,16,1,0
BRDA:99,17,0,0
BRDA:99,17,1,0
BRDA:101,18,0,0
BRDA:101,18,1,0
BRDA:105,19,0,0
BRDA:105,19,1,0
BRDA:109,20,0,0
BRDA:109,20,1,0
BRDA:114,21,0,0
BRDA:114,21,1,0
BRDA:114,22,0,0
BRDA:114,22,1,0
BRDA:131,23,0,0
BRDA:131,23,1,0
BRDA:146,24,0,0
BRDA:146,24,1,0
BRF:52
BRH:0
end_of_record
